Using pre-set license
Built from '2021.3/staging' branch; Version is '2021.3.16f1 (4016570cf34f) revision 4200023'; Using compiler version '192829333'; Build Type 'Release'
OS: 'Windows 11  (10.0.22621) 64bit Professional' Language: 'en' Physical Memory: 16222 MB
BatchMode: 1, IsHumanControllingUs: 0, StartBugReporterOnCrash: 0, Is64bit: 1, IsPro: 1

COMMAND LINE ARGUMENTS:
D:\UnityEditor\2021.3.16f1\Editor\Unity.exe
-adb2
-batchMode
-noUpm
-name
AssetImportWorker3
-projectPath
D:/GameProject/BalonGameDilara
-logFile
Logs/AssetImportWorker3.log
-srvPort
57723
Successfully changed project path to: D:/GameProject/BalonGameDilara
D:/GameProject/BalonGameDilara
[UnityMemory] Configuration Parameters - Can be set up in boot.config
    "memorysetup-bucket-allocator-granularity=16"
    "memorysetup-bucket-allocator-bucket-count=8"
    "memorysetup-bucket-allocator-block-size=33554432"
    "memorysetup-bucket-allocator-block-count=8"
    "memorysetup-main-allocator-block-size=16777216"
    "memorysetup-thread-allocator-block-size=16777216"
    "memorysetup-gfx-main-allocator-block-size=16777216"
    "memorysetup-gfx-thread-allocator-block-size=16777216"
    "memorysetup-cache-allocator-block-size=4194304"
    "memorysetup-typetree-allocator-block-size=2097152"
    "memorysetup-profiler-bucket-allocator-granularity=16"
    "memorysetup-profiler-bucket-allocator-bucket-count=8"
    "memorysetup-profiler-bucket-allocator-block-size=33554432"
    "memorysetup-profiler-bucket-allocator-block-count=8"
    "memorysetup-profiler-allocator-block-size=16777216"
    "memorysetup-profiler-editor-allocator-block-size=1048576"
    "memorysetup-temp-allocator-size-main=16777216"
    "memorysetup-job-temp-allocator-block-size=2097152"
    "memorysetup-job-temp-allocator-block-size-background=1048576"
    "memorysetup-job-temp-allocator-reduction-small-platforms=262144"
    "memorysetup-temp-allocator-size-background-worker=32768"
    "memorysetup-temp-allocator-size-job-worker=262144"
    "memorysetup-temp-allocator-size-preload-manager=33554432"
    "memorysetup-temp-allocator-size-nav-mesh-worker=65536"
    "memorysetup-temp-allocator-size-audio-worker=65536"
    "memorysetup-temp-allocator-size-cloud-worker=32768"
    "memorysetup-temp-allocator-size-gi-baking-worker=262144"
    "memorysetup-temp-allocator-size-gfx=262144"
Player connection [26508] Host "[IP] 10.22.175.20 [Port] 0 [Flags] 2 [Guid] 1792292143 [EditorId] 1792292143 [Version] 1048832 [Id] WindowsEditor(7,Umitcan-PC) [Debug] 1 [PackageName] WindowsEditor [ProjectName] Editor" joined multi-casting on [225.0.0.222:54997]...

Player connection [26508] Host "[IP] 10.22.175.20 [Port] 0 [Flags] 2 [Guid] 1792292143 [EditorId] 1792292143 [Version] 1048832 [Id] WindowsEditor(7,Umitcan-PC) [Debug] 1 [PackageName] WindowsEditor [ProjectName] Editor" joined alternative multi-casting on [225.0.0.222:34997]...

Refreshing native plugins compatible for Editor in 204.97 ms, found 4 plugins.
Preloading 0 native plugins for Editor in 0.00 ms.
Initialize engine version: 2021.3.16f1 (4016570cf34f)
[Subsystems] Discovering subsystems at path D:/UnityEditor/2021.3.16f1/Editor/Data/Resources/UnitySubsystems
[Subsystems] Discovering subsystems at path D:/GameProject/BalonGameDilara/Assets
GfxDevice: creating device client; threaded=0; jobified=0
Direct3D:
    Version:  Direct3D 11.0 [level 11.1]
    Renderer: NVIDIA GeForce GTX 1650 (ID=0x1f99)
    Vendor:   NVIDIA
    VRAM:     3950 MB
    Driver:   31.0.15.3168
Initialize mono
Mono path[0] = 'D:/UnityEditor/2021.3.16f1/Editor/Data/Managed'
Mono path[1] = 'D:/UnityEditor/2021.3.16f1/Editor/Data/MonoBleedingEdge/lib/mono/unityjit-win32'
Mono config path = 'D:/UnityEditor/2021.3.16f1/Editor/Data/MonoBleedingEdge/etc'
Using monoOptions --debugger-agent=transport=dt_socket,embedding=1,server=y,suspend=n,address=127.0.0.1:56756
Begin MonoManager ReloadAssembly
Registering precompiled unity dll's ...
Register platform support module: D:/UnityEditor/2021.3.16f1/Editor/Data/PlaybackEngines/AndroidPlayer/UnityEditor.Android.Extensions.dll
Register platform support module: D:/UnityEditor/2021.3.16f1/Editor/Data/PlaybackEngines/iOSSupport/UnityEditor.iOS.Extensions.dll
Register platform support module: D:/UnityEditor/2021.3.16f1/Editor/Data/PlaybackEngines/WindowsStandaloneSupport/UnityEditor.WindowsStandalone.Extensions.dll
Registered in 0.003322 seconds.
Native extension for WindowsStandalone target not found
[usbmuxd] Start listen thread
[usbmuxd] Listen thread started
[usbmuxd] Send listen message
Native extension for iOS target not found
Native extension for Android target not found
Refreshing native plugins compatible for Editor in 159.53 ms, found 4 plugins.
Preloading 0 native plugins for Editor in 0.00 ms.
Mono: successfully reloaded assembly
- Completed reload, in  0.885 seconds
Domain Reload Profiling:
	ReloadAssembly (885ms)
		BeginReloadAssembly (84ms)
			ExecutionOrderSort (0ms)
			DisableScriptedObjects (0ms)
			BackupInstance (0ms)
			ReleaseScriptingObjects (0ms)
			CreateAndSetChildDomain (1ms)
		EndReloadAssembly (657ms)
			LoadAssemblies (85ms)
			RebuildTransferFunctionScriptingTraits (0ms)
			SetupTypeCache (148ms)
			ReleaseScriptCaches (0ms)
			RebuildScriptCaches (36ms)
			SetupLoadedEditorAssemblies (412ms)
				LogAssemblyErrors (0ms)
				InitializePlatformSupportModulesInManaged (79ms)
				SetLoadedEditorAssemblies (0ms)
				RefreshPlugins (160ms)
				BeforeProcessingInitializeOnLoad (2ms)
				ProcessInitializeOnLoadAttributes (120ms)
				ProcessInitializeOnLoadMethodAttributes (52ms)
				AfterProcessingInitializeOnLoad (0ms)
				EditorAssembliesLoaded (0ms)
			ExecutionOrderSort2 (0ms)
			AwakeInstancesAfterBackupRestoration (0ms)
Platform modules already initialized, skipping
Registering precompiled user dll's ...
Registered in 0.006577 seconds.
Begin MonoManager ReloadAssembly
Symbol file LoadedFromMemory doesn't match image D:\GameProject\BalonGameDilara\Library\PackageCache\com.unity.visualscripting@1.8.0\Editor\VisualScripting.Core\Dependencies\DotNetZip\Unity.VisualScripting.IonicZip.dll
Symbol file LoadedFromMemory doesn't match image D:\GameProject\BalonGameDilara\Library\PackageCache\com.unity.visualscripting@1.8.0\Editor\VisualScripting.Core\Dependencies\YamlDotNet\Unity.VisualScripting.YamlDotNet.dll
Native extension for WindowsStandalone target not found
Native extension for iOS target not found
Native extension for Android target not found
Refreshing native plugins compatible for Editor in 150.54 ms, found 4 plugins.
Preloading 0 native plugins for Editor in 0.00 ms.
Mono: successfully reloaded assembly
- Completed reload, in  1.653 seconds
Domain Reload Profiling:
	ReloadAssembly (1654ms)
		BeginReloadAssembly (231ms)
			ExecutionOrderSort (0ms)
			DisableScriptedObjects (11ms)
			BackupInstance (0ms)
			ReleaseScriptingObjects (0ms)
			CreateAndSetChildDomain (129ms)
		EndReloadAssembly (1293ms)
			LoadAssemblies (100ms)
			RebuildTransferFunctionScriptingTraits (0ms)
			SetupTypeCache (333ms)
			ReleaseScriptCaches (1ms)
			RebuildScriptCaches (74ms)
			SetupLoadedEditorAssemblies (727ms)
				LogAssemblyErrors (0ms)
				InitializePlatformSupportModulesInManaged (25ms)
				SetLoadedEditorAssemblies (0ms)
				RefreshPlugins (151ms)
				BeforeProcessingInitializeOnLoad (111ms)
				ProcessInitializeOnLoadAttributes (273ms)
				ProcessInitializeOnLoadMethodAttributes (165ms)
				AfterProcessingInitializeOnLoad (3ms)
				EditorAssembliesLoaded (0ms)
			ExecutionOrderSort2 (0ms)
			AwakeInstancesAfterBackupRestoration (8ms)
Platform modules already initialized, skipping
========================================================================
Worker process is ready to serve import requests
Launched and connected shader compiler UnityShaderCompiler.exe after 0.05 seconds
Refreshing native plugins compatible for Editor in 1.42 ms, found 4 plugins.
Preloading 0 native plugins for Editor in 0.00 ms.
Unloading 4539 Unused Serialized files (Serialized files now loaded: 0)
Unloading 71 unused Assets / (230.5 KB). Loaded Objects now: 4968.
Memory consumption went from 164.1 MB to 163.9 MB.
Total: 8.339700 ms (FindLiveObjects: 0.453100 ms CreateObjectMapping: 0.420300 ms MarkObjects: 7.229100 ms  DeleteObjects: 0.235500 ms)

AssetImportParameters requested are different than current active one (requested -> active):
  custom:video-decoder-ogg-theora: a1e56fd34408186e4bbccfd4996cb3dc -> 
  custom:container-muxer-webm: aa71ff27fc2769a1b78a27578f13a17b -> 
  custom:container-demuxer-webm: 4f35f7cbe854078d1ac9338744f61a02 -> 
  custom:video-encoder-webm-vp8: eb34c28f22e8b96e1ab97ce403110664 -> 
  custom:audio-encoder-webm-vorbis: bf7c407c2cedff20999df2af8eb42d56 -> 
  custom:framework-win-MediaFoundation: 216162199b28c13a410421893ffa2e32 -> 
  custom:container-demuxer-ogg: 62fdf1f143b41e24485cea50d1cbac27 -> 
  custom:video-decoder-webm-vp8: 9c59270c3fd7afecdb556c50c9e8de78 -> 
  custom:audio-decoder-ogg-vorbis: bf7c407c2cedff20999df2af8eb42d56 -> 
========================================================================
Received Import Request.
  Time since last request: 235940.215427 seconds.
  path: Assets/TıleMaps/Pink2_42.asset
  artifactKey: Guid(99841cfaa01ae594f817ceeabfe65696) Importer(815301076,1909f56bfc062723c751e8b465ee728b)
Start importing Assets/TıleMaps/Pink2_42.asset using Guid(99841cfaa01ae594f817ceeabfe65696) Importer(815301076,1909f56bfc062723c751e8b465ee728b)  -> (artifact id: 'd84d8ae2fdfcca0c0aa1b8c1317c6c75') in 0.111469 seconds 
========================================================================
Received Import Request.
  Time since last request: 0.000034 seconds.
  path: Assets/TıleMaps/Pink2_60.asset
  artifactKey: Guid(5e9a3c45445edfa42b510268f62e0a10) Importer(815301076,1909f56bfc062723c751e8b465ee728b)
Start importing Assets/TıleMaps/Pink2_60.asset using Guid(5e9a3c45445edfa42b510268f62e0a10) Importer(815301076,1909f56bfc062723c751e8b465ee728b)  -> (artifact id: '4c33ff779276c3ebdf676fe70a85b626') in 0.206493 seconds 
========================================================================
Received Import Request.
  Time since last request: 0.000028 seconds.
  path: Assets/TıleMaps/PixelManPink_15.asset
  artifactKey: Guid(4c0c4ef8d10914440a1feb7297a3447c) Importer(815301076,1909f56bfc062723c751e8b465ee728b)
Start importing Assets/TıleMaps/PixelManPink_15.asset using Guid(4c0c4ef8d10914440a1feb7297a3447c) Importer(815301076,1909f56bfc062723c751e8b465ee728b)  -> (artifact id: 'a1b9fa506c8f729a61de8581ee50b9af') in 0.011051 seconds 
========================================================================
Received Import Request.
  Time since last request: 0.000060 seconds.
  path: Assets/TıleMaps/PixelManPink_9.asset
  artifactKey: Guid(22ffd294224bc4c4d91b04c5f6d48d0d) Importer(815301076,1909f56bfc062723c751e8b465ee728b)
Start importing Assets/TıleMaps/PixelManPink_9.asset using Guid(22ffd294224bc4c4d91b04c5f6d48d0d) Importer(815301076,1909f56bfc062723c751e8b465ee728b)  -> (artifact id: 'b2eddb441bc53490f24be64f03bffb2d') in 0.012524 seconds 
========================================================================
Received Import Request.
  Time since last request: 0.000024 seconds.
  path: Assets/TıleMaps/Pink2_52.asset
  artifactKey: Guid(bc416ef9b0be76e41b3a45b0d4649fff) Importer(815301076,1909f56bfc062723c751e8b465ee728b)
Start importing Assets/TıleMaps/Pink2_52.asset using Guid(bc416ef9b0be76e41b3a45b0d4649fff) Importer(815301076,1909f56bfc062723c751e8b465ee728b)  -> (artifact id: '65ec015637bb9eaca4400d89a2c968c2') in 0.014187 seconds 
========================================================================
Received Import Request.
  Time since last request: 0.000035 seconds.
  path: Assets/TıleMaps/Pink2_59.asset
  artifactKey: Guid(15597151fb0d59c4cb2b00f16df4046e) Importer(815301076,1909f56bfc062723c751e8b465ee728b)
Start importing Assets/TıleMaps/Pink2_59.asset using Guid(15597151fb0d59c4cb2b00f16df4046e) Importer(815301076,1909f56bfc062723c751e8b465ee728b)  -> (artifact id: 'dff9873badcd8685ae9d3b9ae9718106') in 0.013324 seconds 
========================================================================
Received Import Request.
  Time since last request: 0.000023 seconds.
  path: Assets/TıleMaps/PixelManPink_1.asset
  artifactKey: Guid(6c647669ccc85d344b93e94ef5ff344e) Importer(815301076,1909f56bfc062723c751e8b465ee728b)
Start importing Assets/TıleMaps/PixelManPink_1.asset using Guid(6c647669ccc85d344b93e94ef5ff344e) Importer(815301076,1909f56bfc062723c751e8b465ee728b)  -> (artifact id: '43d5a8a8e4d2a527e05292fca80d2a5d') in 0.011840 seconds 
========================================================================
Received Import Request.
  Time since last request: 0.000043 seconds.
  path: Assets/TıleMaps/PixelManPink_23.asset
  artifactKey: Guid(01d2fe3dd5acaa4408123b4c43256367) Importer(815301076,1909f56bfc062723c751e8b465ee728b)
Start importing Assets/TıleMaps/PixelManPink_23.asset using Guid(01d2fe3dd5acaa4408123b4c43256367) Importer(815301076,1909f56bfc062723c751e8b465ee728b)  -> (artifact id: '3f049b26bb7f1cb45be88fe17803b493') in 0.010087 seconds 
========================================================================
Received Import Request.
  Time since last request: 0.000021 seconds.
  path: Assets/TıleMaps/Pink2_57.asset
  artifactKey: Guid(52ef279b17f64964ca815631eda5a624) Importer(815301076,1909f56bfc062723c751e8b465ee728b)
Start importing Assets/TıleMaps/Pink2_57.asset using Guid(52ef279b17f64964ca815631eda5a624) Importer(815301076,1909f56bfc062723c751e8b465ee728b)  -> (artifact id: '27149654f45e4a1db380c002d241f9ff') in 0.017540 seconds 
========================================================================
Received Import Request.
  Time since last request: 0.000069 seconds.
  path: Assets/TıleMaps/PixelManPink_6.asset
  artifactKey: Guid(c00ff363cf882ba419d41a2289e5d293) Importer(815301076,1909f56bfc062723c751e8b465ee728b)
Start importing Assets/TıleMaps/PixelManPink_6.asset using Guid(c00ff363cf882ba419d41a2289e5d293) Importer(815301076,1909f56bfc062723c751e8b465ee728b)  -> (artifact id: '2676844afa90f048e9f77ab3bdfe5c26') in 0.020221 seconds 
========================================================================
Received Import Request.
  Time since last request: 0.000027 seconds.
  path: Assets/TıleMaps/Pink2_56.asset
  artifactKey: Guid(f119747dc25c2614c97386a370d68c34) Importer(815301076,1909f56bfc062723c751e8b465ee728b)
Start importing Assets/TıleMaps/Pink2_56.asset using Guid(f119747dc25c2614c97386a370d68c34) Importer(815301076,1909f56bfc062723c751e8b465ee728b)  -> (artifact id: '16712c33c74d3a165baa9dfbd3888989') in 0.013971 seconds 
========================================================================
Received Import Request.
  Time since last request: 0.000027 seconds.
  path: Assets/TıleMaps/PixelManPink_20.asset
  artifactKey: Guid(39463d79b03af8d46bf226f3154157e2) Importer(815301076,1909f56bfc062723c751e8b465ee728b)
Start importing Assets/TıleMaps/PixelManPink_20.asset using Guid(39463d79b03af8d46bf226f3154157e2) Importer(815301076,1909f56bfc062723c751e8b465ee728b)  -> (artifact id: '81537e692a5cd433548c9ca3ea766ba0') in 0.013037 seconds 
========================================================================
Received Import Request.
  Time since last request: 0.000023 seconds.
  path: Assets/TıleMaps/Pink2_63.asset
  artifactKey: Guid(b52715a390810234e80af49ab711e6ae) Importer(815301076,1909f56bfc062723c751e8b465ee728b)
Start importing Assets/TıleMaps/Pink2_63.asset using Guid(b52715a390810234e80af49ab711e6ae) Importer(815301076,1909f56bfc062723c751e8b465ee728b)  -> (artifact id: '7a4fab3960c798d0ff3430522d8747d6') in 0.015736 seconds 
========================================================================
Received Import Request.
  Time since last request: 0.000029 seconds.
  path: Assets/TıleMaps/PixelManPink_14.asset
  artifactKey: Guid(7d20b6d3428f6294fb407268cabb768c) Importer(815301076,1909f56bfc062723c751e8b465ee728b)
Start importing Assets/TıleMaps/PixelManPink_14.asset using Guid(7d20b6d3428f6294fb407268cabb768c) Importer(815301076,1909f56bfc062723c751e8b465ee728b)  -> (artifact id: 'f4f16343e9fff9360a24fdf61fa1ddb4') in 0.012958 seconds 
========================================================================
Received Import Request.
  Time since last request: 0.000038 seconds.
  path: Assets/TıleMaps/PixelManPink_26.asset
  artifactKey: Guid(c6260269f488b9e4caed5902e26ee5d8) Importer(815301076,1909f56bfc062723c751e8b465ee728b)
Start importing Assets/TıleMaps/PixelManPink_26.asset using Guid(c6260269f488b9e4caed5902e26ee5d8) Importer(815301076,1909f56bfc062723c751e8b465ee728b)  -> (artifact id: 'cf66ee6e0ff05d608fdcd1d099b65fdf') in 0.013690 seconds 
========================================================================
Received Import Request.
  Time since last request: 0.000026 seconds.
  path: Assets/TıleMaps/PixelManPink_17.asset
  artifactKey: Guid(ba1ed13487be8c441a81fd5c683a85b4) Importer(815301076,1909f56bfc062723c751e8b465ee728b)
Start importing Assets/TıleMaps/PixelManPink_17.asset using Guid(ba1ed13487be8c441a81fd5c683a85b4) Importer(815301076,1909f56bfc062723c751e8b465ee728b)  -> (artifact id: 'ca218d3dbf245f762bf6b4e6d37ad1f6') in 0.014133 seconds 
========================================================================
Received Import Request.
  Time since last request: 0.000020 seconds.
  path: Assets/TıleMaps/PixelManPink_2.asset
  artifactKey: Guid(5c3b13ecd548fcc4dbb04934cefaa058) Importer(815301076,1909f56bfc062723c751e8b465ee728b)
Start importing Assets/TıleMaps/PixelManPink_2.asset using Guid(5c3b13ecd548fcc4dbb04934cefaa058) Importer(815301076,1909f56bfc062723c751e8b465ee728b)  -> (artifact id: 'cd1b84b28cdf8b0a5bb1d551a1bca18f') in 0.012846 seconds 
========================================================================
Received Import Request.
  Time since last request: 0.000027 seconds.
  path: Assets/TıleMaps/PixelManPink_12.asset
  artifactKey: Guid(c55f5d21498b58141904ac1ba53a40e5) Importer(815301076,1909f56bfc062723c751e8b465ee728b)
Start importing Assets/TıleMaps/PixelManPink_12.asset using Guid(c55f5d21498b58141904ac1ba53a40e5) Importer(815301076,1909f56bfc062723c751e8b465ee728b)  -> (artifact id: 'd0c80f27ba6a526303c38fb38efe6a04') in 0.014522 seconds 
========================================================================
Received Import Request.
  Time since last request: 0.000026 seconds.
  path: Assets/TıleMaps/PixelManPink_21.asset
  artifactKey: Guid(88072c84ff8b5ad428b038edb7ca99fa) Importer(815301076,1909f56bfc062723c751e8b465ee728b)
Start importing Assets/TıleMaps/PixelManPink_21.asset using Guid(88072c84ff8b5ad428b038edb7ca99fa) Importer(815301076,1909f56bfc062723c751e8b465ee728b)  -> (artifact id: '985e203fb5818034430475009d2d5541') in 0.014058 seconds 
========================================================================
Received Import Request.
  Time since last request: 0.000105 seconds.
  path: Assets/TıleMaps/PixelManPink_13.asset
  artifactKey: Guid(4ff5c2d62748211499eee99c6e13092c) Importer(815301076,1909f56bfc062723c751e8b465ee728b)
Start importing Assets/TıleMaps/PixelManPink_13.asset using Guid(4ff5c2d62748211499eee99c6e13092c) Importer(815301076,1909f56bfc062723c751e8b465ee728b)  -> (artifact id: '533b7bc3ba13e4785b9ff47a6fc5e549') in 0.014412 seconds 
========================================================================
Received Import Request.
  Time since last request: 0.000081 seconds.
  path: Assets/TıleMaps/Pink2_55.asset
  artifactKey: Guid(fba6ff18bd360d94293626db8cd6d5eb) Importer(815301076,1909f56bfc062723c751e8b465ee728b)
Start importing Assets/TıleMaps/Pink2_55.asset using Guid(fba6ff18bd360d94293626db8cd6d5eb) Importer(815301076,1909f56bfc062723c751e8b465ee728b)  -> (artifact id: 'bdd11be0228802676b58c0ed9e5c4fa0') in 0.018211 seconds 
========================================================================
Received Import Request.
  Time since last request: 0.000034 seconds.
  path: Assets/TıleMaps/Pink2_53.asset
  artifactKey: Guid(c74fd253a706f3e4fa3884cebcdc7f25) Importer(815301076,1909f56bfc062723c751e8b465ee728b)
Start importing Assets/TıleMaps/Pink2_53.asset using Guid(c74fd253a706f3e4fa3884cebcdc7f25) Importer(815301076,1909f56bfc062723c751e8b465ee728b)  -> (artifact id: 'dc44fef225fd35d24f8acb3e040f6f43') in 0.017865 seconds 
========================================================================
Received Import Request.
  Time since last request: 0.000032 seconds.
  path: Assets/TıleMaps/PixelManPink_16.asset
  artifactKey: Guid(5b9bf96852cfa3a46b414bf309c78edb) Importer(815301076,1909f56bfc062723c751e8b465ee728b)
Start importing Assets/TıleMaps/PixelManPink_16.asset using Guid(5b9bf96852cfa3a46b414bf309c78edb) Importer(815301076,1909f56bfc062723c751e8b465ee728b)  -> (artifact id: '8290f79e0000a820e47f5f61dcead096') in 0.009794 seconds 
========================================================================
Received Import Request.
  Time since last request: 0.000067 seconds.
  path: Assets/TıleMaps/PixelManPink_7.asset
  artifactKey: Guid(14c9ed350e9ed334d9ef989da80d4407) Importer(815301076,1909f56bfc062723c751e8b465ee728b)
Start importing Assets/TıleMaps/PixelManPink_7.asset using Guid(14c9ed350e9ed334d9ef989da80d4407) Importer(815301076,1909f56bfc062723c751e8b465ee728b)  -> (artifact id: 'fd8073a8e02a595746895e685047ebbc') in 0.010329 seconds 
========================================================================
Received Import Request.
  Time since last request: 0.000041 seconds.
  path: Assets/TıleMaps/PixelManPink_3.asset
  artifactKey: Guid(9e72b8a792fe2d54da02fbc890205946) Importer(815301076,1909f56bfc062723c751e8b465ee728b)
Start importing Assets/TıleMaps/PixelManPink_3.asset using Guid(9e72b8a792fe2d54da02fbc890205946) Importer(815301076,1909f56bfc062723c751e8b465ee728b)  -> (artifact id: '457a1508a56744dbf9851eef2d2513c0') in 0.011401 seconds 
========================================================================
Received Import Request.
  Time since last request: 0.000035 seconds.
  path: Assets/TıleMaps/Pink2_44.asset
  artifactKey: Guid(dd56a807dbdf0ba42ab2d8348f443394) Importer(815301076,1909f56bfc062723c751e8b465ee728b)
Start importing Assets/TıleMaps/Pink2_44.asset using Guid(dd56a807dbdf0ba42ab2d8348f443394) Importer(815301076,1909f56bfc062723c751e8b465ee728b)  -> (artifact id: '3503b99b56c193f2a63ff211e293fc7e') in 0.012711 seconds 
========================================================================
Received Import Request.
  Time since last request: 0.000023 seconds.
  path: Assets/TıleMaps/PixelManPink_8.asset
  artifactKey: Guid(858aa202230e3744fbb7f0ab1e647006) Importer(815301076,1909f56bfc062723c751e8b465ee728b)
Start importing Assets/TıleMaps/PixelManPink_8.asset using Guid(858aa202230e3744fbb7f0ab1e647006) Importer(815301076,1909f56bfc062723c751e8b465ee728b)  -> (artifact id: 'b8b685b237e6fa7997a5a2bdf886fc4d') in 0.014306 seconds 
========================================================================
Received Import Request.
  Time since last request: 0.000031 seconds.
  path: Assets/TıleMaps/Pink2_49.asset
  artifactKey: Guid(5a2aac082d4772642a043ed8e698aeaa) Importer(815301076,1909f56bfc062723c751e8b465ee728b)
Start importing Assets/TıleMaps/Pink2_49.asset using Guid(5a2aac082d4772642a043ed8e698aeaa) Importer(815301076,1909f56bfc062723c751e8b465ee728b)  -> (artifact id: '711e17a247f393834051ef97948285c2') in 0.015337 seconds 
========================================================================
Received Import Request.
  Time since last request: 0.000023 seconds.
  path: Assets/TıleMaps/PixelManPink_4.asset
  artifactKey: Guid(257cb1a5f03a52148bf68875a490da77) Importer(815301076,1909f56bfc062723c751e8b465ee728b)
Start importing Assets/TıleMaps/PixelManPink_4.asset using Guid(257cb1a5f03a52148bf68875a490da77) Importer(815301076,1909f56bfc062723c751e8b465ee728b)  -> (artifact id: 'efbbe28a8e311aeea281507b46b07bea') in 0.012057 seconds 
========================================================================
Received Import Request.
  Time since last request: 6.388786 seconds.
  path: Assets/Pixelmen/PixelManPlatforms_41.asset
  artifactKey: Guid(0d6a6103d22c63a4c95611828139cf83) Importer(815301076,1909f56bfc062723c751e8b465ee728b)
Start importing Assets/Pixelmen/PixelManPlatforms_41.asset using Guid(0d6a6103d22c63a4c95611828139cf83) Importer(815301076,1909f56bfc062723c751e8b465ee728b)  -> (artifact id: 'a43d8d1c1670b13ebe4132bc4e61cefc') in 0.016473 seconds 
========================================================================
Received Import Request.
  Time since last request: 0.000031 seconds.
  path: Assets/Pixelmen/PixelManPlatforms_45.asset
  artifactKey: Guid(07e40adc52a49d04ea37170f8033a922) Importer(815301076,1909f56bfc062723c751e8b465ee728b)
Start importing Assets/Pixelmen/PixelManPlatforms_45.asset using Guid(07e40adc52a49d04ea37170f8033a922) Importer(815301076,1909f56bfc062723c751e8b465ee728b)  -> (artifact id: 'a706e019cc5d45cf1d7645b444ba0862') in 0.017206 seconds 
========================================================================
Received Import Request.
  Time since last request: 0.000037 seconds.
  path: Assets/Pixelmen/PixelManPlatforms_49.asset
  artifactKey: Guid(7767f064cd256634b89fac3081235cb6) Importer(815301076,1909f56bfc062723c751e8b465ee728b)
Start importing Assets/Pixelmen/PixelManPlatforms_49.asset using Guid(7767f064cd256634b89fac3081235cb6) Importer(815301076,1909f56bfc062723c751e8b465ee728b)  -> (artifact id: '323624e6c0310cc270a243c7c5b2fb69') in 0.019010 seconds 
========================================================================
Received Import Request.
  Time since last request: 0.000065 seconds.
  path: Assets/Pixelmen/PixelManPlatforms_62.asset
  artifactKey: Guid(97462bc9b10194343b24469f3986755a) Importer(815301076,1909f56bfc062723c751e8b465ee728b)
Start importing Assets/Pixelmen/PixelManPlatforms_62.asset using Guid(97462bc9b10194343b24469f3986755a) Importer(815301076,1909f56bfc062723c751e8b465ee728b)  -> (artifact id: 'ba5d92cac9512b7abf3edb8c049c78f3') in 0.016863 seconds 
========================================================================
Received Import Request.
  Time since last request: 0.000073 seconds.
  path: Assets/Pixelmen/PixelManPlatforms_43.asset
  artifactKey: Guid(8785fc6bea10c504ba79e4e76113a953) Importer(815301076,1909f56bfc062723c751e8b465ee728b)
Start importing Assets/Pixelmen/PixelManPlatforms_43.asset using Guid(8785fc6bea10c504ba79e4e76113a953) Importer(815301076,1909f56bfc062723c751e8b465ee728b)  -> (artifact id: '0ae5660a846a6ee1212e5b3552e0cadd') in 0.018965 seconds 
========================================================================
Received Import Request.
  Time since last request: 0.000033 seconds.
  path: Assets/Pixelmen/PixelManPlatforms_48.asset
  artifactKey: Guid(9894801b2bd0b1442a194152a8955d49) Importer(815301076,1909f56bfc062723c751e8b465ee728b)
Start importing Assets/Pixelmen/PixelManPlatforms_48.asset using Guid(9894801b2bd0b1442a194152a8955d49) Importer(815301076,1909f56bfc062723c751e8b465ee728b)  -> (artifact id: '8999f4dcc3259c21e5ea91fccc0bc764') in 0.018675 seconds 
========================================================================
Received Import Request.
  Time since last request: 0.000031 seconds.
  path: Assets/Pixelmen/PixelManPlatforms_47.asset
  artifactKey: Guid(ba204a025a972dd4fb20a7987a638e58) Importer(815301076,1909f56bfc062723c751e8b465ee728b)
Start importing Assets/Pixelmen/PixelManPlatforms_47.asset using Guid(ba204a025a972dd4fb20a7987a638e58) Importer(815301076,1909f56bfc062723c751e8b465ee728b)  -> (artifact id: '6041ca8032eae3634745c0cdbcb30d12') in 0.023171 seconds 
========================================================================
Received Import Request.
  Time since last request: 0.000040 seconds.
  path: Assets/Pixelmen/UIB.png
  artifactKey: Guid(2f1b7fdd1bb8c2543b5d508029da6337) Importer(815301076,1909f56bfc062723c751e8b465ee728b)
Start importing Assets/Pixelmen/UIB.png using Guid(2f1b7fdd1bb8c2543b5d508029da6337) Importer(815301076,1909f56bfc062723c751e8b465ee728b)  -> (artifact id: 'b0c5a2a34d08544f47f812ba03506154') in 0.119476 seconds 
========================================================================
Received Import Request.
  Time since last request: 1.551066 seconds.
  path: Assets/Pixelmen/PixelManPlatforms_31.asset
  artifactKey: Guid(dd402459fd6218742b85b741424e86cb) Importer(815301076,1909f56bfc062723c751e8b465ee728b)
Start importing Assets/Pixelmen/PixelManPlatforms_31.asset using Guid(dd402459fd6218742b85b741424e86cb) Importer(815301076,1909f56bfc062723c751e8b465ee728b)  -> (artifact id: '0a83c020c4abd74a3b1133505fb5c57a') in 0.295590 seconds 
========================================================================
Received Import Request.
  Time since last request: 0.000031 seconds.
  path: Assets/Pixelmen/PixelManPlatforms_11.asset
  artifactKey: Guid(1cb87da40f7da114fb49e883870b1412) Importer(815301076,1909f56bfc062723c751e8b465ee728b)
Start importing Assets/Pixelmen/PixelManPlatforms_11.asset using Guid(1cb87da40f7da114fb49e883870b1412) Importer(815301076,1909f56bfc062723c751e8b465ee728b)  -> (artifact id: 'a804fcdfd1605c058bdf1754f572e5af') in 0.013856 seconds 
========================================================================
Received Import Request.
  Time since last request: 0.000038 seconds.
  path: Assets/Pixelmen/PixelManPlatforms_27.asset
  artifactKey: Guid(226cd64937987de4eaa6e5baf1e59780) Importer(815301076,1909f56bfc062723c751e8b465ee728b)
Start importing Assets/Pixelmen/PixelManPlatforms_27.asset using Guid(226cd64937987de4eaa6e5baf1e59780) Importer(815301076,1909f56bfc062723c751e8b465ee728b)  -> (artifact id: 'bf22e49985982ac3b69a0e22423e167d') in 0.013422 seconds 
========================================================================
Received Import Request.
  Time since last request: 0.000039 seconds.
  path: Assets/Pixelmen/PixelManPlatforms_24.asset
  artifactKey: Guid(f25afc183b8ade745980d72837cd5e33) Importer(815301076,1909f56bfc062723c751e8b465ee728b)
Start importing Assets/Pixelmen/PixelManPlatforms_24.asset using Guid(f25afc183b8ade745980d72837cd5e33) Importer(815301076,1909f56bfc062723c751e8b465ee728b)  -> (artifact id: '1cee46c42e86a3c9a1a957b3bd411032') in 0.012418 seconds 
========================================================================
Received Import Request.
  Time since last request: 0.000036 seconds.
  path: Assets/Pixelmen/PixelManPlatforms_13.asset
  artifactKey: Guid(70d418c3d0f070e4982487fbf9da3502) Importer(815301076,1909f56bfc062723c751e8b465ee728b)
Start importing Assets/Pixelmen/PixelManPlatforms_13.asset using Guid(70d418c3d0f070e4982487fbf9da3502) Importer(815301076,1909f56bfc062723c751e8b465ee728b)  -> (artifact id: '489a038cf152394f54ce1993e4571442') in 0.017431 seconds 
========================================================================
Received Import Request.
  Time since last request: 0.000080 seconds.
  path: Assets/Pixelmen/PixelManPlatforms_10.asset
  artifactKey: Guid(4cedcc662b4632f4496ea726d1b0e6f0) Importer(815301076,1909f56bfc062723c751e8b465ee728b)
Start importing Assets/Pixelmen/PixelManPlatforms_10.asset using Guid(4cedcc662b4632f4496ea726d1b0e6f0) Importer(815301076,1909f56bfc062723c751e8b465ee728b)  -> (artifact id: '3c69719ae72149ec310517ee3a9f5ddc') in 0.413944 seconds 
========================================================================
Received Import Request.
  Time since last request: 0.220337 seconds.
  path: Assets/Pixelmen/PixelManPlatforms_1.asset
  artifactKey: Guid(c06f038923acdc04587d5802220c6a2f) Importer(815301076,1909f56bfc062723c751e8b465ee728b)
Start importing Assets/Pixelmen/PixelManPlatforms_1.asset using Guid(c06f038923acdc04587d5802220c6a2f) Importer(815301076,1909f56bfc062723c751e8b465ee728b)  -> (artifact id: '9be192ea2182dbd0d13098a62ccafe21') in 0.016886 seconds 
========================================================================
Received Import Request.
  Time since last request: 0.000050 seconds.
  path: Assets/Pixelmen/PixelManPlatforms_8.asset
  artifactKey: Guid(89b13d3fae0516c4f9641674300330bb) Importer(815301076,1909f56bfc062723c751e8b465ee728b)
Start importing Assets/Pixelmen/PixelManPlatforms_8.asset using Guid(89b13d3fae0516c4f9641674300330bb) Importer(815301076,1909f56bfc062723c751e8b465ee728b)  -> (artifact id: 'd71ef022ec4b57d83ae5da1039b01682') in 0.016023 seconds 
========================================================================
Received Import Request.
  Time since last request: 0.000022 seconds.
  path: Assets/Pixelmen/PixelManPlatforms_3.asset
  artifactKey: Guid(98ab1249739199a40ae6f7130cae93eb) Importer(815301076,1909f56bfc062723c751e8b465ee728b)
Start importing Assets/Pixelmen/PixelManPlatforms_3.asset using Guid(98ab1249739199a40ae6f7130cae93eb) Importer(815301076,1909f56bfc062723c751e8b465ee728b)  -> (artifact id: '82dbd097dd53e9ce9ebefe62399956c4') in 0.016732 seconds 
========================================================================
Received Import Request.
  Time since last request: 0.000036 seconds.
  path: Assets/Pixelmen/PixelManPlatforms_2.asset
  artifactKey: Guid(2327efc8755c3e64da4c07d8ea362c79) Importer(815301076,1909f56bfc062723c751e8b465ee728b)
Start importing Assets/Pixelmen/PixelManPlatforms_2.asset using Guid(2327efc8755c3e64da4c07d8ea362c79) Importer(815301076,1909f56bfc062723c751e8b465ee728b)  -> (artifact id: '0d403dbb9cc640a6a266007fb02799f0') in 0.019031 seconds 
========================================================================
Received Import Request.
  Time since last request: 0.000033 seconds.
  path: Assets/Pixelmen/PixelManAnimated.png
  artifactKey: Guid(76e1617ee80b6bc4fa620b3eac81e289) Importer(815301076,1909f56bfc062723c751e8b465ee728b)
Start importing Assets/Pixelmen/PixelManAnimated.png using Guid(76e1617ee80b6bc4fa620b3eac81e289) Importer(815301076,1909f56bfc062723c751e8b465ee728b)  -> (artifact id: 'ee3eb5d022adb1cbc8f4410f3e055c25') in 0.069437 seconds 
========================================================================
Received Import Request.
  Time since last request: 0.000029 seconds.
  path: Assets/Pixelmen/HalloweenSky.png
  artifactKey: Guid(e4f0a00ecce766141a1d9c0a73d7e838) Importer(815301076,1909f56bfc062723c751e8b465ee728b)
Start importing Assets/Pixelmen/HalloweenSky.png using Guid(e4f0a00ecce766141a1d9c0a73d7e838) Importer(815301076,1909f56bfc062723c751e8b465ee728b)  -> (artifact id: 'c9a07f9cca0bc7ef0931c4886a09039d') in 0.043034 seconds 
========================================================================
Received Import Request.
  Time since last request: 0.000042 seconds.
  path: Assets/Pixelmen/PixelManCharacters.png
  artifactKey: Guid(a52230d35676fae4a81ba5738c3e9e32) Importer(815301076,1909f56bfc062723c751e8b465ee728b)
Start importing Assets/Pixelmen/PixelManCharacters.png using Guid(a52230d35676fae4a81ba5738c3e9e32) Importer(815301076,1909f56bfc062723c751e8b465ee728b)  -> (artifact id: '29a120748e7d7894b68285dd0453781f') in 0.326752 seconds 
========================================================================
Received Prepare
Registering precompiled user dll's ...
Registered in 0.008505 seconds.
Begin MonoManager ReloadAssembly
Symbol file LoadedFromMemory doesn't match image D:\GameProject\BalonGameDilara\Library\PackageCache\com.unity.visualscripting@1.8.0\Editor\VisualScripting.Core\Dependencies\DotNetZip\Unity.VisualScripting.IonicZip.dll
Symbol file LoadedFromMemory doesn't match image D:\GameProject\BalonGameDilara\Library\PackageCache\com.unity.visualscripting@1.8.0\Editor\VisualScripting.Core\Dependencies\YamlDotNet\Unity.VisualScripting.YamlDotNet.dll
Native extension for WindowsStandalone target not found
Native extension for iOS target not found
Native extension for Android target not found
Refreshing native plugins compatible for Editor in 2.94 ms, found 4 plugins.
Preloading 0 native plugins for Editor in 0.00 ms.
Mono: successfully reloaded assembly
- Completed reload, in  1.512 seconds
Domain Reload Profiling:
	ReloadAssembly (1513ms)
		BeginReloadAssembly (149ms)
			ExecutionOrderSort (0ms)
			DisableScriptedObjects (7ms)
			BackupInstance (0ms)
			ReleaseScriptingObjects (0ms)
			CreateAndSetChildDomain (52ms)
		EndReloadAssembly (1221ms)
			LoadAssemblies (106ms)
			RebuildTransferFunctionScriptingTraits (0ms)
			SetupTypeCache (333ms)
			ReleaseScriptCaches (2ms)
			RebuildScriptCaches (73ms)
			SetupLoadedEditorAssemblies (625ms)
				LogAssemblyErrors (0ms)
				InitializePlatformSupportModulesInManaged (45ms)
				SetLoadedEditorAssemblies (1ms)
				RefreshPlugins (3ms)
				BeforeProcessingInitializeOnLoad (112ms)
				ProcessInitializeOnLoadAttributes (269ms)
				ProcessInitializeOnLoadMethodAttributes (191ms)
				AfterProcessingInitializeOnLoad (3ms)
				EditorAssembliesLoaded (0ms)
			ExecutionOrderSort2 (0ms)
			AwakeInstancesAfterBackupRestoration (12ms)
Platform modules already initialized, skipping
Refreshing native plugins compatible for Editor in 5.00 ms, found 4 plugins.
Preloading 0 native plugins for Editor in 0.00 ms.
Unloading 4534 Unused Serialized files (Serialized files now loaded: 0)
Unloading 58 unused Assets / (196.7 KB). Loaded Objects now: 4998.
Memory consumption went from 168.5 MB to 168.3 MB.
Total: 8.655200 ms (FindLiveObjects: 0.434300 ms CreateObjectMapping: 0.512600 ms MarkObjects: 7.506500 ms  DeleteObjects: 0.200400 ms)

AssetImportParameters requested are different than current active one (requested -> active):
  custom:video-decoder-ogg-theora: a1e56fd34408186e4bbccfd4996cb3dc -> 
  custom:container-muxer-webm: aa71ff27fc2769a1b78a27578f13a17b -> 
  custom:container-demuxer-webm: 4f35f7cbe854078d1ac9338744f61a02 -> 
  custom:video-encoder-webm-vp8: eb34c28f22e8b96e1ab97ce403110664 -> 
  custom:audio-encoder-webm-vorbis: bf7c407c2cedff20999df2af8eb42d56 -> 
  custom:framework-win-MediaFoundation: 216162199b28c13a410421893ffa2e32 -> 
  custom:container-demuxer-ogg: 62fdf1f143b41e24485cea50d1cbac27 -> 
  custom:video-decoder-webm-vp8: 9c59270c3fd7afecdb556c50c9e8de78 -> 
  custom:audio-decoder-ogg-vorbis: bf7c407c2cedff20999df2af8eb42d56 -> 
========================================================================
Received Import Request.
  Time since last request: 964.204236 seconds.
  path: Assets/Prefabs/AddHealth.prefab
  artifactKey: Guid(736715a83dbd3e34abcb13de5760c518) Importer(815301076,1909f56bfc062723c751e8b465ee728b)
Start importing Assets/Prefabs/AddHealth.prefab using Guid(736715a83dbd3e34abcb13de5760c518) Importer(815301076,1909f56bfc062723c751e8b465ee728b)  -> (artifact id: 'c23a7aca1374a4c59d6344c19fd36fec') in 0.093846 seconds 
========================================================================
Received Import Request.
  Time since last request: 4.690606 seconds.
  path: Assets/Prefabs/RedAcid 1.prefab
  artifactKey: Guid(4960a331ba1a1e447a5449d3c11e58b2) Importer(815301076,1909f56bfc062723c751e8b465ee728b)
Start importing Assets/Prefabs/RedAcid 1.prefab using Guid(4960a331ba1a1e447a5449d3c11e58b2) Importer(815301076,1909f56bfc062723c751e8b465ee728b)  -> (artifact id: '557115ee470de07e0018715fa953084f') in 0.019130 seconds 
========================================================================
Received Prepare
Registering precompiled user dll's ...
Registered in 0.004865 seconds.
Begin MonoManager ReloadAssembly
Symbol file LoadedFromMemory doesn't match image D:\GameProject\BalonGameDilara\Library\PackageCache\com.unity.visualscripting@1.8.0\Editor\VisualScripting.Core\Dependencies\DotNetZip\Unity.VisualScripting.IonicZip.dll
Symbol file LoadedFromMemory doesn't match image D:\GameProject\BalonGameDilara\Library\PackageCache\com.unity.visualscripting@1.8.0\Editor\VisualScripting.Core\Dependencies\YamlDotNet\Unity.VisualScripting.YamlDotNet.dll
Native extension for WindowsStandalone target not found
Native extension for iOS target not found
Native extension for Android target not found
Refreshing native plugins compatible for Editor in 1.46 ms, found 4 plugins.
Preloading 0 native plugins for Editor in 0.00 ms.
Mono: successfully reloaded assembly
- Completed reload, in  1.538 seconds
Domain Reload Profiling:
	ReloadAssembly (1538ms)
		BeginReloadAssembly (134ms)
			ExecutionOrderSort (0ms)
			DisableScriptedObjects (6ms)
			BackupInstance (0ms)
			ReleaseScriptingObjects (0ms)
			CreateAndSetChildDomain (45ms)
		EndReloadAssembly (1268ms)
			LoadAssemblies (104ms)
			RebuildTransferFunctionScriptingTraits (0ms)
			SetupTypeCache (387ms)
			ReleaseScriptCaches (2ms)
			RebuildScriptCaches (75ms)
			SetupLoadedEditorAssemblies (605ms)
				LogAssemblyErrors (0ms)
				InitializePlatformSupportModulesInManaged (43ms)
				SetLoadedEditorAssemblies (1ms)
				RefreshPlugins (2ms)
				BeforeProcessingInitializeOnLoad (97ms)
				ProcessInitializeOnLoadAttributes (266ms)
				ProcessInitializeOnLoadMethodAttributes (195ms)
				AfterProcessingInitializeOnLoad (3ms)
				EditorAssembliesLoaded (0ms)
			ExecutionOrderSort2 (0ms)
			AwakeInstancesAfterBackupRestoration (12ms)
Platform modules already initialized, skipping
Refreshing native plugins compatible for Editor in 5.46 ms, found 4 plugins.
Preloading 0 native plugins for Editor in 0.00 ms.
Unloading 4534 Unused Serialized files (Serialized files now loaded: 0)
Unloading 58 unused Assets / (196.6 KB). Loaded Objects now: 5006.
Memory consumption went from 168.6 MB to 168.4 MB.
Total: 7.183100 ms (FindLiveObjects: 0.340300 ms CreateObjectMapping: 0.373400 ms MarkObjects: 6.284300 ms  DeleteObjects: 0.183400 ms)

AssetImportParameters requested are different than current active one (requested -> active):
  custom:video-decoder-ogg-theora: a1e56fd34408186e4bbccfd4996cb3dc -> 
  custom:container-muxer-webm: aa71ff27fc2769a1b78a27578f13a17b -> 
  custom:container-demuxer-webm: 4f35f7cbe854078d1ac9338744f61a02 -> 
  custom:video-encoder-webm-vp8: eb34c28f22e8b96e1ab97ce403110664 -> 
  custom:audio-encoder-webm-vorbis: bf7c407c2cedff20999df2af8eb42d56 -> 
  custom:framework-win-MediaFoundation: 216162199b28c13a410421893ffa2e32 -> 
  custom:container-demuxer-ogg: 62fdf1f143b41e24485cea50d1cbac27 -> 
  custom:video-decoder-webm-vp8: 9c59270c3fd7afecdb556c50c9e8de78 -> 
  custom:audio-decoder-ogg-vorbis: bf7c407c2cedff20999df2af8eb42d56 -> 
========================================================================
Received Prepare
Registering precompiled user dll's ...
Registered in 0.004978 seconds.
Begin MonoManager ReloadAssembly
Symbol file LoadedFromMemory doesn't match image D:\GameProject\BalonGameDilara\Library\PackageCache\com.unity.visualscripting@1.8.0\Editor\VisualScripting.Core\Dependencies\DotNetZip\Unity.VisualScripting.IonicZip.dll
Symbol file LoadedFromMemory doesn't match image D:\GameProject\BalonGameDilara\Library\PackageCache\com.unity.visualscripting@1.8.0\Editor\VisualScripting.Core\Dependencies\YamlDotNet\Unity.VisualScripting.YamlDotNet.dll
Native extension for WindowsStandalone target not found
Native extension for iOS target not found
Native extension for Android target not found
Refreshing native plugins compatible for Editor in 1.85 ms, found 4 plugins.
Preloading 0 native plugins for Editor in 0.00 ms.
Mono: successfully reloaded assembly
- Completed reload, in  1.486 seconds
Domain Reload Profiling:
	ReloadAssembly (1487ms)
		BeginReloadAssembly (129ms)
			ExecutionOrderSort (0ms)
			DisableScriptedObjects (7ms)
			BackupInstance (0ms)
			ReleaseScriptingObjects (0ms)
			CreateAndSetChildDomain (43ms)
		EndReloadAssembly (1223ms)
			LoadAssemblies (94ms)
			RebuildTransferFunctionScriptingTraits (0ms)
			SetupTypeCache (385ms)
			ReleaseScriptCaches (2ms)
			RebuildScriptCaches (65ms)
			SetupLoadedEditorAssemblies (581ms)
				LogAssemblyErrors (0ms)
				InitializePlatformSupportModulesInManaged (36ms)
				SetLoadedEditorAssemblies (1ms)
				RefreshPlugins (2ms)
				BeforeProcessingInitializeOnLoad (92ms)
				ProcessInitializeOnLoadAttributes (260ms)
				ProcessInitializeOnLoadMethodAttributes (187ms)
				AfterProcessingInitializeOnLoad (3ms)
				EditorAssembliesLoaded (0ms)
			ExecutionOrderSort2 (0ms)
			AwakeInstancesAfterBackupRestoration (13ms)
Platform modules already initialized, skipping
Refreshing native plugins compatible for Editor in 6.96 ms, found 4 plugins.
Preloading 0 native plugins for Editor in 0.00 ms.
Unloading 4534 Unused Serialized files (Serialized files now loaded: 0)
Unloading 58 unused Assets / (196.4 KB). Loaded Objects now: 5009.
Memory consumption went from 168.6 MB to 168.4 MB.
Total: 8.002300 ms (FindLiveObjects: 0.517300 ms CreateObjectMapping: 0.531500 ms MarkObjects: 6.755000 ms  DeleteObjects: 0.197200 ms)

AssetImportParameters requested are different than current active one (requested -> active):
  custom:video-decoder-ogg-theora: a1e56fd34408186e4bbccfd4996cb3dc -> 
  custom:container-muxer-webm: aa71ff27fc2769a1b78a27578f13a17b -> 
  custom:container-demuxer-webm: 4f35f7cbe854078d1ac9338744f61a02 -> 
  custom:video-encoder-webm-vp8: eb34c28f22e8b96e1ab97ce403110664 -> 
  custom:audio-encoder-webm-vorbis: bf7c407c2cedff20999df2af8eb42d56 -> 
  custom:framework-win-MediaFoundation: 216162199b28c13a410421893ffa2e32 -> 
  custom:container-demuxer-ogg: 62fdf1f143b41e24485cea50d1cbac27 -> 
  custom:video-decoder-webm-vp8: 9c59270c3fd7afecdb556c50c9e8de78 -> 
  custom:audio-decoder-ogg-vorbis: bf7c407c2cedff20999df2af8eb42d56 -> 
========================================================================
Received Prepare
Registering precompiled user dll's ...
Registered in 0.005028 seconds.
Begin MonoManager ReloadAssembly
Symbol file LoadedFromMemory doesn't match image D:\GameProject\BalonGameDilara\Library\PackageCache\com.unity.visualscripting@1.8.0\Editor\VisualScripting.Core\Dependencies\DotNetZip\Unity.VisualScripting.IonicZip.dll
Symbol file LoadedFromMemory doesn't match image D:\GameProject\BalonGameDilara\Library\PackageCache\com.unity.visualscripting@1.8.0\Editor\VisualScripting.Core\Dependencies\YamlDotNet\Unity.VisualScripting.YamlDotNet.dll
Native extension for WindowsStandalone target not found
Native extension for iOS target not found
Native extension for Android target not found
Refreshing native plugins compatible for Editor in 1.64 ms, found 4 plugins.
Preloading 0 native plugins for Editor in 0.00 ms.
Mono: successfully reloaded assembly
- Completed reload, in  1.542 seconds
Domain Reload Profiling:
	ReloadAssembly (1685ms)
		BeginReloadAssembly (325ms)
			ExecutionOrderSort (0ms)
			DisableScriptedObjects (10ms)
			BackupInstance (0ms)
			ReleaseScriptingObjects (0ms)
			CreateAndSetChildDomain (66ms)
		EndReloadAssembly (1228ms)
			LoadAssemblies (123ms)
			RebuildTransferFunctionScriptingTraits (0ms)
			SetupTypeCache (389ms)
			ReleaseScriptCaches (2ms)
			RebuildScriptCaches (64ms)
			SetupLoadedEditorAssemblies (589ms)
				LogAssemblyErrors (0ms)
				InitializePlatformSupportModulesInManaged (39ms)
				SetLoadedEditorAssemblies (1ms)
				RefreshPlugins (2ms)
				BeforeProcessingInitializeOnLoad (92ms)
				ProcessInitializeOnLoadAttributes (267ms)
				ProcessInitializeOnLoadMethodAttributes (185ms)
				AfterProcessingInitializeOnLoad (4ms)
				EditorAssembliesLoaded (0ms)
			ExecutionOrderSort2 (0ms)
			AwakeInstancesAfterBackupRestoration (13ms)
Platform modules already initialized, skipping
Refreshing native plugins compatible for Editor in 5.71 ms, found 4 plugins.
Preloading 0 native plugins for Editor in 0.00 ms.
Unloading 4534 Unused Serialized files (Serialized files now loaded: 0)
Unloading 58 unused Assets / (196.5 KB). Loaded Objects now: 5012.
Memory consumption went from 168.6 MB to 168.4 MB.
Total: 7.493400 ms (FindLiveObjects: 0.401500 ms CreateObjectMapping: 0.386500 ms MarkObjects: 6.518700 ms  DeleteObjects: 0.185500 ms)

AssetImportParameters requested are different than current active one (requested -> active):
  custom:video-decoder-ogg-theora: a1e56fd34408186e4bbccfd4996cb3dc -> 
  custom:container-muxer-webm: aa71ff27fc2769a1b78a27578f13a17b -> 
  custom:container-demuxer-webm: 4f35f7cbe854078d1ac9338744f61a02 -> 
  custom:video-encoder-webm-vp8: eb34c28f22e8b96e1ab97ce403110664 -> 
  custom:audio-encoder-webm-vorbis: bf7c407c2cedff20999df2af8eb42d56 -> 
  custom:framework-win-MediaFoundation: 216162199b28c13a410421893ffa2e32 -> 
  custom:container-demuxer-ogg: 62fdf1f143b41e24485cea50d1cbac27 -> 
  custom:video-decoder-webm-vp8: 9c59270c3fd7afecdb556c50c9e8de78 -> 
  custom:audio-decoder-ogg-vorbis: bf7c407c2cedff20999df2af8eb42d56 -> 
========================================================================
Received Prepare
Registering precompiled user dll's ...
Registered in 0.006511 seconds.
Begin MonoManager ReloadAssembly
Symbol file LoadedFromMemory doesn't match image D:\GameProject\BalonGameDilara\Library\PackageCache\com.unity.visualscripting@1.8.0\Editor\VisualScripting.Core\Dependencies\DotNetZip\Unity.VisualScripting.IonicZip.dll
Symbol file LoadedFromMemory doesn't match image D:\GameProject\BalonGameDilara\Library\PackageCache\com.unity.visualscripting@1.8.0\Editor\VisualScripting.Core\Dependencies\YamlDotNet\Unity.VisualScripting.YamlDotNet.dll
Native extension for WindowsStandalone target not found
Native extension for iOS target not found
Native extension for Android target not found
Refreshing native plugins compatible for Editor in 1.64 ms, found 4 plugins.
Preloading 0 native plugins for Editor in 0.00 ms.
Mono: successfully reloaded assembly
- Completed reload, in  1.475 seconds
Domain Reload Profiling:
	ReloadAssembly (1476ms)
		BeginReloadAssembly (153ms)
			ExecutionOrderSort (0ms)
			DisableScriptedObjects (10ms)
			BackupInstance (0ms)
			ReleaseScriptingObjects (0ms)
			CreateAndSetChildDomain (43ms)
		EndReloadAssembly (1221ms)
			LoadAssemblies (102ms)
			RebuildTransferFunctionScriptingTraits (0ms)
			SetupTypeCache (370ms)
			ReleaseScriptCaches (2ms)
			RebuildScriptCaches (65ms)
			SetupLoadedEditorAssemblies (614ms)
				LogAssemblyErrors (0ms)
				InitializePlatformSupportModulesInManaged (40ms)
				SetLoadedEditorAssemblies (1ms)
				RefreshPlugins (2ms)
				BeforeProcessingInitializeOnLoad (96ms)
				ProcessInitializeOnLoadAttributes (285ms)
				ProcessInitializeOnLoadMethodAttributes (188ms)
				AfterProcessingInitializeOnLoad (3ms)
				EditorAssembliesLoaded (0ms)
			ExecutionOrderSort2 (0ms)
			AwakeInstancesAfterBackupRestoration (12ms)
Platform modules already initialized, skipping
Refreshing native plugins compatible for Editor in 3.96 ms, found 4 plugins.
Preloading 0 native plugins for Editor in 0.00 ms.
Unloading 4534 Unused Serialized files (Serialized files now loaded: 0)
Unloading 58 unused Assets / (196.4 KB). Loaded Objects now: 5015.
Memory consumption went from 168.6 MB to 168.4 MB.
Total: 6.269500 ms (FindLiveObjects: 0.337800 ms CreateObjectMapping: 0.277000 ms MarkObjects: 5.504400 ms  DeleteObjects: 0.149100 ms)

AssetImportParameters requested are different than current active one (requested -> active):
  custom:video-decoder-ogg-theora: a1e56fd34408186e4bbccfd4996cb3dc -> 
  custom:container-muxer-webm: aa71ff27fc2769a1b78a27578f13a17b -> 
  custom:container-demuxer-webm: 4f35f7cbe854078d1ac9338744f61a02 -> 
  custom:video-encoder-webm-vp8: eb34c28f22e8b96e1ab97ce403110664 -> 
  custom:audio-encoder-webm-vorbis: bf7c407c2cedff20999df2af8eb42d56 -> 
  custom:framework-win-MediaFoundation: 216162199b28c13a410421893ffa2e32 -> 
  custom:container-demuxer-ogg: 62fdf1f143b41e24485cea50d1cbac27 -> 
  custom:video-decoder-webm-vp8: 9c59270c3fd7afecdb556c50c9e8de78 -> 
  custom:audio-decoder-ogg-vorbis: bf7c407c2cedff20999df2af8eb42d56 -> 
========================================================================
Received Import Request.
  Time since last request: 516.591512 seconds.
  path: Assets/Boss/tooth walker yeni.png
  artifactKey: Guid(69f4745e6fb56b94fac4e73c2314a62b) Importer(815301076,1909f56bfc062723c751e8b465ee728b)
Start importing Assets/Boss/tooth walker yeni.png using Guid(69f4745e6fb56b94fac4e73c2314a62b) Importer(815301076,1909f56bfc062723c751e8b465ee728b)  -> (artifact id: '633a49789a1d12ffc4885b67442b2d1a') in 0.134095 seconds 
========================================================================
Received Import Request.
  Time since last request: 4.182530 seconds.
  path: Assets/Gums/Gums (2).png
  artifactKey: Guid(698911314bbe1bd40ad95038733e5fe9) Importer(815301076,1909f56bfc062723c751e8b465ee728b)
Start importing Assets/Gums/Gums (2).png using Guid(698911314bbe1bd40ad95038733e5fe9) Importer(815301076,1909f56bfc062723c751e8b465ee728b)  -> (artifact id: 'd4fa6a0af7ac37604d53c4bdd19c5cd1') in 1.148703 seconds 
========================================================================
Received Import Request.
  Time since last request: 0.000034 seconds.
  path: Assets/Gums/Gums (3).png
  artifactKey: Guid(bea29e02b01685d40990a762a950f6e3) Importer(815301076,1909f56bfc062723c751e8b465ee728b)
Start importing Assets/Gums/Gums (3).png using Guid(bea29e02b01685d40990a762a950f6e3) Importer(815301076,1909f56bfc062723c751e8b465ee728b)  -> (artifact id: '3089e9bf219b16ec61f891bd69cb963a') in 0.044666 seconds 
========================================================================
Received Import Request.
  Time since last request: 0.000054 seconds.
  path: Assets/Gums/Gums (4).png
  artifactKey: Guid(1030c87f1bfcd514b81c0ae2d1db7df9) Importer(815301076,1909f56bfc062723c751e8b465ee728b)
Start importing Assets/Gums/Gums (4).png using Guid(1030c87f1bfcd514b81c0ae2d1db7df9) Importer(815301076,1909f56bfc062723c751e8b465ee728b)  -> (artifact id: 'cd8f5d85926fcab5298188f1d1218e32') in 0.041640 seconds 
========================================================================
Received Import Request.
  Time since last request: 0.000050 seconds.
  path: Assets/Gums/Gums (6).png
  artifactKey: Guid(785927af70fb6dc49a69b62bf2f141a7) Importer(815301076,1909f56bfc062723c751e8b465ee728b)
Start importing Assets/Gums/Gums (6).png using Guid(785927af70fb6dc49a69b62bf2f141a7) Importer(815301076,1909f56bfc062723c751e8b465ee728b)  -> (artifact id: '83580f262fe83d8bed8321c188a3503f') in 7.358977 seconds 
========================================================================
Received Prepare
Registering precompiled user dll's ...
Registered in 0.006274 seconds.
Begin MonoManager ReloadAssembly
Symbol file LoadedFromMemory doesn't match image D:\GameProject\BalonGameDilara\Library\PackageCache\com.unity.visualscripting@1.8.0\Editor\VisualScripting.Core\Dependencies\DotNetZip\Unity.VisualScripting.IonicZip.dll
Symbol file LoadedFromMemory doesn't match image D:\GameProject\BalonGameDilara\Library\PackageCache\com.unity.visualscripting@1.8.0\Editor\VisualScripting.Core\Dependencies\YamlDotNet\Unity.VisualScripting.YamlDotNet.dll
Native extension for WindowsStandalone target not found
Native extension for iOS target not found
Native extension for Android target not found
Refreshing native plugins compatible for Editor in 1.36 ms, found 4 plugins.
Preloading 0 native plugins for Editor in 0.00 ms.
Mono: successfully reloaded assembly
- Completed reload, in  1.498 seconds
Domain Reload Profiling:
	ReloadAssembly (1499ms)
		BeginReloadAssembly (203ms)
			ExecutionOrderSort (0ms)
			DisableScriptedObjects (21ms)
			BackupInstance (0ms)
			ReleaseScriptingObjects (0ms)
			CreateAndSetChildDomain (72ms)
		EndReloadAssembly (1155ms)
			LoadAssemblies (118ms)
			RebuildTransferFunctionScriptingTraits (0ms)
			SetupTypeCache (331ms)
			ReleaseScriptCaches (2ms)
			RebuildScriptCaches (72ms)
			SetupLoadedEditorAssemblies (570ms)
				LogAssemblyErrors (0ms)
				InitializePlatformSupportModulesInManaged (38ms)
				SetLoadedEditorAssemblies (1ms)
				RefreshPlugins (1ms)
				BeforeProcessingInitializeOnLoad (92ms)
				ProcessInitializeOnLoadAttributes (244ms)
				ProcessInitializeOnLoadMethodAttributes (192ms)
				AfterProcessingInitializeOnLoad (2ms)
				EditorAssembliesLoaded (0ms)
			ExecutionOrderSort2 (0ms)
			AwakeInstancesAfterBackupRestoration (13ms)
Platform modules already initialized, skipping
Refreshing native plugins compatible for Editor in 6.81 ms, found 4 plugins.
Preloading 0 native plugins for Editor in 0.00 ms.
Unloading 4534 Unused Serialized files (Serialized files now loaded: 0)
Unloading 58 unused Assets / (196.5 KB). Loaded Objects now: 5333.
Memory consumption went from 169.3 MB to 169.1 MB.
Total: 7.943800 ms (FindLiveObjects: 0.362000 ms CreateObjectMapping: 0.425000 ms MarkObjects: 6.959400 ms  DeleteObjects: 0.196100 ms)

AssetImportParameters requested are different than current active one (requested -> active):
  custom:video-decoder-ogg-theora: a1e56fd34408186e4bbccfd4996cb3dc -> 
  custom:container-muxer-webm: aa71ff27fc2769a1b78a27578f13a17b -> 
  custom:container-demuxer-webm: 4f35f7cbe854078d1ac9338744f61a02 -> 
  custom:video-encoder-webm-vp8: eb34c28f22e8b96e1ab97ce403110664 -> 
  custom:audio-encoder-webm-vorbis: bf7c407c2cedff20999df2af8eb42d56 -> 
  custom:framework-win-MediaFoundation: 216162199b28c13a410421893ffa2e32 -> 
  custom:container-demuxer-ogg: 62fdf1f143b41e24485cea50d1cbac27 -> 
  custom:video-decoder-webm-vp8: 9c59270c3fd7afecdb556c50c9e8de78 -> 
  custom:audio-decoder-ogg-vorbis: bf7c407c2cedff20999df2af8eb42d56 -> 
Editor requested this worker to shutdown with reason: Scaling down because of idle timeout
AssetImportWorker is now disconnected from the server
Process exiting
Exiting without the bug reporter. Application will terminate with return code 0