Using pre-set license
Built from '2021.3/staging' branch; Version is '2021.3.16f1 (4016570cf34f) revision 4200023'; Using compiler version '192829333'; Build Type 'Release'
OS: 'Windows 11  (10.0.22621) 64bit Professional' Language: 'en' Physical Memory: 16222 MB
BatchMode: 1, IsHumanControllingUs: 0, StartBugReporterOnCrash: 0, Is64bit: 1, IsPro: 1

COMMAND LINE ARGUMENTS:
D:\UnityEditor\2021.3.16f1\Editor\Unity.exe
-adb2
-batchMode
-noUpm
-name
AssetImportWorker4
-projectPath
D:/GameProject/BalonGameDilara
-logFile
Logs/AssetImportWorker4.log
-srvPort
57723
Successfully changed project path to: D:/GameProject/BalonGameDilara
D:/GameProject/BalonGameDilara
[UnityMemory] Configuration Parameters - Can be set up in boot.config
    "memorysetup-bucket-allocator-granularity=16"
    "memorysetup-bucket-allocator-bucket-count=8"
    "memorysetup-bucket-allocator-block-size=33554432"
    "memorysetup-bucket-allocator-block-count=8"
    "memorysetup-main-allocator-block-size=16777216"
    "memorysetup-thread-allocator-block-size=16777216"
    "memorysetup-gfx-main-allocator-block-size=16777216"
    "memorysetup-gfx-thread-allocator-block-size=16777216"
    "memorysetup-cache-allocator-block-size=4194304"
    "memorysetup-typetree-allocator-block-size=2097152"
    "memorysetup-profiler-bucket-allocator-granularity=16"
    "memorysetup-profiler-bucket-allocator-bucket-count=8"
    "memorysetup-profiler-bucket-allocator-block-size=33554432"
    "memorysetup-profiler-bucket-allocator-block-count=8"
    "memorysetup-profiler-allocator-block-size=16777216"
    "memorysetup-profiler-editor-allocator-block-size=1048576"
    "memorysetup-temp-allocator-size-main=16777216"
    "memorysetup-job-temp-allocator-block-size=2097152"
    "memorysetup-job-temp-allocator-block-size-background=1048576"
    "memorysetup-job-temp-allocator-reduction-small-platforms=262144"
    "memorysetup-temp-allocator-size-background-worker=32768"
    "memorysetup-temp-allocator-size-job-worker=262144"
    "memorysetup-temp-allocator-size-preload-manager=33554432"
    "memorysetup-temp-allocator-size-nav-mesh-worker=65536"
    "memorysetup-temp-allocator-size-audio-worker=65536"
    "memorysetup-temp-allocator-size-cloud-worker=32768"
    "memorysetup-temp-allocator-size-gi-baking-worker=262144"
    "memorysetup-temp-allocator-size-gfx=262144"
Player connection [25512] Host "[IP] 10.22.175.20 [Port] 0 [Flags] 2 [Guid] 1843799634 [EditorId] 1843799634 [Version] 1048832 [Id] WindowsEditor(7,Umitcan-PC) [Debug] 1 [PackageName] WindowsEditor [ProjectName] Editor" joined multi-casting on [225.0.0.222:54997]...

Player connection [25512] Host "[IP] 10.22.175.20 [Port] 0 [Flags] 2 [Guid] 1843799634 [EditorId] 1843799634 [Version] 1048832 [Id] WindowsEditor(7,Umitcan-PC) [Debug] 1 [PackageName] WindowsEditor [ProjectName] Editor" joined alternative multi-casting on [225.0.0.222:34997]...

Refreshing native plugins compatible for Editor in 171.28 ms, found 4 plugins.
Preloading 0 native plugins for Editor in 0.00 ms.
Initialize engine version: 2021.3.16f1 (4016570cf34f)
[Subsystems] Discovering subsystems at path D:/UnityEditor/2021.3.16f1/Editor/Data/Resources/UnitySubsystems
[Subsystems] Discovering subsystems at path D:/GameProject/BalonGameDilara/Assets
GfxDevice: creating device client; threaded=0; jobified=0
Direct3D:
    Version:  Direct3D 11.0 [level 11.1]
    Renderer: NVIDIA GeForce GTX 1650 (ID=0x1f99)
    Vendor:   NVIDIA
    VRAM:     3950 MB
    Driver:   31.0.15.3168
Initialize mono
Mono path[0] = 'D:/UnityEditor/2021.3.16f1/Editor/Data/Managed'
Mono path[1] = 'D:/UnityEditor/2021.3.16f1/Editor/Data/MonoBleedingEdge/lib/mono/unityjit-win32'
Mono config path = 'D:/UnityEditor/2021.3.16f1/Editor/Data/MonoBleedingEdge/etc'
Using monoOptions --debugger-agent=transport=dt_socket,embedding=1,server=y,suspend=n,address=127.0.0.1:56752
Begin MonoManager ReloadAssembly
Registering precompiled unity dll's ...
Register platform support module: D:/UnityEditor/2021.3.16f1/Editor/Data/PlaybackEngines/AndroidPlayer/UnityEditor.Android.Extensions.dll
Register platform support module: D:/UnityEditor/2021.3.16f1/Editor/Data/PlaybackEngines/iOSSupport/UnityEditor.iOS.Extensions.dll
Register platform support module: D:/UnityEditor/2021.3.16f1/Editor/Data/PlaybackEngines/WindowsStandaloneSupport/UnityEditor.WindowsStandalone.Extensions.dll
Registered in 0.002640 seconds.
Native extension for WindowsStandalone target not found
[usbmuxd] Start listen thread
[usbmuxd] Listen thread started
[usbmuxd] Send listen message
Native extension for iOS target not found
Native extension for Android target not found
Refreshing native plugins compatible for Editor in 158.58 ms, found 4 plugins.
Preloading 0 native plugins for Editor in 0.00 ms.
Mono: successfully reloaded assembly
- Completed reload, in  0.936 seconds
Domain Reload Profiling:
	ReloadAssembly (937ms)
		BeginReloadAssembly (121ms)
			ExecutionOrderSort (0ms)
			DisableScriptedObjects (0ms)
			BackupInstance (0ms)
			ReleaseScriptingObjects (0ms)
			CreateAndSetChildDomain (1ms)
		EndReloadAssembly (660ms)
			LoadAssemblies (121ms)
			RebuildTransferFunctionScriptingTraits (0ms)
			SetupTypeCache (148ms)
			ReleaseScriptCaches (0ms)
			RebuildScriptCaches (40ms)
			SetupLoadedEditorAssemblies (410ms)
				LogAssemblyErrors (0ms)
				InitializePlatformSupportModulesInManaged (79ms)
				SetLoadedEditorAssemblies (0ms)
				RefreshPlugins (159ms)
				BeforeProcessingInitializeOnLoad (1ms)
				ProcessInitializeOnLoadAttributes (120ms)
				ProcessInitializeOnLoadMethodAttributes (50ms)
				AfterProcessingInitializeOnLoad (0ms)
				EditorAssembliesLoaded (0ms)
			ExecutionOrderSort2 (0ms)
			AwakeInstancesAfterBackupRestoration (0ms)
Platform modules already initialized, skipping
Registering precompiled user dll's ...
Registered in 0.005670 seconds.
Begin MonoManager ReloadAssembly
Symbol file LoadedFromMemory doesn't match image D:\GameProject\BalonGameDilara\Library\PackageCache\com.unity.visualscripting@1.8.0\Editor\VisualScripting.Core\Dependencies\DotNetZip\Unity.VisualScripting.IonicZip.dll
Symbol file LoadedFromMemory doesn't match image D:\GameProject\BalonGameDilara\Library\PackageCache\com.unity.visualscripting@1.8.0\Editor\VisualScripting.Core\Dependencies\YamlDotNet\Unity.VisualScripting.YamlDotNet.dll
Native extension for WindowsStandalone target not found
Native extension for iOS target not found
Native extension for Android target not found
Refreshing native plugins compatible for Editor in 149.39 ms, found 4 plugins.
Preloading 0 native plugins for Editor in 0.00 ms.
Mono: successfully reloaded assembly
- Completed reload, in  2.143 seconds
Domain Reload Profiling:
	ReloadAssembly (2144ms)
		BeginReloadAssembly (223ms)
			ExecutionOrderSort (0ms)
			DisableScriptedObjects (6ms)
			BackupInstance (0ms)
			ReleaseScriptingObjects (0ms)
			CreateAndSetChildDomain (125ms)
		EndReloadAssembly (1792ms)
			LoadAssemblies (619ms)
			RebuildTransferFunctionScriptingTraits (0ms)
			SetupTypeCache (317ms)
			ReleaseScriptCaches (1ms)
			RebuildScriptCaches (70ms)
			SetupLoadedEditorAssemblies (727ms)
				LogAssemblyErrors (0ms)
				InitializePlatformSupportModulesInManaged (23ms)
				SetLoadedEditorAssemblies (0ms)
				RefreshPlugins (149ms)
				BeforeProcessingInitializeOnLoad (112ms)
				ProcessInitializeOnLoadAttributes (274ms)
				ProcessInitializeOnLoadMethodAttributes (165ms)
				AfterProcessingInitializeOnLoad (2ms)
				EditorAssembliesLoaded (0ms)
			ExecutionOrderSort2 (0ms)
			AwakeInstancesAfterBackupRestoration (8ms)
Platform modules already initialized, skipping
========================================================================
Worker process is ready to serve import requests
Launched and connected shader compiler UnityShaderCompiler.exe after 0.05 seconds
Refreshing native plugins compatible for Editor in 1.27 ms, found 4 plugins.
Preloading 0 native plugins for Editor in 0.00 ms.
Unloading 4539 Unused Serialized files (Serialized files now loaded: 0)
Unloading 71 unused Assets / (230.5 KB). Loaded Objects now: 4968.
Memory consumption went from 164.1 MB to 163.9 MB.
Total: 7.854400 ms (FindLiveObjects: 0.380100 ms CreateObjectMapping: 0.354300 ms MarkObjects: 6.943700 ms  DeleteObjects: 0.174900 ms)

AssetImportParameters requested are different than current active one (requested -> active):
  custom:video-decoder-ogg-theora: a1e56fd34408186e4bbccfd4996cb3dc -> 
  custom:container-muxer-webm: aa71ff27fc2769a1b78a27578f13a17b -> 
  custom:container-demuxer-webm: 4f35f7cbe854078d1ac9338744f61a02 -> 
  custom:video-encoder-webm-vp8: eb34c28f22e8b96e1ab97ce403110664 -> 
  custom:audio-encoder-webm-vorbis: bf7c407c2cedff20999df2af8eb42d56 -> 
  custom:framework-win-MediaFoundation: 216162199b28c13a410421893ffa2e32 -> 
  custom:container-demuxer-ogg: 62fdf1f143b41e24485cea50d1cbac27 -> 
  custom:video-decoder-webm-vp8: 9c59270c3fd7afecdb556c50c9e8de78 -> 
  custom:audio-decoder-ogg-vorbis: bf7c407c2cedff20999df2af8eb42d56 -> 
========================================================================
Received Import Request.
  Time since last request: 235947.857730 seconds.
  path: Assets/Pixelmen/PixelManPlatforms_39.asset
  artifactKey: Guid(098c518b5a0b07a45a432cfd01e38db3) Importer(815301076,1909f56bfc062723c751e8b465ee728b)
Start importing Assets/Pixelmen/PixelManPlatforms_39.asset using Guid(098c518b5a0b07a45a432cfd01e38db3) Importer(815301076,1909f56bfc062723c751e8b465ee728b)  -> (artifact id: 'a55b4af9c88c388b0357f491864740e7') in 0.102125 seconds 
========================================================================
Received Import Request.
  Time since last request: 0.000045 seconds.
  path: Assets/Pixelmen/PixelManPlatforms_42.asset
  artifactKey: Guid(212c7ac8a2d43cc4d8fcc59bdd96c5d1) Importer(815301076,1909f56bfc062723c751e8b465ee728b)
Start importing Assets/Pixelmen/PixelManPlatforms_42.asset using Guid(212c7ac8a2d43cc4d8fcc59bdd96c5d1) Importer(815301076,1909f56bfc062723c751e8b465ee728b)  -> (artifact id: 'e3950cbdb4071fc0af193f2e58a76548') in 0.019169 seconds 
========================================================================
Received Import Request.
  Time since last request: 0.000045 seconds.
  path: Assets/Pixelmen/PixelManPlatforms_55.asset
  artifactKey: Guid(7fdd6b5d5f95d444e8921dab9d707a66) Importer(815301076,1909f56bfc062723c751e8b465ee728b)
Start importing Assets/Pixelmen/PixelManPlatforms_55.asset using Guid(7fdd6b5d5f95d444e8921dab9d707a66) Importer(815301076,1909f56bfc062723c751e8b465ee728b)  -> (artifact id: 'd76b70b7a149d69c1fa40a9c94e07335') in 0.015749 seconds 
========================================================================
Received Import Request.
  Time since last request: 0.000029 seconds.
  path: Assets/Pixelmen/PixelManPlatforms_59.asset
  artifactKey: Guid(515c3ceab88790c479844e2b2db2d3a7) Importer(815301076,1909f56bfc062723c751e8b465ee728b)
Start importing Assets/Pixelmen/PixelManPlatforms_59.asset using Guid(515c3ceab88790c479844e2b2db2d3a7) Importer(815301076,1909f56bfc062723c751e8b465ee728b)  -> (artifact id: 'a7b02bf62f98558e0db52e437dd1a2b0') in 0.017624 seconds 
========================================================================
Received Import Request.
  Time since last request: 0.000027 seconds.
  path: Assets/Pixelmen/PixelManPlatforms_63.asset
  artifactKey: Guid(38de6d4e9b4b6374297957a2649ce8c6) Importer(815301076,1909f56bfc062723c751e8b465ee728b)
Start importing Assets/Pixelmen/PixelManPlatforms_63.asset using Guid(38de6d4e9b4b6374297957a2649ce8c6) Importer(815301076,1909f56bfc062723c751e8b465ee728b)  -> (artifact id: '8463040168cdc66d72b72f9aa4f8319e') in 0.014335 seconds 
========================================================================
Received Import Request.
  Time since last request: 0.000039 seconds.
  path: Assets/Pixelmen/PixelManPlatforms_52.asset
  artifactKey: Guid(12f16bca1df24c143956bbeda9656f4c) Importer(815301076,1909f56bfc062723c751e8b465ee728b)
Start importing Assets/Pixelmen/PixelManPlatforms_52.asset using Guid(12f16bca1df24c143956bbeda9656f4c) Importer(815301076,1909f56bfc062723c751e8b465ee728b)  -> (artifact id: 'a021341a8c100ea7cc5cc03079188cfc') in 0.015783 seconds 
========================================================================
Received Import Request.
  Time since last request: 0.000018 seconds.
  path: Assets/Pixelmen/PixelManPlatforms_61.asset
  artifactKey: Guid(23b25f0db7421df47b96fb509e4bbe66) Importer(815301076,1909f56bfc062723c751e8b465ee728b)
Start importing Assets/Pixelmen/PixelManPlatforms_61.asset using Guid(23b25f0db7421df47b96fb509e4bbe66) Importer(815301076,1909f56bfc062723c751e8b465ee728b)  -> (artifact id: '480e7dbce265953b9cc1f322cd8acbe1') in 0.014242 seconds 
========================================================================
Received Import Request.
  Time since last request: 0.000028 seconds.
  path: Assets/Pixelmen/PixelManPlatforms_54.asset
  artifactKey: Guid(72edf6781509dbb43a6fa8774bda2074) Importer(815301076,1909f56bfc062723c751e8b465ee728b)
Start importing Assets/Pixelmen/PixelManPlatforms_54.asset using Guid(72edf6781509dbb43a6fa8774bda2074) Importer(815301076,1909f56bfc062723c751e8b465ee728b)  -> (artifact id: '2aabc3c561184e5fd2dfa4ab75c170cc') in 0.014508 seconds 
========================================================================
Received Import Request.
  Time since last request: 0.000042 seconds.
  path: Assets/Pixelmen/PixelManUI.png
  artifactKey: Guid(695bd86a053b80d448a96135b7aa020a) Importer(815301076,1909f56bfc062723c751e8b465ee728b)
Start importing Assets/Pixelmen/PixelManUI.png using Guid(695bd86a053b80d448a96135b7aa020a) Importer(815301076,1909f56bfc062723c751e8b465ee728b)  -> (artifact id: '1e03e4cd5b5c357ba09fc854dacf01cb') in 0.257980 seconds 
========================================================================
Received Import Request.
  Time since last request: 1.321215 seconds.
  path: Assets/Pixelmen/PixelManPlatforms_29.asset
  artifactKey: Guid(d939185431bfa314b960b4c25a614629) Importer(815301076,1909f56bfc062723c751e8b465ee728b)
Start importing Assets/Pixelmen/PixelManPlatforms_29.asset using Guid(d939185431bfa314b960b4c25a614629) Importer(815301076,1909f56bfc062723c751e8b465ee728b)  -> (artifact id: '8a855fb4847413897bbb30f947158ab3') in 0.018051 seconds 
========================================================================
Received Import Request.
  Time since last request: 0.000020 seconds.
  path: Assets/Pixelmen/PixelManPlatforms_34.asset
  artifactKey: Guid(448b7056625ec5f4ea98c3b33d6735a4) Importer(815301076,1909f56bfc062723c751e8b465ee728b)
Start importing Assets/Pixelmen/PixelManPlatforms_34.asset using Guid(448b7056625ec5f4ea98c3b33d6735a4) Importer(815301076,1909f56bfc062723c751e8b465ee728b)  -> (artifact id: 'ab7b166b5e831cb8d270cc9c59534c3b') in 0.283038 seconds 
========================================================================
Received Import Request.
  Time since last request: 0.000030 seconds.
  path: Assets/Pixelmen/PixelManPlatforms_36.asset
  artifactKey: Guid(54ecc12b2177bec4faac3ebe67e29b79) Importer(815301076,1909f56bfc062723c751e8b465ee728b)
Start importing Assets/Pixelmen/PixelManPlatforms_36.asset using Guid(54ecc12b2177bec4faac3ebe67e29b79) Importer(815301076,1909f56bfc062723c751e8b465ee728b)  -> (artifact id: 'd5f6166c4df85c4df212090f5a99a1cc') in 0.182026 seconds 
========================================================================
Received Import Request.
  Time since last request: 0.000047 seconds.
  path: Assets/Pixelmen/PixelManPlatforms_16.asset
  artifactKey: Guid(7da4ed5e86be25b46999b497e2f804c8) Importer(815301076,1909f56bfc062723c751e8b465ee728b)
Start importing Assets/Pixelmen/PixelManPlatforms_16.asset using Guid(7da4ed5e86be25b46999b497e2f804c8) Importer(815301076,1909f56bfc062723c751e8b465ee728b)  -> (artifact id: 'a62bbc1e40e78e6ebdca2c665f9b9973') in 0.014016 seconds 
========================================================================
Received Import Request.
  Time since last request: 0.000024 seconds.
  path: Assets/Pixelmen/PixelManPlatforms_33.asset
  artifactKey: Guid(48107d52f7127674887eff425239ea7f) Importer(815301076,1909f56bfc062723c751e8b465ee728b)
Start importing Assets/Pixelmen/PixelManPlatforms_33.asset using Guid(48107d52f7127674887eff425239ea7f) Importer(815301076,1909f56bfc062723c751e8b465ee728b)  -> (artifact id: 'cb626d5c223c039a663fceff15dbc83d') in 0.014755 seconds 
========================================================================
Received Import Request.
  Time since last request: 0.000018 seconds.
  path: Assets/Pixelmen/PixelManPlatforms_9.asset
  artifactKey: Guid(85d4f3f21745c614c8ea7152249c4163) Importer(815301076,1909f56bfc062723c751e8b465ee728b)
Start importing Assets/Pixelmen/PixelManPlatforms_9.asset using Guid(85d4f3f21745c614c8ea7152249c4163) Importer(815301076,1909f56bfc062723c751e8b465ee728b)  -> (artifact id: '0912223c6a3131049a24307476287285') in 0.014363 seconds 
========================================================================
Received Import Request.
  Time since last request: 0.000020 seconds.
  path: Assets/Pixelmen/PixelManPlatforms_25.asset
  artifactKey: Guid(a78cdab1e9dcb874b9759342e8f59a61) Importer(815301076,1909f56bfc062723c751e8b465ee728b)
Start importing Assets/Pixelmen/PixelManPlatforms_25.asset using Guid(a78cdab1e9dcb874b9759342e8f59a61) Importer(815301076,1909f56bfc062723c751e8b465ee728b)  -> (artifact id: '51dc777f6f9cc2c0f22c7a4823bb55f5') in 0.013503 seconds 
========================================================================
Received Import Request.
  Time since last request: 0.000029 seconds.
  path: Assets/Pixelmen/PixelManPlatforms_23.asset
  artifactKey: Guid(01501d8dfe18f3e41868e9bae80f5896) Importer(815301076,1909f56bfc062723c751e8b465ee728b)
Start importing Assets/Pixelmen/PixelManPlatforms_23.asset using Guid(01501d8dfe18f3e41868e9bae80f5896) Importer(815301076,1909f56bfc062723c751e8b465ee728b)  -> (artifact id: '48332da2d51ea73f397c231e0a033715') in 0.015653 seconds 
========================================================================
Received Import Request.
  Time since last request: 0.000025 seconds.
  path: Assets/Pixelmen/PixelManPlatforms_28.asset
  artifactKey: Guid(2524739ccef9bc34a851dc1e11af070b) Importer(815301076,1909f56bfc062723c751e8b465ee728b)
Start importing Assets/Pixelmen/PixelManPlatforms_28.asset using Guid(2524739ccef9bc34a851dc1e11af070b) Importer(815301076,1909f56bfc062723c751e8b465ee728b)  -> (artifact id: '1cc23b5b1b596fb0eb28311ae305cb37') in 0.013451 seconds 
========================================================================
Received Import Request.
  Time since last request: 0.389318 seconds.
  path: Assets/Pixelmen/PixelManPlatforms.png
  artifactKey: Guid(d1fc454236444b04a8ed606c0437dd96) Importer(815301076,1909f56bfc062723c751e8b465ee728b)
Start importing Assets/Pixelmen/PixelManPlatforms.png using Guid(d1fc454236444b04a8ed606c0437dd96) Importer(815301076,1909f56bfc062723c751e8b465ee728b)  -> (artifact id: '2c7667c591e57602a759ec39107d4836') in 0.231991 seconds 
========================================================================
Received Import Request.
  Time since last request: 0.000029 seconds.
  path: Assets/Pixelmen/cloud.png
  artifactKey: Guid(ec5439ca8849520478bb807d70cffcfd) Importer(815301076,1909f56bfc062723c751e8b465ee728b)
Start importing Assets/Pixelmen/cloud.png using Guid(ec5439ca8849520478bb807d70cffcfd) Importer(815301076,1909f56bfc062723c751e8b465ee728b)  -> (artifact id: '135b5d0dad374f265fdab741dacd2973') in 0.060755 seconds 
========================================================================
Received Import Request.
  Time since last request: 0.000035 seconds.
  path: Assets/Pixelmen/CameraEffect.png
  artifactKey: Guid(7433e66e30ac2fa45bf5e1d54e2f33bc) Importer(815301076,1909f56bfc062723c751e8b465ee728b)
Start importing Assets/Pixelmen/CameraEffect.png using Guid(7433e66e30ac2fa45bf5e1d54e2f33bc) Importer(815301076,1909f56bfc062723c751e8b465ee728b)  -> (artifact id: '4007679e832374f362386cec041ef38c') in 0.092417 seconds 
========================================================================
Received Import Request.
  Time since last request: 0.000022 seconds.
  path: Assets/Pixelmen/PixelManPlatformBackgrounds.png
  artifactKey: Guid(e5721f0ef94ec7a42822da2bcabcb909) Importer(815301076,1909f56bfc062723c751e8b465ee728b)
Start importing Assets/Pixelmen/PixelManPlatformBackgrounds.png using Guid(e5721f0ef94ec7a42822da2bcabcb909) Importer(815301076,1909f56bfc062723c751e8b465ee728b)  -> (artifact id: 'b4ed8254e984713cb7a66f13419af0f8') in 0.045294 seconds 
========================================================================
Received Import Request.
  Time since last request: 0.000020 seconds.
  path: Assets/Pixelmen/carnavalSky.png
  artifactKey: Guid(41db903044cf6954088e3a878c09dd07) Importer(815301076,1909f56bfc062723c751e8b465ee728b)
Start importing Assets/Pixelmen/carnavalSky.png using Guid(41db903044cf6954088e3a878c09dd07) Importer(815301076,1909f56bfc062723c751e8b465ee728b)  -> (artifact id: 'a7a2c377cdf201422160fe91f419cb0f') in 0.029811 seconds 
========================================================================
Received Import Request.
  Time since last request: 0.000029 seconds.
  path: Assets/Pixelmen/PixelManPlant.png
  artifactKey: Guid(54b33f255052cd848ad8f7577bc80bc9) Importer(815301076,1909f56bfc062723c751e8b465ee728b)
Start importing Assets/Pixelmen/PixelManPlant.png using Guid(54b33f255052cd848ad8f7577bc80bc9) Importer(815301076,1909f56bfc062723c751e8b465ee728b)  -> (artifact id: 'ce23b2d7f5bd65b8657f9332e63f0cd7') in 0.121714 seconds 
========================================================================
Received Prepare
Registering precompiled user dll's ...
Registered in 0.009200 seconds.
Begin MonoManager ReloadAssembly
Symbol file LoadedFromMemory doesn't match image D:\GameProject\BalonGameDilara\Library\PackageCache\com.unity.visualscripting@1.8.0\Editor\VisualScripting.Core\Dependencies\DotNetZip\Unity.VisualScripting.IonicZip.dll
Symbol file LoadedFromMemory doesn't match image D:\GameProject\BalonGameDilara\Library\PackageCache\com.unity.visualscripting@1.8.0\Editor\VisualScripting.Core\Dependencies\YamlDotNet\Unity.VisualScripting.YamlDotNet.dll
Native extension for WindowsStandalone target not found
Native extension for iOS target not found
Native extension for Android target not found
Refreshing native plugins compatible for Editor in 1.51 ms, found 4 plugins.
Preloading 0 native plugins for Editor in 0.00 ms.
Mono: successfully reloaded assembly
- Completed reload, in  1.512 seconds
Domain Reload Profiling:
	ReloadAssembly (1512ms)
		BeginReloadAssembly (147ms)
			ExecutionOrderSort (0ms)
			DisableScriptedObjects (7ms)
			BackupInstance (0ms)
			ReleaseScriptingObjects (0ms)
			CreateAndSetChildDomain (47ms)
		EndReloadAssembly (1215ms)
			LoadAssemblies (113ms)
			RebuildTransferFunctionScriptingTraits (0ms)
			SetupTypeCache (341ms)
			ReleaseScriptCaches (2ms)
			RebuildScriptCaches (73ms)
			SetupLoadedEditorAssemblies (607ms)
				LogAssemblyErrors (0ms)
				InitializePlatformSupportModulesInManaged (48ms)
				SetLoadedEditorAssemblies (1ms)
				RefreshPlugins (2ms)
				BeforeProcessingInitializeOnLoad (106ms)
				ProcessInitializeOnLoadAttributes (267ms)
				ProcessInitializeOnLoadMethodAttributes (181ms)
				AfterProcessingInitializeOnLoad (3ms)
				EditorAssembliesLoaded (0ms)
			ExecutionOrderSort2 (0ms)
			AwakeInstancesAfterBackupRestoration (12ms)
Platform modules already initialized, skipping
Refreshing native plugins compatible for Editor in 5.32 ms, found 4 plugins.
Preloading 0 native plugins for Editor in 0.00 ms.
Unloading 4534 Unused Serialized files (Serialized files now loaded: 0)
Unloading 58 unused Assets / (196.9 KB). Loaded Objects now: 5119.
Memory consumption went from 168.7 MB to 168.5 MB.
Total: 9.475600 ms (FindLiveObjects: 0.468800 ms CreateObjectMapping: 0.552600 ms MarkObjects: 8.181800 ms  DeleteObjects: 0.271200 ms)

AssetImportParameters requested are different than current active one (requested -> active):
  custom:video-decoder-ogg-theora: a1e56fd34408186e4bbccfd4996cb3dc -> 
  custom:container-muxer-webm: aa71ff27fc2769a1b78a27578f13a17b -> 
  custom:container-demuxer-webm: 4f35f7cbe854078d1ac9338744f61a02 -> 
  custom:video-encoder-webm-vp8: eb34c28f22e8b96e1ab97ce403110664 -> 
  custom:audio-encoder-webm-vorbis: bf7c407c2cedff20999df2af8eb42d56 -> 
  custom:framework-win-MediaFoundation: 216162199b28c13a410421893ffa2e32 -> 
  custom:container-demuxer-ogg: 62fdf1f143b41e24485cea50d1cbac27 -> 
  custom:video-decoder-webm-vp8: 9c59270c3fd7afecdb556c50c9e8de78 -> 
  custom:audio-decoder-ogg-vorbis: bf7c407c2cedff20999df2af8eb42d56 -> 
========================================================================
Received Import Request.
  Time since last request: 899.769156 seconds.
  path: ProjectSettings/TagManager.asset
  artifactKey: Guid(00000000000000003000000000000000) Importer(815301076,1909f56bfc062723c751e8b465ee728b)
Start importing ProjectSettings/TagManager.asset using Guid(00000000000000003000000000000000) Importer(815301076,1909f56bfc062723c751e8b465ee728b)  -> (artifact id: '14e565744a055d5d650ef5b1f97bcedd') in 0.024931 seconds 
========================================================================
Received Import Request.
  Time since last request: 64.341918 seconds.
  path: Assets/Prefabs/Acid.prefab
  artifactKey: Guid(7d5a5eb24aaced846a8c4e23e38128c5) Importer(815301076,1909f56bfc062723c751e8b465ee728b)
Start importing Assets/Prefabs/Acid.prefab using Guid(7d5a5eb24aaced846a8c4e23e38128c5) Importer(815301076,1909f56bfc062723c751e8b465ee728b)  -> (artifact id: 'd16871fe5054aca4f0a95ac517dec343') in 0.073112 seconds 
========================================================================
Received Import Request.
  Time since last request: 0.000022 seconds.
  path: Assets/Prefabs/RedAcid.prefab
  artifactKey: Guid(06e432e4e19e4ab408b2c29e83c6b6bc) Importer(815301076,1909f56bfc062723c751e8b465ee728b)
Start importing Assets/Prefabs/RedAcid.prefab using Guid(06e432e4e19e4ab408b2c29e83c6b6bc) Importer(815301076,1909f56bfc062723c751e8b465ee728b)  -> (artifact id: '6578058a6fec8c5437c4bf450c824bf5') in 0.019700 seconds 
========================================================================
Received Import Request.
  Time since last request: 4.683964 seconds.
  path: Assets/Prefabs/Acid 1.prefab
  artifactKey: Guid(677c63851a526e6479426ccee3fac80d) Importer(815301076,1909f56bfc062723c751e8b465ee728b)
Start importing Assets/Prefabs/Acid 1.prefab using Guid(677c63851a526e6479426ccee3fac80d) Importer(815301076,1909f56bfc062723c751e8b465ee728b)  -> (artifact id: '7c0cc1347d3db1f717362b60af9e145b') in 0.019409 seconds 
========================================================================
Received Prepare
Registering precompiled user dll's ...
Registered in 0.006729 seconds.
Begin MonoManager ReloadAssembly
Symbol file LoadedFromMemory doesn't match image D:\GameProject\BalonGameDilara\Library\PackageCache\com.unity.visualscripting@1.8.0\Editor\VisualScripting.Core\Dependencies\DotNetZip\Unity.VisualScripting.IonicZip.dll
Symbol file LoadedFromMemory doesn't match image D:\GameProject\BalonGameDilara\Library\PackageCache\com.unity.visualscripting@1.8.0\Editor\VisualScripting.Core\Dependencies\YamlDotNet\Unity.VisualScripting.YamlDotNet.dll
Native extension for WindowsStandalone target not found
Native extension for iOS target not found
Native extension for Android target not found
Refreshing native plugins compatible for Editor in 2.28 ms, found 4 plugins.
Preloading 0 native plugins for Editor in 0.00 ms.
Mono: successfully reloaded assembly
- Completed reload, in  1.532 seconds
Domain Reload Profiling:
	ReloadAssembly (1533ms)
		BeginReloadAssembly (148ms)
			ExecutionOrderSort (0ms)
			DisableScriptedObjects (7ms)
			BackupInstance (0ms)
			ReleaseScriptingObjects (0ms)
			CreateAndSetChildDomain (45ms)
		EndReloadAssembly (1254ms)
			LoadAssemblies (107ms)
			RebuildTransferFunctionScriptingTraits (0ms)
			SetupTypeCache (383ms)
			ReleaseScriptCaches (3ms)
			RebuildScriptCaches (70ms)
			SetupLoadedEditorAssemblies (605ms)
				LogAssemblyErrors (0ms)
				InitializePlatformSupportModulesInManaged (41ms)
				SetLoadedEditorAssemblies (1ms)
				RefreshPlugins (2ms)
				BeforeProcessingInitializeOnLoad (96ms)
				ProcessInitializeOnLoadAttributes (264ms)
				ProcessInitializeOnLoadMethodAttributes (197ms)
				AfterProcessingInitializeOnLoad (3ms)
				EditorAssembliesLoaded (0ms)
			ExecutionOrderSort2 (0ms)
			AwakeInstancesAfterBackupRestoration (13ms)
Platform modules already initialized, skipping
Refreshing native plugins compatible for Editor in 5.36 ms, found 4 plugins.
Preloading 0 native plugins for Editor in 0.00 ms.
Unloading 4534 Unused Serialized files (Serialized files now loaded: 0)
Unloading 59 unused Assets / (197.0 KB). Loaded Objects now: 5126.
Memory consumption went from 168.8 MB to 168.6 MB.
Total: 8.530100 ms (FindLiveObjects: 0.387200 ms CreateObjectMapping: 0.359400 ms MarkObjects: 7.554200 ms  DeleteObjects: 0.227800 ms)

AssetImportParameters requested are different than current active one (requested -> active):
  custom:video-decoder-ogg-theora: a1e56fd34408186e4bbccfd4996cb3dc -> 
  custom:container-muxer-webm: aa71ff27fc2769a1b78a27578f13a17b -> 
  custom:container-demuxer-webm: 4f35f7cbe854078d1ac9338744f61a02 -> 
  custom:video-encoder-webm-vp8: eb34c28f22e8b96e1ab97ce403110664 -> 
  custom:audio-encoder-webm-vorbis: bf7c407c2cedff20999df2af8eb42d56 -> 
  custom:framework-win-MediaFoundation: 216162199b28c13a410421893ffa2e32 -> 
  custom:container-demuxer-ogg: 62fdf1f143b41e24485cea50d1cbac27 -> 
  custom:video-decoder-webm-vp8: 9c59270c3fd7afecdb556c50c9e8de78 -> 
  custom:audio-decoder-ogg-vorbis: bf7c407c2cedff20999df2af8eb42d56 -> 
========================================================================
Received Import Request.
  Time since last request: 87.328641 seconds.
  path: ProjectSettings/TagManager.asset
  artifactKey: Guid(00000000000000003000000000000000) Importer(815301076,1909f56bfc062723c751e8b465ee728b)
Start importing ProjectSettings/TagManager.asset using Guid(00000000000000003000000000000000) Importer(815301076,1909f56bfc062723c751e8b465ee728b)  -> (artifact id: '91ca53e92aed6fe0497677071bf1b0bf') in 0.016608 seconds 
========================================================================
Received Import Request.
  Time since last request: 39.457531 seconds.
  path: ProjectSettings/TagManager.asset
  artifactKey: Guid(00000000000000003000000000000000) Importer(815301076,1909f56bfc062723c751e8b465ee728b)
Start importing ProjectSettings/TagManager.asset using Guid(00000000000000003000000000000000) Importer(815301076,1909f56bfc062723c751e8b465ee728b)  -> (artifact id: '3edafb866c7d8f4dfed712113218aaea') in 0.002113 seconds 
========================================================================
Received Import Request.
  Time since last request: 5.576693 seconds.
  path: Assets/Prefabs/Acid.prefab
  artifactKey: Guid(7d5a5eb24aaced846a8c4e23e38128c5) Importer(815301076,1909f56bfc062723c751e8b465ee728b)
Start importing Assets/Prefabs/Acid.prefab using Guid(7d5a5eb24aaced846a8c4e23e38128c5) Importer(815301076,1909f56bfc062723c751e8b465ee728b)  -> (artifact id: 'd744e80ca89e5498ffae8349c55d7671') in 0.054264 seconds 
========================================================================
Received Import Request.
  Time since last request: 3.682256 seconds.
  path: Assets/Prefabs/RedAcid.prefab
  artifactKey: Guid(06e432e4e19e4ab408b2c29e83c6b6bc) Importer(815301076,1909f56bfc062723c751e8b465ee728b)
Start importing Assets/Prefabs/RedAcid.prefab using Guid(06e432e4e19e4ab408b2c29e83c6b6bc) Importer(815301076,1909f56bfc062723c751e8b465ee728b)  -> (artifact id: '35dbda50e6740d28ce561491c4d3a607') in 0.016024 seconds 
========================================================================
Received Import Request.
  Time since last request: 19.835068 seconds.
  path: Assets/Scripts/BulletManager.cs
  artifactKey: Guid(d2b0989fe9f66e3498933ff245a7f39f) Importer(815301076,1909f56bfc062723c751e8b465ee728b)
Start importing Assets/Scripts/BulletManager.cs using Guid(d2b0989fe9f66e3498933ff245a7f39f) Importer(815301076,1909f56bfc062723c751e8b465ee728b)  -> (artifact id: '9eb11beabda70d091c19c59147ece875') in 0.010436 seconds 
========================================================================
Received Import Request.
  Time since last request: 5.577568 seconds.
  path: Assets/Scripts/BossMoving.cs
  artifactKey: Guid(445854ecddaf84a41bcc893a091a1290) Importer(815301076,1909f56bfc062723c751e8b465ee728b)
Start importing Assets/Scripts/BossMoving.cs using Guid(445854ecddaf84a41bcc893a091a1290) Importer(815301076,1909f56bfc062723c751e8b465ee728b)  -> (artifact id: '898b1a93206d145d5cbf65b8b6f8b04b') in 0.008464 seconds 
========================================================================
Received Import Request.
  Time since last request: 4.897993 seconds.
  path: Assets/Scripts/ShootManager.cs
  artifactKey: Guid(94fc7d0624b34e54c838ebdada1f6625) Importer(815301076,1909f56bfc062723c751e8b465ee728b)
Start importing Assets/Scripts/ShootManager.cs using Guid(94fc7d0624b34e54c838ebdada1f6625) Importer(815301076,1909f56bfc062723c751e8b465ee728b)  -> (artifact id: 'd97edeef4018944c5e0fec1e9976dee1') in 0.009689 seconds 
========================================================================
Received Import Request.
  Time since last request: 2.654681 seconds.
  path: Assets/Scripts/Health.cs
  artifactKey: Guid(bf4f00dade7b20948980ea8e29fe2809) Importer(815301076,1909f56bfc062723c751e8b465ee728b)
Start importing Assets/Scripts/Health.cs using Guid(bf4f00dade7b20948980ea8e29fe2809) Importer(815301076,1909f56bfc062723c751e8b465ee728b)  -> (artifact id: '57864fb5c43fa8dd83e8e0bde3564e3a') in 0.008290 seconds 
========================================================================
Received Import Request.
  Time since last request: 1.160752 seconds.
  path: Assets/Scripts/Enemy.cs
  artifactKey: Guid(7e4f8b46499e56641b255e8f0ad53f08) Importer(815301076,1909f56bfc062723c751e8b465ee728b)
Start importing Assets/Scripts/Enemy.cs using Guid(7e4f8b46499e56641b255e8f0ad53f08) Importer(815301076,1909f56bfc062723c751e8b465ee728b)  -> (artifact id: 'e5cf5af22330dee8c64da8e0e31e7375') in 0.104682 seconds 
========================================================================
Received Import Request.
  Time since last request: 0.498589 seconds.
  path: Assets/Scripts/cameraFollow.cs
  artifactKey: Guid(1d1f80cc49564714a96df954839d9e43) Importer(815301076,1909f56bfc062723c751e8b465ee728b)
Start importing Assets/Scripts/cameraFollow.cs using Guid(1d1f80cc49564714a96df954839d9e43) Importer(815301076,1909f56bfc062723c751e8b465ee728b)  -> (artifact id: '35cb9d89153c9ba820312bef0c90b57f') in 0.291618 seconds 
========================================================================
Received Prepare
Registering precompiled user dll's ...
Registered in 0.006699 seconds.
Begin MonoManager ReloadAssembly
Symbol file LoadedFromMemory doesn't match image D:\GameProject\BalonGameDilara\Library\PackageCache\com.unity.visualscripting@1.8.0\Editor\VisualScripting.Core\Dependencies\DotNetZip\Unity.VisualScripting.IonicZip.dll
Symbol file LoadedFromMemory doesn't match image D:\GameProject\BalonGameDilara\Library\PackageCache\com.unity.visualscripting@1.8.0\Editor\VisualScripting.Core\Dependencies\YamlDotNet\Unity.VisualScripting.YamlDotNet.dll
Native extension for WindowsStandalone target not found
Native extension for iOS target not found
Native extension for Android target not found
Refreshing native plugins compatible for Editor in 1.61 ms, found 4 plugins.
Preloading 0 native plugins for Editor in 0.00 ms.
Mono: successfully reloaded assembly
- Completed reload, in  1.496 seconds
Domain Reload Profiling:
	ReloadAssembly (1497ms)
		BeginReloadAssembly (136ms)
			ExecutionOrderSort (0ms)
			DisableScriptedObjects (6ms)
			BackupInstance (0ms)
			ReleaseScriptingObjects (0ms)
			CreateAndSetChildDomain (52ms)
		EndReloadAssembly (1236ms)
			LoadAssemblies (97ms)
			RebuildTransferFunctionScriptingTraits (0ms)
			SetupTypeCache (390ms)
			ReleaseScriptCaches (2ms)
			RebuildScriptCaches (66ms)
			SetupLoadedEditorAssemblies (592ms)
				LogAssemblyErrors (0ms)
				InitializePlatformSupportModulesInManaged (40ms)
				SetLoadedEditorAssemblies (1ms)
				RefreshPlugins (2ms)
				BeforeProcessingInitializeOnLoad (94ms)
				ProcessInitializeOnLoadAttributes (261ms)
				ProcessInitializeOnLoadMethodAttributes (191ms)
				AfterProcessingInitializeOnLoad (3ms)
				EditorAssembliesLoaded (0ms)
			ExecutionOrderSort2 (0ms)
			AwakeInstancesAfterBackupRestoration (15ms)
Platform modules already initialized, skipping
Refreshing native plugins compatible for Editor in 5.45 ms, found 4 plugins.
Preloading 0 native plugins for Editor in 0.00 ms.
Unloading 4534 Unused Serialized files (Serialized files now loaded: 0)
Unloading 60 unused Assets / (196.8 KB). Loaded Objects now: 5129.
Memory consumption went from 168.8 MB to 168.6 MB.
Total: 7.683100 ms (FindLiveObjects: 0.418900 ms CreateObjectMapping: 0.545700 ms MarkObjects: 6.545300 ms  DeleteObjects: 0.172200 ms)

AssetImportParameters requested are different than current active one (requested -> active):
  custom:video-decoder-ogg-theora: a1e56fd34408186e4bbccfd4996cb3dc -> 
  custom:container-muxer-webm: aa71ff27fc2769a1b78a27578f13a17b -> 
  custom:container-demuxer-webm: 4f35f7cbe854078d1ac9338744f61a02 -> 
  custom:video-encoder-webm-vp8: eb34c28f22e8b96e1ab97ce403110664 -> 
  custom:audio-encoder-webm-vorbis: bf7c407c2cedff20999df2af8eb42d56 -> 
  custom:framework-win-MediaFoundation: 216162199b28c13a410421893ffa2e32 -> 
  custom:container-demuxer-ogg: 62fdf1f143b41e24485cea50d1cbac27 -> 
  custom:video-decoder-webm-vp8: 9c59270c3fd7afecdb556c50c9e8de78 -> 
  custom:audio-decoder-ogg-vorbis: bf7c407c2cedff20999df2af8eb42d56 -> 
========================================================================
Received Prepare
Registering precompiled user dll's ...
Registered in 0.005575 seconds.
Begin MonoManager ReloadAssembly
Symbol file LoadedFromMemory doesn't match image D:\GameProject\BalonGameDilara\Library\PackageCache\com.unity.visualscripting@1.8.0\Editor\VisualScripting.Core\Dependencies\DotNetZip\Unity.VisualScripting.IonicZip.dll
Symbol file LoadedFromMemory doesn't match image D:\GameProject\BalonGameDilara\Library\PackageCache\com.unity.visualscripting@1.8.0\Editor\VisualScripting.Core\Dependencies\YamlDotNet\Unity.VisualScripting.YamlDotNet.dll
Native extension for WindowsStandalone target not found
Native extension for iOS target not found
Native extension for Android target not found
Refreshing native plugins compatible for Editor in 1.71 ms, found 4 plugins.
Preloading 0 native plugins for Editor in 0.00 ms.
Mono: successfully reloaded assembly
- Completed reload, in  1.543 seconds
Domain Reload Profiling:
	ReloadAssembly (1684ms)
		BeginReloadAssembly (323ms)
			ExecutionOrderSort (0ms)
			DisableScriptedObjects (10ms)
			BackupInstance (0ms)
			ReleaseScriptingObjects (0ms)
			CreateAndSetChildDomain (65ms)
		EndReloadAssembly (1229ms)
			LoadAssemblies (123ms)
			RebuildTransferFunctionScriptingTraits (0ms)
			SetupTypeCache (390ms)
			ReleaseScriptCaches (2ms)
			RebuildScriptCaches (66ms)
			SetupLoadedEditorAssemblies (587ms)
				LogAssemblyErrors (0ms)
				InitializePlatformSupportModulesInManaged (38ms)
				SetLoadedEditorAssemblies (1ms)
				RefreshPlugins (2ms)
				BeforeProcessingInitializeOnLoad (91ms)
				ProcessInitializeOnLoadAttributes (267ms)
				ProcessInitializeOnLoadMethodAttributes (185ms)
				AfterProcessingInitializeOnLoad (3ms)
				EditorAssembliesLoaded (1ms)
			ExecutionOrderSort2 (0ms)
			AwakeInstancesAfterBackupRestoration (13ms)
Platform modules already initialized, skipping
Refreshing native plugins compatible for Editor in 5.98 ms, found 4 plugins.
Preloading 0 native plugins for Editor in 0.00 ms.
Unloading 4534 Unused Serialized files (Serialized files now loaded: 0)
Unloading 58 unused Assets / (196.5 KB). Loaded Objects now: 5132.
Memory consumption went from 168.8 MB to 168.6 MB.
Total: 8.124000 ms (FindLiveObjects: 0.403100 ms CreateObjectMapping: 0.352000 ms MarkObjects: 7.180400 ms  DeleteObjects: 0.187200 ms)

AssetImportParameters requested are different than current active one (requested -> active):
  custom:video-decoder-ogg-theora: a1e56fd34408186e4bbccfd4996cb3dc -> 
  custom:container-muxer-webm: aa71ff27fc2769a1b78a27578f13a17b -> 
  custom:container-demuxer-webm: 4f35f7cbe854078d1ac9338744f61a02 -> 
  custom:video-encoder-webm-vp8: eb34c28f22e8b96e1ab97ce403110664 -> 
  custom:audio-encoder-webm-vorbis: bf7c407c2cedff20999df2af8eb42d56 -> 
  custom:framework-win-MediaFoundation: 216162199b28c13a410421893ffa2e32 -> 
  custom:container-demuxer-ogg: 62fdf1f143b41e24485cea50d1cbac27 -> 
  custom:video-decoder-webm-vp8: 9c59270c3fd7afecdb556c50c9e8de78 -> 
  custom:audio-decoder-ogg-vorbis: bf7c407c2cedff20999df2af8eb42d56 -> 
========================================================================
Received Prepare
Registering precompiled user dll's ...
Registered in 0.006241 seconds.
Begin MonoManager ReloadAssembly
Symbol file LoadedFromMemory doesn't match image D:\GameProject\BalonGameDilara\Library\PackageCache\com.unity.visualscripting@1.8.0\Editor\VisualScripting.Core\Dependencies\DotNetZip\Unity.VisualScripting.IonicZip.dll
Symbol file LoadedFromMemory doesn't match image D:\GameProject\BalonGameDilara\Library\PackageCache\com.unity.visualscripting@1.8.0\Editor\VisualScripting.Core\Dependencies\YamlDotNet\Unity.VisualScripting.YamlDotNet.dll
Native extension for WindowsStandalone target not found
Native extension for iOS target not found
Native extension for Android target not found
Refreshing native plugins compatible for Editor in 1.79 ms, found 4 plugins.
Preloading 0 native plugins for Editor in 0.00 ms.
Mono: successfully reloaded assembly
- Completed reload, in  1.485 seconds
Domain Reload Profiling:
	ReloadAssembly (1486ms)
		BeginReloadAssembly (141ms)
			ExecutionOrderSort (0ms)
			DisableScriptedObjects (9ms)
			BackupInstance (0ms)
			ReleaseScriptingObjects (0ms)
			CreateAndSetChildDomain (44ms)
		EndReloadAssembly (1243ms)
			LoadAssemblies (98ms)
			RebuildTransferFunctionScriptingTraits (0ms)
			SetupTypeCache (369ms)
			ReleaseScriptCaches (2ms)
			RebuildScriptCaches (66ms)
			SetupLoadedEditorAssemblies (618ms)
				LogAssemblyErrors (0ms)
				InitializePlatformSupportModulesInManaged (40ms)
				SetLoadedEditorAssemblies (1ms)
				RefreshPlugins (2ms)
				BeforeProcessingInitializeOnLoad (97ms)
				ProcessInitializeOnLoadAttributes (286ms)
				ProcessInitializeOnLoadMethodAttributes (190ms)
				AfterProcessingInitializeOnLoad (2ms)
				EditorAssembliesLoaded (0ms)
			ExecutionOrderSort2 (0ms)
			AwakeInstancesAfterBackupRestoration (14ms)
Platform modules already initialized, skipping
Refreshing native plugins compatible for Editor in 5.07 ms, found 4 plugins.
Preloading 0 native plugins for Editor in 0.00 ms.
Unloading 4534 Unused Serialized files (Serialized files now loaded: 0)
Unloading 58 unused Assets / (196.3 KB). Loaded Objects now: 5135.
Memory consumption went from 168.8 MB to 168.6 MB.
Total: 6.292500 ms (FindLiveObjects: 0.345600 ms CreateObjectMapping: 0.296400 ms MarkObjects: 5.480000 ms  DeleteObjects: 0.169400 ms)

AssetImportParameters requested are different than current active one (requested -> active):
  custom:video-decoder-ogg-theora: a1e56fd34408186e4bbccfd4996cb3dc -> 
  custom:container-muxer-webm: aa71ff27fc2769a1b78a27578f13a17b -> 
  custom:container-demuxer-webm: 4f35f7cbe854078d1ac9338744f61a02 -> 
  custom:video-encoder-webm-vp8: eb34c28f22e8b96e1ab97ce403110664 -> 
  custom:audio-encoder-webm-vorbis: bf7c407c2cedff20999df2af8eb42d56 -> 
  custom:framework-win-MediaFoundation: 216162199b28c13a410421893ffa2e32 -> 
  custom:container-demuxer-ogg: 62fdf1f143b41e24485cea50d1cbac27 -> 
  custom:video-decoder-webm-vp8: 9c59270c3fd7afecdb556c50c9e8de78 -> 
  custom:audio-decoder-ogg-vorbis: bf7c407c2cedff20999df2af8eb42d56 -> 
========================================================================
Received Import Request.
  Time since last request: 345.334610 seconds.
  path: Assets/Boss/PixelManPlant.png
  artifactKey: Guid(ebe89ac8af3c4d84887e0464ac4acf5f) Importer(815301076,1909f56bfc062723c751e8b465ee728b)
Start importing Assets/Boss/PixelManPlant.png using Guid(ebe89ac8af3c4d84887e0464ac4acf5f) Importer(815301076,1909f56bfc062723c751e8b465ee728b)  -> (artifact id: '7fa47eba794465660de32bc4da5d260f') in 0.176274 seconds 
========================================================================
Received Import Request.
  Time since last request: 4.140090 seconds.
  path: Assets/Gums/Gums (1).png
  artifactKey: Guid(52ab378b0cae31a4894b1fa70ed24347) Importer(815301076,1909f56bfc062723c751e8b465ee728b)
Start importing Assets/Gums/Gums (1).png using Guid(52ab378b0cae31a4894b1fa70ed24347) Importer(815301076,1909f56bfc062723c751e8b465ee728b)  -> (artifact id: '471e7c74496c92ba0f38fb1c0f13f619') in 1.153082 seconds 
========================================================================
Received Import Request.
  Time since last request: 0.000023 seconds.
  path: Assets/Gums/Gums (5).png
  artifactKey: Guid(10a8cb7eb98069142b9469dd4c363ff6) Importer(815301076,1909f56bfc062723c751e8b465ee728b)
Start importing Assets/Gums/Gums (5).png using Guid(10a8cb7eb98069142b9469dd4c363ff6) Importer(815301076,1909f56bfc062723c751e8b465ee728b)  -> (artifact id: 'b49bb8a80e1b34c86af8f4b48b312fc3') in 0.046796 seconds 
========================================================================
Received Import Request.
  Time since last request: 0.000040 seconds.
  path: Assets/Gums/Gums (7).png
  artifactKey: Guid(f77b1b4ad5c82f648a491bcdc20df6f2) Importer(815301076,1909f56bfc062723c751e8b465ee728b)
Start importing Assets/Gums/Gums (7).png using Guid(f77b1b4ad5c82f648a491bcdc20df6f2) Importer(815301076,1909f56bfc062723c751e8b465ee728b)  -> (artifact id: '273ee4957e011ab702e45b4849fa9aab') in 0.040277 seconds 
========================================================================
Received Import Request.
  Time since last request: 0.000032 seconds.
  path: Assets/Gums/Gums (8).png
  artifactKey: Guid(5bf999dda144ac74d83769310c9a74fe) Importer(815301076,1909f56bfc062723c751e8b465ee728b)
Start importing Assets/Gums/Gums (8).png using Guid(5bf999dda144ac74d83769310c9a74fe) Importer(815301076,1909f56bfc062723c751e8b465ee728b)  -> (artifact id: '787df2e4b185f511a2d4a336fb627ec0') in 0.038273 seconds 
========================================================================
Received Import Request.
  Time since last request: 8.635947 seconds.
  path: Assets/Environment/Modular_Texture.png
  artifactKey: Guid(de0fb7a16dba67149924273fdf747a25) Importer(815301076,1909f56bfc062723c751e8b465ee728b)
Start importing Assets/Environment/Modular_Texture.png using Guid(de0fb7a16dba67149924273fdf747a25) Importer(815301076,1909f56bfc062723c751e8b465ee728b)  -> (artifact id: 'c941bc41166a342d15e31047767a1c41') in 1.283178 seconds 
========================================================================
Received Import Request.
  Time since last request: 33.953527 seconds.
  path: Assets/Scripts/BulletManager.cs
  artifactKey: Guid(d2b0989fe9f66e3498933ff245a7f39f) Importer(815301076,1909f56bfc062723c751e8b465ee728b)
Start importing Assets/Scripts/BulletManager.cs using Guid(d2b0989fe9f66e3498933ff245a7f39f) Importer(815301076,1909f56bfc062723c751e8b465ee728b)  -> (artifact id: 'be86aabbda2e215f13f3789241b9d66f') in 0.009407 seconds 
========================================================================
Received Prepare
Registering precompiled user dll's ...
Registered in 0.007359 seconds.
Begin MonoManager ReloadAssembly
Symbol file LoadedFromMemory doesn't match image D:\GameProject\BalonGameDilara\Library\PackageCache\com.unity.visualscripting@1.8.0\Editor\VisualScripting.Core\Dependencies\DotNetZip\Unity.VisualScripting.IonicZip.dll
Symbol file LoadedFromMemory doesn't match image D:\GameProject\BalonGameDilara\Library\PackageCache\com.unity.visualscripting@1.8.0\Editor\VisualScripting.Core\Dependencies\YamlDotNet\Unity.VisualScripting.YamlDotNet.dll
Native extension for WindowsStandalone target not found
Native extension for iOS target not found
Native extension for Android target not found
Refreshing native plugins compatible for Editor in 2.12 ms, found 4 plugins.
Preloading 0 native plugins for Editor in 0.00 ms.
Mono: successfully reloaded assembly
- Completed reload, in  1.489 seconds
Domain Reload Profiling:
	ReloadAssembly (1490ms)
		BeginReloadAssembly (195ms)
			ExecutionOrderSort (0ms)
			DisableScriptedObjects (7ms)
			BackupInstance (0ms)
			ReleaseScriptingObjects (0ms)
			CreateAndSetChildDomain (50ms)
		EndReloadAssembly (1157ms)
			LoadAssemblies (141ms)
			RebuildTransferFunctionScriptingTraits (0ms)
			SetupTypeCache (336ms)
			ReleaseScriptCaches (2ms)
			RebuildScriptCaches (74ms)
			SetupLoadedEditorAssemblies (574ms)
				LogAssemblyErrors (0ms)
				InitializePlatformSupportModulesInManaged (34ms)
				SetLoadedEditorAssemblies (1ms)
				RefreshPlugins (2ms)
				BeforeProcessingInitializeOnLoad (107ms)
				ProcessInitializeOnLoadAttributes (235ms)
				ProcessInitializeOnLoadMethodAttributes (192ms)
				AfterProcessingInitializeOnLoad (2ms)
				EditorAssembliesLoaded (0ms)
			ExecutionOrderSort2 (0ms)
			AwakeInstancesAfterBackupRestoration (14ms)
Platform modules already initialized, skipping
Refreshing native plugins compatible for Editor in 7.19 ms, found 4 plugins.
Preloading 0 native plugins for Editor in 0.00 ms.
Unloading 4534 Unused Serialized files (Serialized files now loaded: 0)
Unloading 58 unused Assets / (196.3 KB). Loaded Objects now: 5414.
Memory consumption went from 169.6 MB to 169.4 MB.
Total: 7.024200 ms (FindLiveObjects: 0.433200 ms CreateObjectMapping: 0.360700 ms MarkObjects: 5.934300 ms  DeleteObjects: 0.294600 ms)

AssetImportParameters requested are different than current active one (requested -> active):
  custom:video-decoder-ogg-theora: a1e56fd34408186e4bbccfd4996cb3dc -> 
  custom:container-muxer-webm: aa71ff27fc2769a1b78a27578f13a17b -> 
  custom:container-demuxer-webm: 4f35f7cbe854078d1ac9338744f61a02 -> 
  custom:video-encoder-webm-vp8: eb34c28f22e8b96e1ab97ce403110664 -> 
  custom:audio-encoder-webm-vorbis: bf7c407c2cedff20999df2af8eb42d56 -> 
  custom:framework-win-MediaFoundation: 216162199b28c13a410421893ffa2e32 -> 
  custom:container-demuxer-ogg: 62fdf1f143b41e24485cea50d1cbac27 -> 
  custom:video-decoder-webm-vp8: 9c59270c3fd7afecdb556c50c9e8de78 -> 
  custom:audio-decoder-ogg-vorbis: bf7c407c2cedff20999df2af8eb42d56 -> 
========================================================================
Received Prepare
Registering precompiled user dll's ...
Registered in 0.007235 seconds.
Begin MonoManager ReloadAssembly
Symbol file LoadedFromMemory doesn't match image D:\GameProject\BalonGameDilara\Library\PackageCache\com.unity.visualscripting@1.8.0\Editor\VisualScripting.Core\Dependencies\DotNetZip\Unity.VisualScripting.IonicZip.dll
Symbol file LoadedFromMemory doesn't match image D:\GameProject\BalonGameDilara\Library\PackageCache\com.unity.visualscripting@1.8.0\Editor\VisualScripting.Core\Dependencies\YamlDotNet\Unity.VisualScripting.YamlDotNet.dll
Native extension for WindowsStandalone target not found
Native extension for iOS target not found
Native extension for Android target not found
Refreshing native plugins compatible for Editor in 2.25 ms, found 4 plugins.
Preloading 0 native plugins for Editor in 0.00 ms.
Mono: successfully reloaded assembly
- Completed reload, in  1.438 seconds
Domain Reload Profiling:
	ReloadAssembly (1439ms)
		BeginReloadAssembly (137ms)
			ExecutionOrderSort (0ms)
			DisableScriptedObjects (7ms)
			BackupInstance (0ms)
			ReleaseScriptingObjects (0ms)
			CreateAndSetChildDomain (47ms)
		EndReloadAssembly (1192ms)
			LoadAssemblies (97ms)
			RebuildTransferFunctionScriptingTraits (0ms)
			SetupTypeCache (338ms)
			ReleaseScriptCaches (2ms)
			RebuildScriptCaches (70ms)
			SetupLoadedEditorAssemblies (590ms)
				LogAssemblyErrors (0ms)
				InitializePlatformSupportModulesInManaged (38ms)
				SetLoadedEditorAssemblies (1ms)
				RefreshPlugins (2ms)
				BeforeProcessingInitializeOnLoad (95ms)
				ProcessInitializeOnLoadAttributes (265ms)
				ProcessInitializeOnLoadMethodAttributes (186ms)
				AfterProcessingInitializeOnLoad (2ms)
				EditorAssembliesLoaded (0ms)
			ExecutionOrderSort2 (0ms)
			AwakeInstancesAfterBackupRestoration (12ms)
Platform modules already initialized, skipping
Refreshing native plugins compatible for Editor in 5.88 ms, found 4 plugins.
Preloading 0 native plugins for Editor in 0.00 ms.
Unloading 4534 Unused Serialized files (Serialized files now loaded: 0)
Unloading 58 unused Assets / (196.3 KB). Loaded Objects now: 5417.
Memory consumption went from 169.6 MB to 169.4 MB.
Total: 7.651600 ms (FindLiveObjects: 0.641600 ms CreateObjectMapping: 0.368000 ms MarkObjects: 6.401900 ms  DeleteObjects: 0.238800 ms)

AssetImportParameters requested are different than current active one (requested -> active):
  custom:video-decoder-ogg-theora: a1e56fd34408186e4bbccfd4996cb3dc -> 
  custom:container-muxer-webm: aa71ff27fc2769a1b78a27578f13a17b -> 
  custom:container-demuxer-webm: 4f35f7cbe854078d1ac9338744f61a02 -> 
  custom:video-encoder-webm-vp8: eb34c28f22e8b96e1ab97ce403110664 -> 
  custom:audio-encoder-webm-vorbis: bf7c407c2cedff20999df2af8eb42d56 -> 
  custom:framework-win-MediaFoundation: 216162199b28c13a410421893ffa2e32 -> 
  custom:container-demuxer-ogg: 62fdf1f143b41e24485cea50d1cbac27 -> 
  custom:video-decoder-webm-vp8: 9c59270c3fd7afecdb556c50c9e8de78 -> 
  custom:audio-decoder-ogg-vorbis: bf7c407c2cedff20999df2af8eb42d56 -> 
========================================================================
Received Import Request.
  Time since last request: 88.816751 seconds.
  path: Assets/Scenes/Level2.unity
  artifactKey: Guid(888250041cd9cd44fb4d1781be6ea170) Importer(815301076,1909f56bfc062723c751e8b465ee728b)
Start importing Assets/Scenes/Level2.unity using Guid(888250041cd9cd44fb4d1781be6ea170) Importer(815301076,1909f56bfc062723c751e8b465ee728b)  -> (artifact id: '332616664a999399c13e3ebf9e847dd3') in 0.008759 seconds 
========================================================================
Received Import Request.
  Time since last request: 20.797591 seconds.
  path: Assets/Scenes/FinalScene.unity
  artifactKey: Guid(7c860040074115649ad0aa2c7c535d1f) Importer(815301076,1909f56bfc062723c751e8b465ee728b)
Start importing Assets/Scenes/FinalScene.unity using Guid(7c860040074115649ad0aa2c7c535d1f) Importer(815301076,1909f56bfc062723c751e8b465ee728b)  -> (artifact id: 'f902b3fbeeb86840054692b6f72593fa') in 0.008020 seconds 
========================================================================
Received Import Request.
  Time since last request: 96.357516 seconds.
  path: Assets/Gum
  artifactKey: Guid(6254b328322944445bf03a307f7be069) Importer(815301076,1909f56bfc062723c751e8b465ee728b)
Start importing Assets/Gum using Guid(6254b328322944445bf03a307f7be069) Importer(815301076,1909f56bfc062723c751e8b465ee728b)  -> (artifact id: '7299dd2f12ac74297e7c322b18b38b13') in 0.008759 seconds 
========================================================================
Received Import Request.
  Time since last request: 9.143044 seconds.
  path: Assets/Gum/Sprite-0002.png
  artifactKey: Guid(a3601970f85d35a479d87feddb46fe47) Importer(815301076,1909f56bfc062723c751e8b465ee728b)
Start importing Assets/Gum/Sprite-0002.png using Guid(a3601970f85d35a479d87feddb46fe47) Importer(815301076,1909f56bfc062723c751e8b465ee728b)  -> (artifact id: 'da6d3a3d51aa794f80882e67936f870d') in 0.056230 seconds 
========================================================================
Received Import Request.
  Time since last request: 77.210101 seconds.
  path: Assets/Scenes/FinalScene.unity
  artifactKey: Guid(7c860040074115649ad0aa2c7c535d1f) Importer(815301076,1909f56bfc062723c751e8b465ee728b)
Start importing Assets/Scenes/FinalScene.unity using Guid(7c860040074115649ad0aa2c7c535d1f) Importer(815301076,1909f56bfc062723c751e8b465ee728b)  -> (artifact id: '87a2a0163fa8a7ecc292965ebd450b25') in 0.002084 seconds 
========================================================================
Received Prepare
Registering precompiled user dll's ...
Registered in 0.008149 seconds.
Begin MonoManager ReloadAssembly
Symbol file LoadedFromMemory doesn't match image D:\GameProject\BalonGameDilara\Library\PackageCache\com.unity.visualscripting@1.8.0\Editor\VisualScripting.Core\Dependencies\DotNetZip\Unity.VisualScripting.IonicZip.dll
Symbol file LoadedFromMemory doesn't match image D:\GameProject\BalonGameDilara\Library\PackageCache\com.unity.visualscripting@1.8.0\Editor\VisualScripting.Core\Dependencies\YamlDotNet\Unity.VisualScripting.YamlDotNet.dll
Native extension for WindowsStandalone target not found
Native extension for iOS target not found
Native extension for Android target not found
Refreshing native plugins compatible for Editor in 2.50 ms, found 4 plugins.
Preloading 0 native plugins for Editor in 0.00 ms.
Mono: successfully reloaded assembly
- Completed reload, in  1.374 seconds
Domain Reload Profiling:
	ReloadAssembly (1375ms)
		BeginReloadAssembly (144ms)
			ExecutionOrderSort (0ms)
			DisableScriptedObjects (6ms)
			BackupInstance (0ms)
			ReleaseScriptingObjects (0ms)
			CreateAndSetChildDomain (53ms)
		EndReloadAssembly (1126ms)
			LoadAssemblies (100ms)
			RebuildTransferFunctionScriptingTraits (0ms)
			SetupTypeCache (371ms)
			ReleaseScriptCaches (2ms)
			RebuildScriptCaches (61ms)
			SetupLoadedEditorAssemblies (534ms)
				LogAssemblyErrors (0ms)
				InitializePlatformSupportModulesInManaged (35ms)
				SetLoadedEditorAssemblies (1ms)
				RefreshPlugins (3ms)
				BeforeProcessingInitializeOnLoad (108ms)
				ProcessInitializeOnLoadAttributes (239ms)
				ProcessInitializeOnLoadMethodAttributes (147ms)
				AfterProcessingInitializeOnLoad (2ms)
				EditorAssembliesLoaded (0ms)
			ExecutionOrderSort2 (0ms)
			AwakeInstancesAfterBackupRestoration (10ms)
Platform modules already initialized, skipping
Refreshing native plugins compatible for Editor in 5.73 ms, found 4 plugins.
Preloading 0 native plugins for Editor in 0.00 ms.
Unloading 4534 Unused Serialized files (Serialized files now loaded: 0)
Unloading 58 unused Assets / (196.4 KB). Loaded Objects now: 5421.
Memory consumption went from 169.6 MB to 169.4 MB.
Total: 6.713300 ms (FindLiveObjects: 0.384600 ms CreateObjectMapping: 0.322000 ms MarkObjects: 5.797300 ms  DeleteObjects: 0.208100 ms)

AssetImportParameters requested are different than current active one (requested -> active):
  custom:video-decoder-ogg-theora: a1e56fd34408186e4bbccfd4996cb3dc -> 
  custom:container-muxer-webm: aa71ff27fc2769a1b78a27578f13a17b -> 
  custom:container-demuxer-webm: 4f35f7cbe854078d1ac9338744f61a02 -> 
  custom:video-encoder-webm-vp8: eb34c28f22e8b96e1ab97ce403110664 -> 
  custom:audio-encoder-webm-vorbis: bf7c407c2cedff20999df2af8eb42d56 -> 
  custom:framework-win-MediaFoundation: 216162199b28c13a410421893ffa2e32 -> 
  custom:container-demuxer-ogg: 62fdf1f143b41e24485cea50d1cbac27 -> 
  custom:video-decoder-webm-vp8: 9c59270c3fd7afecdb556c50c9e8de78 -> 
  custom:audio-decoder-ogg-vorbis: bf7c407c2cedff20999df2af8eb42d56 -> 
========================================================================
Received Prepare
Registering precompiled user dll's ...
Registered in 0.005231 seconds.
Begin MonoManager ReloadAssembly
Symbol file LoadedFromMemory doesn't match image D:\GameProject\BalonGameDilara\Library\PackageCache\com.unity.visualscripting@1.8.0\Editor\VisualScripting.Core\Dependencies\DotNetZip\Unity.VisualScripting.IonicZip.dll
Symbol file LoadedFromMemory doesn't match image D:\GameProject\BalonGameDilara\Library\PackageCache\com.unity.visualscripting@1.8.0\Editor\VisualScripting.Core\Dependencies\YamlDotNet\Unity.VisualScripting.YamlDotNet.dll
Native extension for WindowsStandalone target not found
Native extension for iOS target not found
Native extension for Android target not found
Refreshing native plugins compatible for Editor in 1.38 ms, found 4 plugins.
Preloading 0 native plugins for Editor in 0.00 ms.
Mono: successfully reloaded assembly
- Completed reload, in  1.390 seconds
Domain Reload Profiling:
	ReloadAssembly (1391ms)
		BeginReloadAssembly (136ms)
			ExecutionOrderSort (0ms)
			DisableScriptedObjects (6ms)
			BackupInstance (0ms)
			ReleaseScriptingObjects (0ms)
			CreateAndSetChildDomain (48ms)
		EndReloadAssembly (1160ms)
			LoadAssemblies (94ms)
			RebuildTransferFunctionScriptingTraits (0ms)
			SetupTypeCache (344ms)
			ReleaseScriptCaches (2ms)
			RebuildScriptCaches (62ms)
			SetupLoadedEditorAssemblies (581ms)
				LogAssemblyErrors (0ms)
				InitializePlatformSupportModulesInManaged (36ms)
				SetLoadedEditorAssemblies (1ms)
				RefreshPlugins (1ms)
				BeforeProcessingInitializeOnLoad (86ms)
				ProcessInitializeOnLoadAttributes (256ms)
				ProcessInitializeOnLoadMethodAttributes (198ms)
				AfterProcessingInitializeOnLoad (3ms)
				EditorAssembliesLoaded (0ms)
			ExecutionOrderSort2 (0ms)
			AwakeInstancesAfterBackupRestoration (12ms)
Platform modules already initialized, skipping
Refreshing native plugins compatible for Editor in 6.20 ms, found 4 plugins.
Preloading 0 native plugins for Editor in 0.00 ms.
Unloading 4534 Unused Serialized files (Serialized files now loaded: 0)
Unloading 58 unused Assets / (196.3 KB). Loaded Objects now: 5424.
Memory consumption went from 169.6 MB to 169.5 MB.
Total: 9.484500 ms (FindLiveObjects: 0.467000 ms CreateObjectMapping: 0.412100 ms MarkObjects: 8.395200 ms  DeleteObjects: 0.208200 ms)

AssetImportParameters requested are different than current active one (requested -> active):
  custom:video-decoder-ogg-theora: a1e56fd34408186e4bbccfd4996cb3dc -> 
  custom:container-muxer-webm: aa71ff27fc2769a1b78a27578f13a17b -> 
  custom:container-demuxer-webm: 4f35f7cbe854078d1ac9338744f61a02 -> 
  custom:video-encoder-webm-vp8: eb34c28f22e8b96e1ab97ce403110664 -> 
  custom:audio-encoder-webm-vorbis: bf7c407c2cedff20999df2af8eb42d56 -> 
  custom:framework-win-MediaFoundation: 216162199b28c13a410421893ffa2e32 -> 
  custom:container-demuxer-ogg: 62fdf1f143b41e24485cea50d1cbac27 -> 
  custom:video-decoder-webm-vp8: 9c59270c3fd7afecdb556c50c9e8de78 -> 
  custom:audio-decoder-ogg-vorbis: bf7c407c2cedff20999df2af8eb42d56 -> 
