Using pre-set license
Built from '2021.3/staging' branch; Version is '2021.3.16f1 (4016570cf34f) revision 4200023'; Using compiler version '192829333'; Build Type 'Release'
OS: 'Windows 11  (10.0.22621) 64bit Professional' Language: 'en' Physical Memory: 16222 MB
BatchMode: 1, IsHumanControllingUs: 0, StartBugReporterOnCrash: 0, Is64bit: 1, IsPro: 1

COMMAND LINE ARGUMENTS:
D:\UnityEditor\2021.3.16f1\Editor\Unity.exe
-adb2
-batchMode
-noUpm
-name
AssetImportWorker0
-projectPath
D:/GameProject/BalonGameDilara
-logFile
Logs/AssetImportWorker0.log
-srvPort
58884
Successfully changed project path to: D:/GameProject/BalonGameDilara
D:/GameProject/BalonGameDilara
[UnityMemory] Configuration Parameters - Can be set up in boot.config
    "memorysetup-bucket-allocator-granularity=16"
    "memorysetup-bucket-allocator-bucket-count=8"
    "memorysetup-bucket-allocator-block-size=33554432"
    "memorysetup-bucket-allocator-block-count=8"
    "memorysetup-main-allocator-block-size=16777216"
    "memorysetup-thread-allocator-block-size=16777216"
    "memorysetup-gfx-main-allocator-block-size=16777216"
    "memorysetup-gfx-thread-allocator-block-size=16777216"
    "memorysetup-cache-allocator-block-size=4194304"
    "memorysetup-typetree-allocator-block-size=2097152"
    "memorysetup-profiler-bucket-allocator-granularity=16"
    "memorysetup-profiler-bucket-allocator-bucket-count=8"
    "memorysetup-profiler-bucket-allocator-block-size=33554432"
    "memorysetup-profiler-bucket-allocator-block-count=8"
    "memorysetup-profiler-allocator-block-size=16777216"
    "memorysetup-profiler-editor-allocator-block-size=1048576"
    "memorysetup-temp-allocator-size-main=16777216"
    "memorysetup-job-temp-allocator-block-size=2097152"
    "memorysetup-job-temp-allocator-block-size-background=1048576"
    "memorysetup-job-temp-allocator-reduction-small-platforms=262144"
    "memorysetup-temp-allocator-size-background-worker=32768"
    "memorysetup-temp-allocator-size-job-worker=262144"
    "memorysetup-temp-allocator-size-preload-manager=33554432"
    "memorysetup-temp-allocator-size-nav-mesh-worker=65536"
    "memorysetup-temp-allocator-size-audio-worker=65536"
    "memorysetup-temp-allocator-size-cloud-worker=32768"
    "memorysetup-temp-allocator-size-gi-baking-worker=262144"
    "memorysetup-temp-allocator-size-gfx=262144"
Player connection [25404] Host "[IP] 10.22.175.20 [Port] 0 [Flags] 2 [Guid] 2340645688 [EditorId] 2340645688 [Version] 1048832 [Id] WindowsEditor(7,Umitcan-PC) [Debug] 1 [PackageName] WindowsEditor [ProjectName] Editor" joined multi-casting on [225.0.0.222:54997]...

Player connection [25404] Host "[IP] 10.22.175.20 [Port] 0 [Flags] 2 [Guid] 2340645688 [EditorId] 2340645688 [Version] 1048832 [Id] WindowsEditor(7,Umitcan-PC) [Debug] 1 [PackageName] WindowsEditor [ProjectName] Editor" joined alternative multi-casting on [225.0.0.222:34997]...

Refreshing native plugins compatible for Editor in 136.00 ms, found 4 plugins.
Preloading 0 native plugins for Editor in 0.00 ms.
Initialize engine version: 2021.3.16f1 (4016570cf34f)
[Subsystems] Discovering subsystems at path D:/UnityEditor/2021.3.16f1/Editor/Data/Resources/UnitySubsystems
[Subsystems] Discovering subsystems at path D:/GameProject/BalonGameDilara/Assets
GfxDevice: creating device client; threaded=0; jobified=0
Direct3D:
    Version:  Direct3D 11.0 [level 11.1]
    Renderer: NVIDIA GeForce GTX 1650 (ID=0x1f99)
    Vendor:   NVIDIA
    VRAM:     3950 MB
    Driver:   31.0.15.3168
Initialize mono
Mono path[0] = 'D:/UnityEditor/2021.3.16f1/Editor/Data/Managed'
Mono path[1] = 'D:/UnityEditor/2021.3.16f1/Editor/Data/MonoBleedingEdge/lib/mono/unityjit-win32'
Mono config path = 'D:/UnityEditor/2021.3.16f1/Editor/Data/MonoBleedingEdge/etc'
Using monoOptions --debugger-agent=transport=dt_socket,embedding=1,server=y,suspend=n,address=127.0.0.1:56620
Begin MonoManager ReloadAssembly
Registering precompiled unity dll's ...
Register platform support module: D:/UnityEditor/2021.3.16f1/Editor/Data/PlaybackEngines/AndroidPlayer/UnityEditor.Android.Extensions.dll
Register platform support module: D:/UnityEditor/2021.3.16f1/Editor/Data/PlaybackEngines/iOSSupport/UnityEditor.iOS.Extensions.dll
Register platform support module: D:/UnityEditor/2021.3.16f1/Editor/Data/PlaybackEngines/WindowsStandaloneSupport/UnityEditor.WindowsStandalone.Extensions.dll
Registered in 0.002281 seconds.
Native extension for WindowsStandalone target not found
[usbmuxd] Start listen thread
[usbmuxd] Listen thread started
[usbmuxd] Send listen message
Native extension for iOS target not found
Native extension for Android target not found
Refreshing native plugins compatible for Editor in 161.14 ms, found 4 plugins.
Preloading 0 native plugins for Editor in 0.00 ms.
Mono: successfully reloaded assembly
- Completed reload, in  0.826 seconds
Domain Reload Profiling:
	ReloadAssembly (826ms)
		BeginReloadAssembly (74ms)
			ExecutionOrderSort (0ms)
			DisableScriptedObjects (0ms)
			BackupInstance (0ms)
			ReleaseScriptingObjects (0ms)
			CreateAndSetChildDomain (1ms)
		EndReloadAssembly (626ms)
			LoadAssemblies (73ms)
			RebuildTransferFunctionScriptingTraits (0ms)
			SetupTypeCache (150ms)
			ReleaseScriptCaches (0ms)
			RebuildScriptCaches (37ms)
			SetupLoadedEditorAssemblies (377ms)
				LogAssemblyErrors (0ms)
				InitializePlatformSupportModulesInManaged (67ms)
				SetLoadedEditorAssemblies (0ms)
				RefreshPlugins (161ms)
				BeforeProcessingInitializeOnLoad (1ms)
				ProcessInitializeOnLoadAttributes (103ms)
				ProcessInitializeOnLoadMethodAttributes (44ms)
				AfterProcessingInitializeOnLoad (0ms)
				EditorAssembliesLoaded (0ms)
			ExecutionOrderSort2 (0ms)
			AwakeInstancesAfterBackupRestoration (0ms)
Platform modules already initialized, skipping
Registering precompiled user dll's ...
Registered in 0.005861 seconds.
Begin MonoManager ReloadAssembly
Symbol file LoadedFromMemory doesn't match image D:\GameProject\BalonGameDilara\Library\PackageCache\com.unity.visualscripting@1.8.0\Editor\VisualScripting.Core\Dependencies\DotNetZip\Unity.VisualScripting.IonicZip.dll
Symbol file LoadedFromMemory doesn't match image D:\GameProject\BalonGameDilara\Library\PackageCache\com.unity.visualscripting@1.8.0\Editor\VisualScripting.Core\Dependencies\YamlDotNet\Unity.VisualScripting.YamlDotNet.dll
Native extension for WindowsStandalone target not found
Native extension for iOS target not found
Native extension for Android target not found
Refreshing native plugins compatible for Editor in 130.02 ms, found 4 plugins.
Preloading 0 native plugins for Editor in 0.00 ms.
Mono: successfully reloaded assembly
- Completed reload, in  1.449 seconds
Domain Reload Profiling:
	ReloadAssembly (1450ms)
		BeginReloadAssembly (208ms)
			ExecutionOrderSort (0ms)
			DisableScriptedObjects (5ms)
			BackupInstance (0ms)
			ReleaseScriptingObjects (0ms)
			CreateAndSetChildDomain (133ms)
		EndReloadAssembly (1125ms)
			LoadAssemblies (76ms)
			RebuildTransferFunctionScriptingTraits (0ms)
			SetupTypeCache (293ms)
			ReleaseScriptCaches (1ms)
			RebuildScriptCaches (65ms)
			SetupLoadedEditorAssemblies (640ms)
				LogAssemblyErrors (0ms)
				InitializePlatformSupportModulesInManaged (21ms)
				SetLoadedEditorAssemblies (0ms)
				RefreshPlugins (130ms)
				BeforeProcessingInitializeOnLoad (95ms)
				ProcessInitializeOnLoadAttributes (233ms)
				ProcessInitializeOnLoadMethodAttributes (159ms)
				AfterProcessingInitializeOnLoad (2ms)
				EditorAssembliesLoaded (0ms)
			ExecutionOrderSort2 (0ms)
			AwakeInstancesAfterBackupRestoration (6ms)
Platform modules already initialized, skipping
========================================================================
Worker process is ready to serve import requests
Launched and connected shader compiler UnityShaderCompiler.exe after 0.04 seconds
Refreshing native plugins compatible for Editor in 1.43 ms, found 4 plugins.
Preloading 0 native plugins for Editor in 0.00 ms.
Unloading 4539 Unused Serialized files (Serialized files now loaded: 0)
Unloading 71 unused Assets / (230.5 KB). Loaded Objects now: 4968.
Memory consumption went from 164.1 MB to 163.8 MB.
Total: 10.162900 ms (FindLiveObjects: 0.378100 ms CreateObjectMapping: 0.413700 ms MarkObjects: 9.105400 ms  DeleteObjects: 0.264500 ms)

AssetImportParameters requested are different than current active one (requested -> active):
  custom:video-decoder-ogg-theora: a1e56fd34408186e4bbccfd4996cb3dc -> 
  custom:container-muxer-webm: aa71ff27fc2769a1b78a27578f13a17b -> 
  custom:container-demuxer-webm: 4f35f7cbe854078d1ac9338744f61a02 -> 
  custom:video-encoder-webm-vp8: eb34c28f22e8b96e1ab97ce403110664 -> 
  custom:audio-encoder-webm-vorbis: bf7c407c2cedff20999df2af8eb42d56 -> 
  custom:framework-win-MediaFoundation: 216162199b28c13a410421893ffa2e32 -> 
  custom:container-demuxer-ogg: 62fdf1f143b41e24485cea50d1cbac27 -> 
  custom:video-decoder-webm-vp8: 9c59270c3fd7afecdb556c50c9e8de78 -> 
  custom:audio-decoder-ogg-vorbis: bf7c407c2cedff20999df2af8eb42d56 -> 
========================================================================
Received Import Request.
  Time since last request: 238788.760826 seconds.
  path: Assets/Gums/Gums (6).png
  artifactKey: Guid(785927af70fb6dc49a69b62bf2f141a7) Importer(815301076,1909f56bfc062723c751e8b465ee728b)
Start importing Assets/Gums/Gums (6).png using Guid(785927af70fb6dc49a69b62bf2f141a7) Importer(815301076,1909f56bfc062723c751e8b465ee728b)  -> (artifact id: '1043433f694db3bf7f420632a440b036') in 1.031288 seconds 
========================================================================
Received Import Request.
  Time since last request: 12.485142 seconds.
  path: Assets/Enemy/Slime/Idle/Idle01.png
  artifactKey: Guid(906ad27146526e0498ef9704dfdb8ab0) Importer(815301076,1909f56bfc062723c751e8b465ee728b)
Start importing Assets/Enemy/Slime/Idle/Idle01.png using Guid(906ad27146526e0498ef9704dfdb8ab0) Importer(815301076,1909f56bfc062723c751e8b465ee728b)  -> (artifact id: '48c37f59a9b228d2ad8cb1cce8d26323') in 0.025399 seconds 
========================================================================
Received Import Request.
  Time since last request: 3.560787 seconds.
  path: Assets/Enemy/Slime/Jump
  artifactKey: Guid(488f9bb5b40d9d24f92486dc366ad50b) Importer(815301076,1909f56bfc062723c751e8b465ee728b)
Start importing Assets/Enemy/Slime/Jump using Guid(488f9bb5b40d9d24f92486dc366ad50b) Importer(815301076,1909f56bfc062723c751e8b465ee728b)  -> (artifact id: '806beb05ccca81fcbd2e81b5b7b97123') in 0.009707 seconds 
========================================================================
Received Import Request.
  Time since last request: 0.036697 seconds.
  path: Assets/Enemy/Slime/Jump/Jump01.png
  artifactKey: Guid(bedcd5735e0f5a946a5d387da8942def) Importer(815301076,1909f56bfc062723c751e8b465ee728b)
Start importing Assets/Enemy/Slime/Jump/Jump01.png using Guid(bedcd5735e0f5a946a5d387da8942def) Importer(815301076,1909f56bfc062723c751e8b465ee728b)  -> (artifact id: 'c6bf234ca1802e7db098cafb6610602e') in 0.029793 seconds 
========================================================================
Received Import Request.
  Time since last request: 0.000022 seconds.
  path: Assets/Enemy/Slime/Jump/Jump08.png
  artifactKey: Guid(3bf6fa78488bcf446b92b91725838803) Importer(815301076,1909f56bfc062723c751e8b465ee728b)
Start importing Assets/Enemy/Slime/Jump/Jump08.png using Guid(3bf6fa78488bcf446b92b91725838803) Importer(815301076,1909f56bfc062723c751e8b465ee728b)  -> (artifact id: '5bf139deba7eaccdf49fd777b8693d78') in 0.038657 seconds 
========================================================================
Received Import Request.
  Time since last request: 0.000101 seconds.
  path: Assets/Enemy/Slime/Jump/Jump06.png
  artifactKey: Guid(d932d95626169104391da63f0aa94783) Importer(815301076,1909f56bfc062723c751e8b465ee728b)
Start importing Assets/Enemy/Slime/Jump/Jump06.png using Guid(d932d95626169104391da63f0aa94783) Importer(815301076,1909f56bfc062723c751e8b465ee728b)  -> (artifact id: 'fc0c65c1974c7e5141c6b1ca808e6283') in 0.038181 seconds 
========================================================================
Received Import Request.
  Time since last request: 0.000033 seconds.
  path: Assets/Enemy/Slime/Jump/Jump09.png
  artifactKey: Guid(d62020c281bad4347bd8c474449d786f) Importer(815301076,1909f56bfc062723c751e8b465ee728b)
Start importing Assets/Enemy/Slime/Jump/Jump09.png using Guid(d62020c281bad4347bd8c474449d786f) Importer(815301076,1909f56bfc062723c751e8b465ee728b)  -> (artifact id: '9f55bd58079e51dd8e4dbb002425223f') in 0.119488 seconds 
========================================================================
Received Import Request.
  Time since last request: 9.133125 seconds.
  path: Assets/Enemy/Slime/Prefab/Jump01.prefab
  artifactKey: Guid(ee05887a567e285408a792162d30e47e) Importer(815301076,1909f56bfc062723c751e8b465ee728b)
Start importing Assets/Enemy/Slime/Prefab/Jump01.prefab using Guid(ee05887a567e285408a792162d30e47e) Importer(815301076,1909f56bfc062723c751e8b465ee728b)  -> (artifact id: 'ede368da1e791fd776604c15fe01cf94') in 0.141011 seconds 
========================================================================
Received Import Request.
  Time since last request: 0.000029 seconds.
  path: Assets/Enemy/Slime/Prefab/Spin01.prefab
  artifactKey: Guid(7652f38396109714a9f1fc9e8893e651) Importer(815301076,1909f56bfc062723c751e8b465ee728b)
Start importing Assets/Enemy/Slime/Prefab/Spin01.prefab using Guid(7652f38396109714a9f1fc9e8893e651) Importer(815301076,1909f56bfc062723c751e8b465ee728b)  -> (artifact id: 'f7a38b8df1379fca660307ddfd17f037') in 0.730418 seconds 
========================================================================
Received Import Request.
  Time since last request: 4.039145 seconds.
  path: Assets/Enemy/Slime/Sleep/Sleep02.png
  artifactKey: Guid(9d1d07b6b1eb6a445ab163569bb3bd19) Importer(815301076,1909f56bfc062723c751e8b465ee728b)
Start importing Assets/Enemy/Slime/Sleep/Sleep02.png using Guid(9d1d07b6b1eb6a445ab163569bb3bd19) Importer(815301076,1909f56bfc062723c751e8b465ee728b)  -> (artifact id: 'd7e8672bfee9c353913551f2447cfbbf') in 0.017757 seconds 
========================================================================
Received Import Request.
  Time since last request: 0.000020 seconds.
  path: Assets/Enemy/Slime/Sleep/Sleep04.png
  artifactKey: Guid(19aa2da42762e014789a0d6647cb28ff) Importer(815301076,1909f56bfc062723c751e8b465ee728b)
Start importing Assets/Enemy/Slime/Sleep/Sleep04.png using Guid(19aa2da42762e014789a0d6647cb28ff) Importer(815301076,1909f56bfc062723c751e8b465ee728b)  -> (artifact id: 'c0cbae6881692949ea82a9957c7ba679') in 0.023888 seconds 
========================================================================
Received Import Request.
  Time since last request: 2.589106 seconds.
  path: Assets/Enemy/Slime/spin/Spin02.png
  artifactKey: Guid(7b336faa5d8c1764daa4a0db7cc5a5ac) Importer(815301076,1909f56bfc062723c751e8b465ee728b)
Start importing Assets/Enemy/Slime/spin/Spin02.png using Guid(7b336faa5d8c1764daa4a0db7cc5a5ac) Importer(815301076,1909f56bfc062723c751e8b465ee728b)  -> (artifact id: '1b289377f3289d6a22878f7b1b2a1c64') in 0.016151 seconds 
========================================================================
Received Import Request.
  Time since last request: 0.000030 seconds.
  path: Assets/Enemy/Slime/spin/Spin04.png
  artifactKey: Guid(c0a86bdf21facd04682c57261d63444e) Importer(815301076,1909f56bfc062723c751e8b465ee728b)
Start importing Assets/Enemy/Slime/spin/Spin04.png using Guid(c0a86bdf21facd04682c57261d63444e) Importer(815301076,1909f56bfc062723c751e8b465ee728b)  -> (artifact id: '3835f072ce0161f12eb84730a42ac497') in 0.022667 seconds 
========================================================================
Received Import Request.
  Time since last request: 0.000032 seconds.
  path: Assets/Enemy/Slime/spin/Spin08.png
  artifactKey: Guid(3a3208adc11c3db40ae02b698d5c78d9) Importer(815301076,1909f56bfc062723c751e8b465ee728b)
Start importing Assets/Enemy/Slime/spin/Spin08.png using Guid(3a3208adc11c3db40ae02b698d5c78d9) Importer(815301076,1909f56bfc062723c751e8b465ee728b)  -> (artifact id: 'ad8c0b60061b113eb9c59bb833b8459e') in 0.021741 seconds 
========================================================================
Received Import Request.
  Time since last request: 0.000027 seconds.
  path: Assets/Enemy/Slime/spin/Spin11.png
  artifactKey: Guid(409a4867de352554f8d8de74693ed61b) Importer(815301076,1909f56bfc062723c751e8b465ee728b)
Start importing Assets/Enemy/Slime/spin/Spin11.png using Guid(409a4867de352554f8d8de74693ed61b) Importer(815301076,1909f56bfc062723c751e8b465ee728b)  -> (artifact id: '56f43071e99e0f1b12c70d264741dd96') in 0.022487 seconds 
========================================================================
Received Import Request.
  Time since last request: 3.531550 seconds.
  path: Assets/Enemy/Slime/Walk/walk02.png
  artifactKey: Guid(f1a15b510a975fe42bdbbcd493b5a131) Importer(815301076,1909f56bfc062723c751e8b465ee728b)
Start importing Assets/Enemy/Slime/Walk/walk02.png using Guid(f1a15b510a975fe42bdbbcd493b5a131) Importer(815301076,1909f56bfc062723c751e8b465ee728b)  -> (artifact id: '9cb2df995e5e3cee08b370a66fd84bcc') in 0.022028 seconds 
========================================================================
Received Prepare
Registering precompiled user dll's ...
Registered in 0.005736 seconds.
Begin MonoManager ReloadAssembly
Symbol file LoadedFromMemory doesn't match image D:\GameProject\BalonGameDilara\Library\PackageCache\com.unity.visualscripting@1.8.0\Editor\VisualScripting.Core\Dependencies\DotNetZip\Unity.VisualScripting.IonicZip.dll
Symbol file LoadedFromMemory doesn't match image D:\GameProject\BalonGameDilara\Library\PackageCache\com.unity.visualscripting@1.8.0\Editor\VisualScripting.Core\Dependencies\YamlDotNet\Unity.VisualScripting.YamlDotNet.dll
Native extension for WindowsStandalone target not found
Native extension for iOS target not found
Native extension for Android target not found
Refreshing native plugins compatible for Editor in 3.01 ms, found 4 plugins.
Preloading 0 native plugins for Editor in 0.00 ms.
Mono: successfully reloaded assembly
- Completed reload, in  1.830 seconds
Domain Reload Profiling:
	ReloadAssembly (1831ms)
		BeginReloadAssembly (154ms)
			ExecutionOrderSort (0ms)
			DisableScriptedObjects (6ms)
			BackupInstance (0ms)
			ReleaseScriptingObjects (0ms)
			CreateAndSetChildDomain (48ms)
		EndReloadAssembly (1526ms)
			LoadAssemblies (125ms)
			RebuildTransferFunctionScriptingTraits (0ms)
			SetupTypeCache (429ms)
			ReleaseScriptCaches (2ms)
			RebuildScriptCaches (58ms)
			SetupLoadedEditorAssemblies (795ms)
				LogAssemblyErrors (0ms)
				InitializePlatformSupportModulesInManaged (54ms)
				SetLoadedEditorAssemblies (1ms)
				RefreshPlugins (3ms)
				BeforeProcessingInitializeOnLoad (134ms)
				ProcessInitializeOnLoadAttributes (351ms)
				ProcessInitializeOnLoadMethodAttributes (249ms)
				AfterProcessingInitializeOnLoad (3ms)
				EditorAssembliesLoaded (0ms)
			ExecutionOrderSort2 (0ms)
			AwakeInstancesAfterBackupRestoration (16ms)
Platform modules already initialized, skipping
Refreshing native plugins compatible for Editor in 8.10 ms, found 4 plugins.
Preloading 0 native plugins for Editor in 0.00 ms.
Unloading 4534 Unused Serialized files (Serialized files now loaded: 0)
Unloading 58 unused Assets / (197.5 KB). Loaded Objects now: 5295.
Memory consumption went from 169.1 MB to 168.9 MB.
Total: 11.159100 ms (FindLiveObjects: 0.732400 ms CreateObjectMapping: 0.845800 ms MarkObjects: 9.265100 ms  DeleteObjects: 0.313800 ms)

AssetImportParameters requested are different than current active one (requested -> active):
  custom:video-decoder-ogg-theora: a1e56fd34408186e4bbccfd4996cb3dc -> 
  custom:container-muxer-webm: aa71ff27fc2769a1b78a27578f13a17b -> 
  custom:container-demuxer-webm: 4f35f7cbe854078d1ac9338744f61a02 -> 
  custom:video-encoder-webm-vp8: eb34c28f22e8b96e1ab97ce403110664 -> 
  custom:audio-encoder-webm-vorbis: bf7c407c2cedff20999df2af8eb42d56 -> 
  custom:framework-win-MediaFoundation: 216162199b28c13a410421893ffa2e32 -> 
  custom:container-demuxer-ogg: 62fdf1f143b41e24485cea50d1cbac27 -> 
  custom:video-decoder-webm-vp8: 9c59270c3fd7afecdb556c50c9e8de78 -> 
  custom:audio-decoder-ogg-vorbis: bf7c407c2cedff20999df2af8eb42d56 -> 
Editor requested this worker to shutdown with reason: Scaling down because of idle timeout
AssetImportWorker is now disconnected from the server
Process exiting
Exiting without the bug reporter. Application will terminate with return code 0