Using pre-set license
Built from '2021.3/staging' branch; Version is '2021.3.16f1 (4016570cf34f) revision 4200023'; Using compiler version '192829333'; Build Type 'Release'
OS: 'Windows 11  (10.0.22621) 64bit Professional' Language: 'en' Physical Memory: 16222 MB
BatchMode: 1, IsHumanControllingUs: 0, StartBugReporterOnCrash: 0, Is64bit: 1, IsPro: 1

COMMAND LINE ARGUMENTS:
D:\UnityEditor\2021.3.16f1\Editor\Unity.exe
-adb2
-batchMode
-noUpm
-name
AssetImportWorker2
-projectPath
D:/GameProject/BalonGameDilara
-logFile
Logs/AssetImportWorker2.log
-srvPort
57723
Successfully changed project path to: D:/GameProject/BalonGameDilara
D:/GameProject/BalonGameDilara
[UnityMemory] Configuration Parameters - Can be set up in boot.config
    "memorysetup-bucket-allocator-granularity=16"
    "memorysetup-bucket-allocator-bucket-count=8"
    "memorysetup-bucket-allocator-block-size=33554432"
    "memorysetup-bucket-allocator-block-count=8"
    "memorysetup-main-allocator-block-size=16777216"
    "memorysetup-thread-allocator-block-size=16777216"
    "memorysetup-gfx-main-allocator-block-size=16777216"
    "memorysetup-gfx-thread-allocator-block-size=16777216"
    "memorysetup-cache-allocator-block-size=4194304"
    "memorysetup-typetree-allocator-block-size=2097152"
    "memorysetup-profiler-bucket-allocator-granularity=16"
    "memorysetup-profiler-bucket-allocator-bucket-count=8"
    "memorysetup-profiler-bucket-allocator-block-size=33554432"
    "memorysetup-profiler-bucket-allocator-block-count=8"
    "memorysetup-profiler-allocator-block-size=16777216"
    "memorysetup-profiler-editor-allocator-block-size=1048576"
    "memorysetup-temp-allocator-size-main=16777216"
    "memorysetup-job-temp-allocator-block-size=2097152"
    "memorysetup-job-temp-allocator-block-size-background=1048576"
    "memorysetup-job-temp-allocator-reduction-small-platforms=262144"
    "memorysetup-temp-allocator-size-background-worker=32768"
    "memorysetup-temp-allocator-size-job-worker=262144"
    "memorysetup-temp-allocator-size-preload-manager=33554432"
    "memorysetup-temp-allocator-size-nav-mesh-worker=65536"
    "memorysetup-temp-allocator-size-audio-worker=65536"
    "memorysetup-temp-allocator-size-cloud-worker=32768"
    "memorysetup-temp-allocator-size-gi-baking-worker=262144"
    "memorysetup-temp-allocator-size-gfx=262144"
Player connection [7768] Host "[IP] 10.22.175.20 [Port] 0 [Flags] 2 [Guid] 4111631849 [EditorId] 4111631849 [Version] 1048832 [Id] WindowsEditor(7,Umitcan-PC) [Debug] 1 [PackageName] WindowsEditor [ProjectName] Editor" joined multi-casting on [225.0.0.222:54997]...

Player connection [7768] Host "[IP] 10.22.175.20 [Port] 0 [Flags] 2 [Guid] 4111631849 [EditorId] 4111631849 [Version] 1048832 [Id] WindowsEditor(7,Umitcan-PC) [Debug] 1 [PackageName] WindowsEditor [ProjectName] Editor" joined alternative multi-casting on [225.0.0.222:34997]...

Refreshing native plugins compatible for Editor in 148.22 ms, found 4 plugins.
Preloading 0 native plugins for Editor in 0.00 ms.
Initialize engine version: 2021.3.16f1 (4016570cf34f)
[Subsystems] Discovering subsystems at path D:/UnityEditor/2021.3.16f1/Editor/Data/Resources/UnitySubsystems
[Subsystems] Discovering subsystems at path D:/GameProject/BalonGameDilara/Assets
GfxDevice: creating device client; threaded=0; jobified=0
Direct3D:
    Version:  Direct3D 11.0 [level 11.1]
    Renderer: NVIDIA GeForce GTX 1650 (ID=0x1f99)
    Vendor:   NVIDIA
    VRAM:     3950 MB
    Driver:   31.0.15.3168
Initialize mono
Mono path[0] = 'D:/UnityEditor/2021.3.16f1/Editor/Data/Managed'
Mono path[1] = 'D:/UnityEditor/2021.3.16f1/Editor/Data/MonoBleedingEdge/lib/mono/unityjit-win32'
Mono config path = 'D:/UnityEditor/2021.3.16f1/Editor/Data/MonoBleedingEdge/etc'
Using monoOptions --debugger-agent=transport=dt_socket,embedding=1,server=y,suspend=n,address=127.0.0.1:56028
Begin MonoManager ReloadAssembly
Registering precompiled unity dll's ...
Register platform support module: D:/UnityEditor/2021.3.16f1/Editor/Data/PlaybackEngines/AndroidPlayer/UnityEditor.Android.Extensions.dll
Register platform support module: D:/UnityEditor/2021.3.16f1/Editor/Data/PlaybackEngines/iOSSupport/UnityEditor.iOS.Extensions.dll
Register platform support module: D:/UnityEditor/2021.3.16f1/Editor/Data/PlaybackEngines/WindowsStandaloneSupport/UnityEditor.WindowsStandalone.Extensions.dll
Registered in 0.002378 seconds.
Native extension for WindowsStandalone target not found
[usbmuxd] Start listen thread
[usbmuxd] Listen thread started
[usbmuxd] Send listen message
Native extension for iOS target not found
Native extension for Android target not found
Refreshing native plugins compatible for Editor in 137.01 ms, found 4 plugins.
Preloading 0 native plugins for Editor in 0.00 ms.
Mono: successfully reloaded assembly
- Completed reload, in  0.762 seconds
Domain Reload Profiling:
	ReloadAssembly (762ms)
		BeginReloadAssembly (76ms)
			ExecutionOrderSort (0ms)
			DisableScriptedObjects (0ms)
			BackupInstance (0ms)
			ReleaseScriptingObjects (0ms)
			CreateAndSetChildDomain (1ms)
		EndReloadAssembly (564ms)
			LoadAssemblies (76ms)
			RebuildTransferFunctionScriptingTraits (0ms)
			SetupTypeCache (148ms)
			ReleaseScriptCaches (0ms)
			RebuildScriptCaches (26ms)
			SetupLoadedEditorAssemblies (337ms)
				LogAssemblyErrors (0ms)
				InitializePlatformSupportModulesInManaged (58ms)
				SetLoadedEditorAssemblies (0ms)
				RefreshPlugins (137ms)
				BeforeProcessingInitializeOnLoad (1ms)
				ProcessInitializeOnLoadAttributes (97ms)
				ProcessInitializeOnLoadMethodAttributes (44ms)
				AfterProcessingInitializeOnLoad (0ms)
				EditorAssembliesLoaded (0ms)
			ExecutionOrderSort2 (0ms)
			AwakeInstancesAfterBackupRestoration (0ms)
Platform modules already initialized, skipping
Registering precompiled user dll's ...
Registered in 0.004828 seconds.
Begin MonoManager ReloadAssembly
Symbol file LoadedFromMemory doesn't match image D:\GameProject\BalonGameDilara\Library\PackageCache\com.unity.visualscripting@1.8.0\Editor\VisualScripting.Core\Dependencies\DotNetZip\Unity.VisualScripting.IonicZip.dll
Symbol file LoadedFromMemory doesn't match image D:\GameProject\BalonGameDilara\Library\PackageCache\com.unity.visualscripting@1.8.0\Editor\VisualScripting.Core\Dependencies\YamlDotNet\Unity.VisualScripting.YamlDotNet.dll
Native extension for WindowsStandalone target not found
Native extension for iOS target not found
Native extension for Android target not found
Refreshing native plugins compatible for Editor in 116.51 ms, found 4 plugins.
Preloading 0 native plugins for Editor in 0.00 ms.
Mono: successfully reloaded assembly
- Completed reload, in  1.310 seconds
Domain Reload Profiling:
	ReloadAssembly (1311ms)
		BeginReloadAssembly (194ms)
			ExecutionOrderSort (0ms)
			DisableScriptedObjects (6ms)
			BackupInstance (0ms)
			ReleaseScriptingObjects (0ms)
			CreateAndSetChildDomain (119ms)
		EndReloadAssembly (1013ms)
			LoadAssemblies (77ms)
			RebuildTransferFunctionScriptingTraits (0ms)
			SetupTypeCache (254ms)
			ReleaseScriptCaches (1ms)
			RebuildScriptCaches (68ms)
			SetupLoadedEditorAssemblies (569ms)
				LogAssemblyErrors (0ms)
				InitializePlatformSupportModulesInManaged (19ms)
				SetLoadedEditorAssemblies (0ms)
				RefreshPlugins (117ms)
				BeforeProcessingInitializeOnLoad (92ms)
				ProcessInitializeOnLoadAttributes (213ms)
				ProcessInitializeOnLoadMethodAttributes (126ms)
				AfterProcessingInitializeOnLoad (2ms)
				EditorAssembliesLoaded (0ms)
			ExecutionOrderSort2 (0ms)
			AwakeInstancesAfterBackupRestoration (6ms)
Platform modules already initialized, skipping
========================================================================
Worker process is ready to serve import requests
Launched and connected shader compiler UnityShaderCompiler.exe after 0.04 seconds
Refreshing native plugins compatible for Editor in 1.36 ms, found 4 plugins.
Preloading 0 native plugins for Editor in 0.00 ms.
Unloading 4533 Unused Serialized files (Serialized files now loaded: 0)
Unloading 71 unused Assets / (230.5 KB). Loaded Objects now: 4962.
Memory consumption went from 163.9 MB to 163.7 MB.
Total: 6.182200 ms (FindLiveObjects: 0.369400 ms CreateObjectMapping: 0.399000 ms MarkObjects: 5.242000 ms  DeleteObjects: 0.170400 ms)

AssetImportParameters requested are different than current active one (requested -> active):
  custom:video-decoder-ogg-theora: a1e56fd34408186e4bbccfd4996cb3dc -> 
  custom:container-muxer-webm: aa71ff27fc2769a1b78a27578f13a17b -> 
  custom:container-demuxer-webm: 4f35f7cbe854078d1ac9338744f61a02 -> 
  custom:video-encoder-webm-vp8: eb34c28f22e8b96e1ab97ce403110664 -> 
  custom:audio-encoder-webm-vorbis: bf7c407c2cedff20999df2af8eb42d56 -> 
  custom:framework-win-MediaFoundation: 216162199b28c13a410421893ffa2e32 -> 
  custom:container-demuxer-ogg: 62fdf1f143b41e24485cea50d1cbac27 -> 
  custom:video-decoder-webm-vp8: 9c59270c3fd7afecdb556c50c9e8de78 -> 
  custom:audio-decoder-ogg-vorbis: bf7c407c2cedff20999df2af8eb42d56 -> 
========================================================================
Received Import Request.
  Time since last request: 234984.599279 seconds.
  path: Assets/Prefabs/Acid.prefab
  artifactKey: Guid(7d5a5eb24aaced846a8c4e23e38128c5) Importer(815301076,1909f56bfc062723c751e8b465ee728b)
Start importing Assets/Prefabs/Acid.prefab using Guid(7d5a5eb24aaced846a8c4e23e38128c5) Importer(815301076,1909f56bfc062723c751e8b465ee728b)  -> (artifact id: '3a0eee787ceda509778ceffb331c2e6f') in 0.106821 seconds 
========================================================================
Received Import Request.
  Time since last request: 19.487223 seconds.
  path: Assets/PlayerHealth/Hearts
  artifactKey: Guid(0ba53038ef90a9c4b9e8baf590049bd1) Importer(815301076,1909f56bfc062723c751e8b465ee728b)
Start importing Assets/PlayerHealth/Hearts using Guid(0ba53038ef90a9c4b9e8baf590049bd1) Importer(815301076,1909f56bfc062723c751e8b465ee728b)  -> (artifact id: 'b4a12536ae381fe65d2d81fa7af469ed') in 0.009176 seconds 
========================================================================
Received Import Request.
  Time since last request: 0.680446 seconds.
  path: Assets/PlayerHealth/Hearts/PNG
  artifactKey: Guid(661011513f45f2042a9beaea47554f7e) Importer(815301076,1909f56bfc062723c751e8b465ee728b)
Start importing Assets/PlayerHealth/Hearts/PNG using Guid(661011513f45f2042a9beaea47554f7e) Importer(815301076,1909f56bfc062723c751e8b465ee728b)  -> (artifact id: '3e2741a22e8e9adde5db02fa44d1c34d') in 0.008192 seconds 
========================================================================
Received Import Request.
  Time since last request: 1.777040 seconds.
  path: Assets/PlayerHealth/Hearts/PNG/health_bar
  artifactKey: Guid(a9ea974273cd50345893c3c188893a7d) Importer(815301076,1909f56bfc062723c751e8b465ee728b)
Start importing Assets/PlayerHealth/Hearts/PNG/health_bar using Guid(a9ea974273cd50345893c3c188893a7d) Importer(815301076,1909f56bfc062723c751e8b465ee728b)  -> (artifact id: 'fdf116e727d38374c64738b84a7a22c3') in 0.007976 seconds 
========================================================================
Received Import Request.
  Time since last request: 0.150835 seconds.
  path: Assets/PlayerHealth/Hearts/PNG/health_bar/health_bar.png
  artifactKey: Guid(a157fe659bfba034cb16ead572514e6f) Importer(815301076,1909f56bfc062723c751e8b465ee728b)
Start importing Assets/PlayerHealth/Hearts/PNG/health_bar/health_bar.png using Guid(a157fe659bfba034cb16ead572514e6f) Importer(815301076,1909f56bfc062723c751e8b465ee728b)  -> (artifact id: '1d329b19959c6d9a5d67da7aa8c22fae') in 0.071791 seconds 
========================================================================
Received Import Request.
  Time since last request: 2.087331 seconds.
  path: Assets/PlayerHealth/Hearts/PNG/basic/background.png
  artifactKey: Guid(83f81124d6ac778449b4cbc9834e4ae7) Importer(815301076,1909f56bfc062723c751e8b465ee728b)
Start importing Assets/PlayerHealth/Hearts/PNG/basic/background.png using Guid(83f81124d6ac778449b4cbc9834e4ae7) Importer(815301076,1909f56bfc062723c751e8b465ee728b)  -> (artifact id: 'b344ff8b1edd86fa68554b63d7445b24') in 0.018999 seconds 
========================================================================
Received Prepare
Registering precompiled user dll's ...
Registered in 0.006643 seconds.
Begin MonoManager ReloadAssembly
Symbol file LoadedFromMemory doesn't match image D:\GameProject\BalonGameDilara\Library\PackageCache\com.unity.visualscripting@1.8.0\Editor\VisualScripting.Core\Dependencies\DotNetZip\Unity.VisualScripting.IonicZip.dll
Symbol file LoadedFromMemory doesn't match image D:\GameProject\BalonGameDilara\Library\PackageCache\com.unity.visualscripting@1.8.0\Editor\VisualScripting.Core\Dependencies\YamlDotNet\Unity.VisualScripting.YamlDotNet.dll
Native extension for WindowsStandalone target not found
Native extension for iOS target not found
Native extension for Android target not found
Refreshing native plugins compatible for Editor in 3.06 ms, found 4 plugins.
Preloading 0 native plugins for Editor in 0.00 ms.
Mono: successfully reloaded assembly
- Completed reload, in  1.619 seconds
Domain Reload Profiling:
	ReloadAssembly (1619ms)
		BeginReloadAssembly (150ms)
			ExecutionOrderSort (0ms)
			DisableScriptedObjects (8ms)
			BackupInstance (0ms)
			ReleaseScriptingObjects (0ms)
			CreateAndSetChildDomain (48ms)
		EndReloadAssembly (1364ms)
			LoadAssemblies (102ms)
			RebuildTransferFunctionScriptingTraits (0ms)
			SetupTypeCache (348ms)
			ReleaseScriptCaches (3ms)
			RebuildScriptCaches (84ms)
			SetupLoadedEditorAssemblies (735ms)
				LogAssemblyErrors (0ms)
				InitializePlatformSupportModulesInManaged (50ms)
				SetLoadedEditorAssemblies (1ms)
				RefreshPlugins (3ms)
				BeforeProcessingInitializeOnLoad (113ms)
				ProcessInitializeOnLoadAttributes (348ms)
				ProcessInitializeOnLoadMethodAttributes (217ms)
				AfterProcessingInitializeOnLoad (4ms)
				EditorAssembliesLoaded (0ms)
			ExecutionOrderSort2 (0ms)
			AwakeInstancesAfterBackupRestoration (14ms)
Platform modules already initialized, skipping
Refreshing native plugins compatible for Editor in 6.73 ms, found 4 plugins.
Preloading 0 native plugins for Editor in 0.00 ms.
Unloading 4528 Unused Serialized files (Serialized files now loaded: 0)
Unloading 58 unused Assets / (196.9 KB). Loaded Objects now: 4973.
Memory consumption went from 168.3 MB to 168.1 MB.
Total: 10.012200 ms (FindLiveObjects: 0.473500 ms CreateObjectMapping: 0.731700 ms MarkObjects: 8.525500 ms  DeleteObjects: 0.279500 ms)

AssetImportParameters requested are different than current active one (requested -> active):
  custom:video-decoder-ogg-theora: a1e56fd34408186e4bbccfd4996cb3dc -> 
  custom:container-muxer-webm: aa71ff27fc2769a1b78a27578f13a17b -> 
  custom:container-demuxer-webm: 4f35f7cbe854078d1ac9338744f61a02 -> 
  custom:video-encoder-webm-vp8: eb34c28f22e8b96e1ab97ce403110664 -> 
  custom:audio-encoder-webm-vorbis: bf7c407c2cedff20999df2af8eb42d56 -> 
  custom:framework-win-MediaFoundation: 216162199b28c13a410421893ffa2e32 -> 
  custom:container-demuxer-ogg: 62fdf1f143b41e24485cea50d1cbac27 -> 
  custom:video-decoder-webm-vp8: 9c59270c3fd7afecdb556c50c9e8de78 -> 
  custom:audio-decoder-ogg-vorbis: bf7c407c2cedff20999df2af8eb42d56 -> 
========================================================================
Received Import Request.
  Time since last request: 70.194349 seconds.
  path: Assets/Character/2D Platformer Controller/Art/Sprites/Characters/Player_Reko/FInal_Character_Idle.png
  artifactKey: Guid(29697c9d7181152499925f774a855363) Importer(815301076,1909f56bfc062723c751e8b465ee728b)
Start importing Assets/Character/2D Platformer Controller/Art/Sprites/Characters/Player_Reko/FInal_Character_Idle.png using Guid(29697c9d7181152499925f774a855363) Importer(815301076,1909f56bfc062723c751e8b465ee728b)  -> (artifact id: 'a68cc0449579d130263d4e8ff9885e91') in 0.104946 seconds 
========================================================================
Received Import Request.
  Time since last request: 50.638898 seconds.
  path: Assets/Scenes/Level2.unity
  artifactKey: Guid(888250041cd9cd44fb4d1781be6ea170) Importer(815301076,1909f56bfc062723c751e8b465ee728b)
Start importing Assets/Scenes/Level2.unity using Guid(888250041cd9cd44fb4d1781be6ea170) Importer(815301076,1909f56bfc062723c751e8b465ee728b)  -> (artifact id: '05a59c533e05d8455d39744983da9bc9') in 0.002229 seconds 
========================================================================
Received Prepare
Registering precompiled user dll's ...
Registered in 0.005354 seconds.
Begin MonoManager ReloadAssembly
Symbol file LoadedFromMemory doesn't match image D:\GameProject\BalonGameDilara\Library\PackageCache\com.unity.visualscripting@1.8.0\Editor\VisualScripting.Core\Dependencies\DotNetZip\Unity.VisualScripting.IonicZip.dll
Symbol file LoadedFromMemory doesn't match image D:\GameProject\BalonGameDilara\Library\PackageCache\com.unity.visualscripting@1.8.0\Editor\VisualScripting.Core\Dependencies\YamlDotNet\Unity.VisualScripting.YamlDotNet.dll
Native extension for WindowsStandalone target not found
Native extension for iOS target not found
Native extension for Android target not found
Refreshing native plugins compatible for Editor in 1.37 ms, found 4 plugins.
Preloading 0 native plugins for Editor in 0.00 ms.
Mono: successfully reloaded assembly
- Completed reload, in  1.508 seconds
Domain Reload Profiling:
	ReloadAssembly (1509ms)
		BeginReloadAssembly (150ms)
			ExecutionOrderSort (0ms)
			DisableScriptedObjects (8ms)
			BackupInstance (0ms)
			ReleaseScriptingObjects (0ms)
			CreateAndSetChildDomain (52ms)
		EndReloadAssembly (1228ms)
			LoadAssemblies (101ms)
			RebuildTransferFunctionScriptingTraits (0ms)
			SetupTypeCache (378ms)
			ReleaseScriptCaches (2ms)
			RebuildScriptCaches (72ms)
			SetupLoadedEditorAssemblies (601ms)
				LogAssemblyErrors (0ms)
				InitializePlatformSupportModulesInManaged (40ms)
				SetLoadedEditorAssemblies (1ms)
				RefreshPlugins (1ms)
				BeforeProcessingInitializeOnLoad (107ms)
				ProcessInitializeOnLoadAttributes (264ms)
				ProcessInitializeOnLoadMethodAttributes (185ms)
				AfterProcessingInitializeOnLoad (3ms)
				EditorAssembliesLoaded (0ms)
			ExecutionOrderSort2 (0ms)
			AwakeInstancesAfterBackupRestoration (12ms)
Platform modules already initialized, skipping
Refreshing native plugins compatible for Editor in 8.07 ms, found 4 plugins.
Preloading 0 native plugins for Editor in 0.00 ms.
Unloading 4528 Unused Serialized files (Serialized files now loaded: 0)
Unloading 58 unused Assets / (196.8 KB). Loaded Objects now: 4979.
Memory consumption went from 168.3 MB to 168.1 MB.
Total: 7.151500 ms (FindLiveObjects: 0.340700 ms CreateObjectMapping: 0.310700 ms MarkObjects: 6.323400 ms  DeleteObjects: 0.175400 ms)

AssetImportParameters requested are different than current active one (requested -> active):
  custom:video-decoder-ogg-theora: a1e56fd34408186e4bbccfd4996cb3dc -> 
  custom:container-muxer-webm: aa71ff27fc2769a1b78a27578f13a17b -> 
  custom:container-demuxer-webm: 4f35f7cbe854078d1ac9338744f61a02 -> 
  custom:video-encoder-webm-vp8: eb34c28f22e8b96e1ab97ce403110664 -> 
  custom:audio-encoder-webm-vorbis: bf7c407c2cedff20999df2af8eb42d56 -> 
  custom:framework-win-MediaFoundation: 216162199b28c13a410421893ffa2e32 -> 
  custom:container-demuxer-ogg: 62fdf1f143b41e24485cea50d1cbac27 -> 
  custom:video-decoder-webm-vp8: 9c59270c3fd7afecdb556c50c9e8de78 -> 
  custom:audio-decoder-ogg-vorbis: bf7c407c2cedff20999df2af8eb42d56 -> 
========================================================================
Received Prepare
Registering precompiled user dll's ...
Registered in 0.007841 seconds.
Begin MonoManager ReloadAssembly
Symbol file LoadedFromMemory doesn't match image D:\GameProject\BalonGameDilara\Library\PackageCache\com.unity.visualscripting@1.8.0\Editor\VisualScripting.Core\Dependencies\DotNetZip\Unity.VisualScripting.IonicZip.dll
Symbol file LoadedFromMemory doesn't match image D:\GameProject\BalonGameDilara\Library\PackageCache\com.unity.visualscripting@1.8.0\Editor\VisualScripting.Core\Dependencies\YamlDotNet\Unity.VisualScripting.YamlDotNet.dll
Native extension for WindowsStandalone target not found
Native extension for iOS target not found
Native extension for Android target not found
Refreshing native plugins compatible for Editor in 1.90 ms, found 4 plugins.
Preloading 0 native plugins for Editor in 0.00 ms.
Mono: successfully reloaded assembly
- Completed reload, in  1.585 seconds
Domain Reload Profiling:
	ReloadAssembly (1586ms)
		BeginReloadAssembly (145ms)
			ExecutionOrderSort (0ms)
			DisableScriptedObjects (7ms)
			BackupInstance (0ms)
			ReleaseScriptingObjects (0ms)
			CreateAndSetChildDomain (44ms)
		EndReloadAssembly (1317ms)
			LoadAssemblies (230ms)
			RebuildTransferFunctionScriptingTraits (0ms)
			SetupTypeCache (355ms)
			ReleaseScriptCaches (2ms)
			RebuildScriptCaches (66ms)
			SetupLoadedEditorAssemblies (599ms)
				LogAssemblyErrors (0ms)
				InitializePlatformSupportModulesInManaged (40ms)
				SetLoadedEditorAssemblies (1ms)
				RefreshPlugins (2ms)
				BeforeProcessingInitializeOnLoad (96ms)
				ProcessInitializeOnLoadAttributes (268ms)
				ProcessInitializeOnLoadMethodAttributes (189ms)
				AfterProcessingInitializeOnLoad (3ms)
				EditorAssembliesLoaded (0ms)
			ExecutionOrderSort2 (0ms)
			AwakeInstancesAfterBackupRestoration (12ms)
Platform modules already initialized, skipping
Refreshing native plugins compatible for Editor in 6.84 ms, found 4 plugins.
Preloading 0 native plugins for Editor in 0.00 ms.
Unloading 4528 Unused Serialized files (Serialized files now loaded: 0)
Unloading 58 unused Assets / (197.0 KB). Loaded Objects now: 4982.
Memory consumption went from 168.3 MB to 168.1 MB.
Total: 8.481700 ms (FindLiveObjects: 0.348500 ms CreateObjectMapping: 0.549700 ms MarkObjects: 7.349100 ms  DeleteObjects: 0.232900 ms)

AssetImportParameters requested are different than current active one (requested -> active):
  custom:video-decoder-ogg-theora: a1e56fd34408186e4bbccfd4996cb3dc -> 
  custom:container-muxer-webm: aa71ff27fc2769a1b78a27578f13a17b -> 
  custom:container-demuxer-webm: 4f35f7cbe854078d1ac9338744f61a02 -> 
  custom:video-encoder-webm-vp8: eb34c28f22e8b96e1ab97ce403110664 -> 
  custom:audio-encoder-webm-vorbis: bf7c407c2cedff20999df2af8eb42d56 -> 
  custom:framework-win-MediaFoundation: 216162199b28c13a410421893ffa2e32 -> 
  custom:container-demuxer-ogg: 62fdf1f143b41e24485cea50d1cbac27 -> 
  custom:video-decoder-webm-vp8: 9c59270c3fd7afecdb556c50c9e8de78 -> 
  custom:audio-decoder-ogg-vorbis: bf7c407c2cedff20999df2af8eb42d56 -> 
========================================================================
Received Prepare
Registering precompiled user dll's ...
Registered in 0.005256 seconds.
Begin MonoManager ReloadAssembly
Symbol file LoadedFromMemory doesn't match image D:\GameProject\BalonGameDilara\Library\PackageCache\com.unity.visualscripting@1.8.0\Editor\VisualScripting.Core\Dependencies\DotNetZip\Unity.VisualScripting.IonicZip.dll
Symbol file LoadedFromMemory doesn't match image D:\GameProject\BalonGameDilara\Library\PackageCache\com.unity.visualscripting@1.8.0\Editor\VisualScripting.Core\Dependencies\YamlDotNet\Unity.VisualScripting.YamlDotNet.dll
Native extension for WindowsStandalone target not found
Native extension for iOS target not found
Native extension for Android target not found
Refreshing native plugins compatible for Editor in 1.25 ms, found 4 plugins.
Preloading 0 native plugins for Editor in 0.00 ms.
Mono: successfully reloaded assembly
- Completed reload, in  1.359 seconds
Domain Reload Profiling:
	ReloadAssembly (1360ms)
		BeginReloadAssembly (137ms)
			ExecutionOrderSort (0ms)
			DisableScriptedObjects (7ms)
			BackupInstance (0ms)
			ReleaseScriptingObjects (0ms)
			CreateAndSetChildDomain (42ms)
		EndReloadAssembly (1110ms)
			LoadAssemblies (105ms)
			RebuildTransferFunctionScriptingTraits (0ms)
			SetupTypeCache (374ms)
			ReleaseScriptCaches (2ms)
			RebuildScriptCaches (58ms)
			SetupLoadedEditorAssemblies (482ms)
				LogAssemblyErrors (0ms)
				InitializePlatformSupportModulesInManaged (33ms)
				SetLoadedEditorAssemblies (1ms)
				RefreshPlugins (1ms)
				BeforeProcessingInitializeOnLoad (92ms)
				ProcessInitializeOnLoadAttributes (209ms)
				ProcessInitializeOnLoadMethodAttributes (143ms)
				AfterProcessingInitializeOnLoad (2ms)
				EditorAssembliesLoaded (0ms)
			ExecutionOrderSort2 (0ms)
			AwakeInstancesAfterBackupRestoration (10ms)
Platform modules already initialized, skipping
Refreshing native plugins compatible for Editor in 4.71 ms, found 4 plugins.
Preloading 0 native plugins for Editor in 0.00 ms.
Unloading 4528 Unused Serialized files (Serialized files now loaded: 0)
Unloading 58 unused Assets / (196.6 KB). Loaded Objects now: 4985.
Memory consumption went from 168.3 MB to 168.1 MB.
Total: 7.403500 ms (FindLiveObjects: 0.328100 ms CreateObjectMapping: 0.287900 ms MarkObjects: 6.609900 ms  DeleteObjects: 0.176300 ms)

AssetImportParameters requested are different than current active one (requested -> active):
  custom:video-decoder-ogg-theora: a1e56fd34408186e4bbccfd4996cb3dc -> 
  custom:container-muxer-webm: aa71ff27fc2769a1b78a27578f13a17b -> 
  custom:container-demuxer-webm: 4f35f7cbe854078d1ac9338744f61a02 -> 
  custom:video-encoder-webm-vp8: eb34c28f22e8b96e1ab97ce403110664 -> 
  custom:audio-encoder-webm-vorbis: bf7c407c2cedff20999df2af8eb42d56 -> 
  custom:framework-win-MediaFoundation: 216162199b28c13a410421893ffa2e32 -> 
  custom:container-demuxer-ogg: 62fdf1f143b41e24485cea50d1cbac27 -> 
  custom:video-decoder-webm-vp8: 9c59270c3fd7afecdb556c50c9e8de78 -> 
  custom:audio-decoder-ogg-vorbis: bf7c407c2cedff20999df2af8eb42d56 -> 
========================================================================
Received Prepare
Registering precompiled user dll's ...
Registered in 0.005304 seconds.
Begin MonoManager ReloadAssembly
Symbol file LoadedFromMemory doesn't match image D:\GameProject\BalonGameDilara\Library\PackageCache\com.unity.visualscripting@1.8.0\Editor\VisualScripting.Core\Dependencies\DotNetZip\Unity.VisualScripting.IonicZip.dll
Symbol file LoadedFromMemory doesn't match image D:\GameProject\BalonGameDilara\Library\PackageCache\com.unity.visualscripting@1.8.0\Editor\VisualScripting.Core\Dependencies\YamlDotNet\Unity.VisualScripting.YamlDotNet.dll
Native extension for WindowsStandalone target not found
Native extension for iOS target not found
Native extension for Android target not found
Refreshing native plugins compatible for Editor in 1.41 ms, found 4 plugins.
Preloading 0 native plugins for Editor in 0.00 ms.
Mono: successfully reloaded assembly
- Completed reload, in  1.507 seconds
Domain Reload Profiling:
	ReloadAssembly (1508ms)
		BeginReloadAssembly (145ms)
			ExecutionOrderSort (0ms)
			DisableScriptedObjects (7ms)
			BackupInstance (0ms)
			ReleaseScriptingObjects (0ms)
			CreateAndSetChildDomain (43ms)
		EndReloadAssembly (1243ms)
			LoadAssemblies (108ms)
			RebuildTransferFunctionScriptingTraits (0ms)
			SetupTypeCache (407ms)
			ReleaseScriptCaches (2ms)
			RebuildScriptCaches (67ms)
			SetupLoadedEditorAssemblies (586ms)
				LogAssemblyErrors (0ms)
				InitializePlatformSupportModulesInManaged (38ms)
				SetLoadedEditorAssemblies (1ms)
				RefreshPlugins (1ms)
				BeforeProcessingInitializeOnLoad (97ms)
				ProcessInitializeOnLoadAttributes (262ms)
				ProcessInitializeOnLoadMethodAttributes (184ms)
				AfterProcessingInitializeOnLoad (3ms)
				EditorAssembliesLoaded (0ms)
			ExecutionOrderSort2 (0ms)
			AwakeInstancesAfterBackupRestoration (12ms)
Platform modules already initialized, skipping
Refreshing native plugins compatible for Editor in 5.55 ms, found 4 plugins.
Preloading 0 native plugins for Editor in 0.00 ms.
Unloading 4528 Unused Serialized files (Serialized files now loaded: 0)
Unloading 58 unused Assets / (196.6 KB). Loaded Objects now: 4988.
Memory consumption went from 168.3 MB to 168.1 MB.
Total: 8.545100 ms (FindLiveObjects: 0.344300 ms CreateObjectMapping: 0.477100 ms MarkObjects: 7.553900 ms  DeleteObjects: 0.168300 ms)

AssetImportParameters requested are different than current active one (requested -> active):
  custom:video-decoder-ogg-theora: a1e56fd34408186e4bbccfd4996cb3dc -> 
  custom:container-muxer-webm: aa71ff27fc2769a1b78a27578f13a17b -> 
  custom:container-demuxer-webm: 4f35f7cbe854078d1ac9338744f61a02 -> 
  custom:video-encoder-webm-vp8: eb34c28f22e8b96e1ab97ce403110664 -> 
  custom:audio-encoder-webm-vorbis: bf7c407c2cedff20999df2af8eb42d56 -> 
  custom:framework-win-MediaFoundation: 216162199b28c13a410421893ffa2e32 -> 
  custom:container-demuxer-ogg: 62fdf1f143b41e24485cea50d1cbac27 -> 
  custom:video-decoder-webm-vp8: 9c59270c3fd7afecdb556c50c9e8de78 -> 
  custom:audio-decoder-ogg-vorbis: bf7c407c2cedff20999df2af8eb42d56 -> 
========================================================================
Received Prepare
Registering precompiled user dll's ...
Registered in 0.004880 seconds.
Begin MonoManager ReloadAssembly
Symbol file LoadedFromMemory doesn't match image D:\GameProject\BalonGameDilara\Library\PackageCache\com.unity.visualscripting@1.8.0\Editor\VisualScripting.Core\Dependencies\DotNetZip\Unity.VisualScripting.IonicZip.dll
Symbol file LoadedFromMemory doesn't match image D:\GameProject\BalonGameDilara\Library\PackageCache\com.unity.visualscripting@1.8.0\Editor\VisualScripting.Core\Dependencies\YamlDotNet\Unity.VisualScripting.YamlDotNet.dll
Native extension for WindowsStandalone target not found
Native extension for iOS target not found
Native extension for Android target not found
Refreshing native plugins compatible for Editor in 1.17 ms, found 4 plugins.
Preloading 0 native plugins for Editor in 0.00 ms.
Mono: successfully reloaded assembly
- Completed reload, in  1.379 seconds
Domain Reload Profiling:
	ReloadAssembly (1380ms)
		BeginReloadAssembly (168ms)
			ExecutionOrderSort (0ms)
			DisableScriptedObjects (13ms)
			BackupInstance (0ms)
			ReleaseScriptingObjects (0ms)
			CreateAndSetChildDomain (51ms)
		EndReloadAssembly (1089ms)
			LoadAssemblies (112ms)
			RebuildTransferFunctionScriptingTraits (0ms)
			SetupTypeCache (382ms)
			ReleaseScriptCaches (2ms)
			RebuildScriptCaches (65ms)
			SetupLoadedEditorAssemblies (489ms)
				LogAssemblyErrors (0ms)
				InitializePlatformSupportModulesInManaged (29ms)
				SetLoadedEditorAssemblies (0ms)
				RefreshPlugins (1ms)
				BeforeProcessingInitializeOnLoad (80ms)
				ProcessInitializeOnLoadAttributes (219ms)
				ProcessInitializeOnLoadMethodAttributes (156ms)
				AfterProcessingInitializeOnLoad (3ms)
				EditorAssembliesLoaded (0ms)
			ExecutionOrderSort2 (0ms)
			AwakeInstancesAfterBackupRestoration (9ms)
Platform modules already initialized, skipping
Refreshing native plugins compatible for Editor in 5.74 ms, found 4 plugins.
Preloading 0 native plugins for Editor in 0.00 ms.
Unloading 4534 Unused Serialized files (Serialized files now loaded: 0)
Unloading 58 unused Assets / (196.6 KB). Loaded Objects now: 4997.
Memory consumption went from 168.4 MB to 168.3 MB.
Total: 10.619400 ms (FindLiveObjects: 0.417500 ms CreateObjectMapping: 0.593500 ms MarkObjects: 9.328500 ms  DeleteObjects: 0.277900 ms)

AssetImportParameters requested are different than current active one (requested -> active):
  custom:video-decoder-ogg-theora: a1e56fd34408186e4bbccfd4996cb3dc -> 
  custom:container-muxer-webm: aa71ff27fc2769a1b78a27578f13a17b -> 
  custom:container-demuxer-webm: 4f35f7cbe854078d1ac9338744f61a02 -> 
  custom:video-encoder-webm-vp8: eb34c28f22e8b96e1ab97ce403110664 -> 
  custom:audio-encoder-webm-vorbis: bf7c407c2cedff20999df2af8eb42d56 -> 
  custom:framework-win-MediaFoundation: 216162199b28c13a410421893ffa2e32 -> 
  custom:container-demuxer-ogg: 62fdf1f143b41e24485cea50d1cbac27 -> 
  custom:video-decoder-webm-vp8: 9c59270c3fd7afecdb556c50c9e8de78 -> 
  custom:audio-decoder-ogg-vorbis: bf7c407c2cedff20999df2af8eb42d56 -> 
========================================================================
Received Import Request.
  Time since last request: 245.718572 seconds.
  path: Assets/Scripts/AddHealth.cs
  artifactKey: Guid(ee2c934aeee24364cb8782a5688143ff) Importer(815301076,1909f56bfc062723c751e8b465ee728b)
Start importing Assets/Scripts/AddHealth.cs using Guid(ee2c934aeee24364cb8782a5688143ff) Importer(815301076,1909f56bfc062723c751e8b465ee728b)  -> (artifact id: '18ea6b723bc439179de84bc5cb397f8c') in 0.011990 seconds 
========================================================================
Received Prepare
Registering precompiled user dll's ...
Registered in 0.006081 seconds.
Begin MonoManager ReloadAssembly
Symbol file LoadedFromMemory doesn't match image D:\GameProject\BalonGameDilara\Library\PackageCache\com.unity.visualscripting@1.8.0\Editor\VisualScripting.Core\Dependencies\DotNetZip\Unity.VisualScripting.IonicZip.dll
Symbol file LoadedFromMemory doesn't match image D:\GameProject\BalonGameDilara\Library\PackageCache\com.unity.visualscripting@1.8.0\Editor\VisualScripting.Core\Dependencies\YamlDotNet\Unity.VisualScripting.YamlDotNet.dll
Native extension for WindowsStandalone target not found
Native extension for iOS target not found
Native extension for Android target not found
Refreshing native plugins compatible for Editor in 1.72 ms, found 4 plugins.
Preloading 0 native plugins for Editor in 0.00 ms.
Mono: successfully reloaded assembly
- Completed reload, in  1.554 seconds
Domain Reload Profiling:
	ReloadAssembly (1555ms)
		BeginReloadAssembly (134ms)
			ExecutionOrderSort (0ms)
			DisableScriptedObjects (9ms)
			BackupInstance (0ms)
			ReleaseScriptingObjects (0ms)
			CreateAndSetChildDomain (42ms)
		EndReloadAssembly (1281ms)
			LoadAssemblies (102ms)
			RebuildTransferFunctionScriptingTraits (0ms)
			SetupTypeCache (369ms)
			ReleaseScriptCaches (3ms)
			RebuildScriptCaches (65ms)
			SetupLoadedEditorAssemblies (668ms)
				LogAssemblyErrors (0ms)
				InitializePlatformSupportModulesInManaged (40ms)
				SetLoadedEditorAssemblies (1ms)
				RefreshPlugins (2ms)
				BeforeProcessingInitializeOnLoad (90ms)
				ProcessInitializeOnLoadAttributes (334ms)
				ProcessInitializeOnLoadMethodAttributes (198ms)
				AfterProcessingInitializeOnLoad (2ms)
				EditorAssembliesLoaded (0ms)
			ExecutionOrderSort2 (0ms)
			AwakeInstancesAfterBackupRestoration (12ms)
Platform modules already initialized, skipping
Refreshing native plugins compatible for Editor in 5.16 ms, found 4 plugins.
Preloading 0 native plugins for Editor in 0.00 ms.
Unloading 4534 Unused Serialized files (Serialized files now loaded: 0)
Unloading 58 unused Assets / (196.5 KB). Loaded Objects now: 5000.
Memory consumption went from 168.5 MB to 168.3 MB.
Total: 7.238800 ms (FindLiveObjects: 0.416500 ms CreateObjectMapping: 0.438900 ms MarkObjects: 6.209800 ms  DeleteObjects: 0.172200 ms)

AssetImportParameters requested are different than current active one (requested -> active):
  custom:video-decoder-ogg-theora: a1e56fd34408186e4bbccfd4996cb3dc -> 
  custom:container-muxer-webm: aa71ff27fc2769a1b78a27578f13a17b -> 
  custom:container-demuxer-webm: 4f35f7cbe854078d1ac9338744f61a02 -> 
  custom:video-encoder-webm-vp8: eb34c28f22e8b96e1ab97ce403110664 -> 
  custom:audio-encoder-webm-vorbis: bf7c407c2cedff20999df2af8eb42d56 -> 
  custom:framework-win-MediaFoundation: 216162199b28c13a410421893ffa2e32 -> 
  custom:container-demuxer-ogg: 62fdf1f143b41e24485cea50d1cbac27 -> 
  custom:video-decoder-webm-vp8: 9c59270c3fd7afecdb556c50c9e8de78 -> 
  custom:audio-decoder-ogg-vorbis: bf7c407c2cedff20999df2af8eb42d56 -> 
========================================================================
Received Prepare
Registering precompiled user dll's ...
Registered in 0.006597 seconds.
Begin MonoManager ReloadAssembly
Symbol file LoadedFromMemory doesn't match image D:\GameProject\BalonGameDilara\Library\PackageCache\com.unity.visualscripting@1.8.0\Editor\VisualScripting.Core\Dependencies\DotNetZip\Unity.VisualScripting.IonicZip.dll
Symbol file LoadedFromMemory doesn't match image D:\GameProject\BalonGameDilara\Library\PackageCache\com.unity.visualscripting@1.8.0\Editor\VisualScripting.Core\Dependencies\YamlDotNet\Unity.VisualScripting.YamlDotNet.dll
Native extension for WindowsStandalone target not found
Native extension for iOS target not found
Native extension for Android target not found
Refreshing native plugins compatible for Editor in 1.49 ms, found 4 plugins.
Preloading 0 native plugins for Editor in 0.00 ms.
Mono: successfully reloaded assembly
- Completed reload, in  1.509 seconds
Domain Reload Profiling:
	ReloadAssembly (1510ms)
		BeginReloadAssembly (133ms)
			ExecutionOrderSort (0ms)
			DisableScriptedObjects (9ms)
			BackupInstance (0ms)
			ReleaseScriptingObjects (0ms)
			CreateAndSetChildDomain (41ms)
		EndReloadAssembly (1254ms)
			LoadAssemblies (107ms)
			RebuildTransferFunctionScriptingTraits (0ms)
			SetupTypeCache (404ms)
			ReleaseScriptCaches (2ms)
			RebuildScriptCaches (70ms)
			SetupLoadedEditorAssemblies (582ms)
				LogAssemblyErrors (0ms)
				InitializePlatformSupportModulesInManaged (37ms)
				SetLoadedEditorAssemblies (1ms)
				RefreshPlugins (2ms)
				BeforeProcessingInitializeOnLoad (98ms)
				ProcessInitializeOnLoadAttributes (260ms)
				ProcessInitializeOnLoadMethodAttributes (182ms)
				AfterProcessingInitializeOnLoad (3ms)
				EditorAssembliesLoaded (0ms)
			ExecutionOrderSort2 (0ms)
			AwakeInstancesAfterBackupRestoration (13ms)
Platform modules already initialized, skipping
Refreshing native plugins compatible for Editor in 4.01 ms, found 4 plugins.
Preloading 0 native plugins for Editor in 0.00 ms.
Unloading 4534 Unused Serialized files (Serialized files now loaded: 0)
Unloading 58 unused Assets / (196.6 KB). Loaded Objects now: 5003.
Memory consumption went from 168.5 MB to 168.3 MB.
Total: 5.920100 ms (FindLiveObjects: 0.306300 ms CreateObjectMapping: 0.271800 ms MarkObjects: 5.131200 ms  DeleteObjects: 0.209300 ms)

AssetImportParameters requested are different than current active one (requested -> active):
  custom:video-decoder-ogg-theora: a1e56fd34408186e4bbccfd4996cb3dc -> 
  custom:container-muxer-webm: aa71ff27fc2769a1b78a27578f13a17b -> 
  custom:container-demuxer-webm: 4f35f7cbe854078d1ac9338744f61a02 -> 
  custom:video-encoder-webm-vp8: eb34c28f22e8b96e1ab97ce403110664 -> 
  custom:audio-encoder-webm-vorbis: bf7c407c2cedff20999df2af8eb42d56 -> 
  custom:framework-win-MediaFoundation: 216162199b28c13a410421893ffa2e32 -> 
  custom:container-demuxer-ogg: 62fdf1f143b41e24485cea50d1cbac27 -> 
  custom:video-decoder-webm-vp8: 9c59270c3fd7afecdb556c50c9e8de78 -> 
  custom:audio-decoder-ogg-vorbis: bf7c407c2cedff20999df2af8eb42d56 -> 
========================================================================
Received Import Request.
  Time since last request: 300.256770 seconds.
  path: Assets/TıleMaps/Pink2_0.asset
  artifactKey: Guid(7d042ac5a2dff4e4ba5f48337f0f2bfe) Importer(815301076,1909f56bfc062723c751e8b465ee728b)
Start importing Assets/TıleMaps/Pink2_0.asset using Guid(7d042ac5a2dff4e4ba5f48337f0f2bfe) Importer(815301076,1909f56bfc062723c751e8b465ee728b)  -> (artifact id: 'b7c81c06f82e650ca57163509047444b') in 0.044422 seconds 
========================================================================
Received Import Request.
  Time since last request: 0.000030 seconds.
  path: Assets/TıleMaps/Pink2_3.asset
  artifactKey: Guid(91f0bb0af561fb240b4e53fdae204ebc) Importer(815301076,1909f56bfc062723c751e8b465ee728b)
Start importing Assets/TıleMaps/Pink2_3.asset using Guid(91f0bb0af561fb240b4e53fdae204ebc) Importer(815301076,1909f56bfc062723c751e8b465ee728b)  -> (artifact id: '8f5b2b293acb4dfe020bb07151cd836f') in 0.013558 seconds 
========================================================================
Received Import Request.
  Time since last request: 0.000049 seconds.
  path: Assets/TıleMaps/Pink2_23.asset
  artifactKey: Guid(bff1add65d4d0d44b9ec6dbac9a8c36a) Importer(815301076,1909f56bfc062723c751e8b465ee728b)
Start importing Assets/TıleMaps/Pink2_23.asset using Guid(bff1add65d4d0d44b9ec6dbac9a8c36a) Importer(815301076,1909f56bfc062723c751e8b465ee728b)  -> (artifact id: '0c5eb26f99fa3927ddc3c29e3ec4cd04') in 0.013017 seconds 
========================================================================
Received Import Request.
  Time since last request: 0.000025 seconds.
  path: Assets/TıleMaps/Pink2_19.asset
  artifactKey: Guid(334a6c70d7fccae45920d54691512e94) Importer(815301076,1909f56bfc062723c751e8b465ee728b)
Start importing Assets/TıleMaps/Pink2_19.asset using Guid(334a6c70d7fccae45920d54691512e94) Importer(815301076,1909f56bfc062723c751e8b465ee728b)  -> (artifact id: '6be815dca5b24d1c2b7a33fc6c000cc9') in 0.014774 seconds 
========================================================================
Received Import Request.
  Time since last request: 0.000026 seconds.
  path: Assets/TıleMaps/Pink2_38.asset
  artifactKey: Guid(a75447368cbac7b41b05a8147f7a778e) Importer(815301076,1909f56bfc062723c751e8b465ee728b)
Start importing Assets/TıleMaps/Pink2_38.asset using Guid(a75447368cbac7b41b05a8147f7a778e) Importer(815301076,1909f56bfc062723c751e8b465ee728b)  -> (artifact id: 'cd0aa882f506f5f3f9d217e1ecc8d8c7') in 0.011610 seconds 
========================================================================
Received Import Request.
  Time since last request: 0.000022 seconds.
  path: Assets/TıleMaps/Pink2_29.asset
  artifactKey: Guid(dab103e132025ca45bc9a9f9d407fb1f) Importer(815301076,1909f56bfc062723c751e8b465ee728b)
Start importing Assets/TıleMaps/Pink2_29.asset using Guid(dab103e132025ca45bc9a9f9d407fb1f) Importer(815301076,1909f56bfc062723c751e8b465ee728b)  -> (artifact id: 'd6a94b066d233ee20cd90f55b9184fdc') in 0.010762 seconds 
========================================================================
Received Import Request.
  Time since last request: 0.000030 seconds.
  path: Assets/TıleMaps/Pink2_11.asset
  artifactKey: Guid(6caab31f9d738964a8716b0aa76afe40) Importer(815301076,1909f56bfc062723c751e8b465ee728b)
Start importing Assets/TıleMaps/Pink2_11.asset using Guid(6caab31f9d738964a8716b0aa76afe40) Importer(815301076,1909f56bfc062723c751e8b465ee728b)  -> (artifact id: '348983221bdd2f3a08a457e7d9584350') in 0.010419 seconds 
========================================================================
Received Import Request.
  Time since last request: 0.000031 seconds.
  path: Assets/TıleMaps/Pink2_15.asset
  artifactKey: Guid(270d3ceb685e03f4683eaf20915c47d8) Importer(815301076,1909f56bfc062723c751e8b465ee728b)
Start importing Assets/TıleMaps/Pink2_15.asset using Guid(270d3ceb685e03f4683eaf20915c47d8) Importer(815301076,1909f56bfc062723c751e8b465ee728b)  -> (artifact id: '337038db64039b23a67d627d78850478') in 0.011290 seconds 
========================================================================
Received Import Request.
  Time since last request: 0.000031 seconds.
  path: Assets/TıleMaps/Pink2_39.asset
  artifactKey: Guid(e96e0028d5468574b86ab12e30cc7f07) Importer(815301076,1909f56bfc062723c751e8b465ee728b)
Start importing Assets/TıleMaps/Pink2_39.asset using Guid(e96e0028d5468574b86ab12e30cc7f07) Importer(815301076,1909f56bfc062723c751e8b465ee728b)  -> (artifact id: '2e63e90275d9e85e0f0ec8f9811ae215') in 0.013026 seconds 
========================================================================
Received Import Request.
  Time since last request: 0.000060 seconds.
  path: Assets/TıleMaps/Pink2_4.asset
  artifactKey: Guid(dd288dbd3cc0b4f45bffaaa6df06fe2a) Importer(815301076,1909f56bfc062723c751e8b465ee728b)
Start importing Assets/TıleMaps/Pink2_4.asset using Guid(dd288dbd3cc0b4f45bffaaa6df06fe2a) Importer(815301076,1909f56bfc062723c751e8b465ee728b)  -> (artifact id: 'e1a0828145b23c4f1c5432672ece5f6a') in 0.013890 seconds 
========================================================================
Received Import Request.
  Time since last request: 0.000027 seconds.
  path: Assets/TıleMaps/Pink2_12.asset
  artifactKey: Guid(5d0dd68af10714f4fbffb4706dbe5e21) Importer(815301076,1909f56bfc062723c751e8b465ee728b)
Start importing Assets/TıleMaps/Pink2_12.asset using Guid(5d0dd68af10714f4fbffb4706dbe5e21) Importer(815301076,1909f56bfc062723c751e8b465ee728b)  -> (artifact id: '1dc39fc390c66c0f8dcc56451cb0ca21') in 0.011935 seconds 
========================================================================
Received Import Request.
  Time since last request: 0.000024 seconds.
  path: Assets/TıleMaps/Pink2_13.asset
  artifactKey: Guid(42c5d5680ac883c499ddcf3e622df9ae) Importer(815301076,1909f56bfc062723c751e8b465ee728b)
Start importing Assets/TıleMaps/Pink2_13.asset using Guid(42c5d5680ac883c499ddcf3e622df9ae) Importer(815301076,1909f56bfc062723c751e8b465ee728b)  -> (artifact id: 'cd38d04a8dab3377c5903f356683bfb0') in 0.013520 seconds 
========================================================================
Received Import Request.
  Time since last request: 0.000032 seconds.
  path: Assets/TıleMaps/Pink2_18.asset
  artifactKey: Guid(238b6be58cf2396448095a3881538499) Importer(815301076,1909f56bfc062723c751e8b465ee728b)
Start importing Assets/TıleMaps/Pink2_18.asset using Guid(238b6be58cf2396448095a3881538499) Importer(815301076,1909f56bfc062723c751e8b465ee728b)  -> (artifact id: '0bd7d4ed9d17d35be33aaf72d9ff680d') in 0.012292 seconds 
========================================================================
Received Import Request.
  Time since last request: 0.000038 seconds.
  path: Assets/TıleMaps/Pink2_20.asset
  artifactKey: Guid(cb3772a36c1287d4fb42592cf005ad87) Importer(815301076,1909f56bfc062723c751e8b465ee728b)
Start importing Assets/TıleMaps/Pink2_20.asset using Guid(cb3772a36c1287d4fb42592cf005ad87) Importer(815301076,1909f56bfc062723c751e8b465ee728b)  -> (artifact id: 'dd2c4efc7fb76618e597ab6e2d9c9676') in 0.012088 seconds 
========================================================================
Received Import Request.
  Time since last request: 0.000037 seconds.
  path: Assets/TıleMaps/Pink2_21.asset
  artifactKey: Guid(dce15a3a916f3454c9f1ae93d4e435b5) Importer(815301076,1909f56bfc062723c751e8b465ee728b)
Start importing Assets/TıleMaps/Pink2_21.asset using Guid(dce15a3a916f3454c9f1ae93d4e435b5) Importer(815301076,1909f56bfc062723c751e8b465ee728b)  -> (artifact id: '55315d91ea9a231736c5c706b418a06f') in 0.011550 seconds 
========================================================================
Received Import Request.
  Time since last request: 0.000025 seconds.
  path: Assets/TıleMaps/Pink2_24.asset
  artifactKey: Guid(ce60b26fc44f57c448f971bef8689aa3) Importer(815301076,1909f56bfc062723c751e8b465ee728b)
Start importing Assets/TıleMaps/Pink2_24.asset using Guid(ce60b26fc44f57c448f971bef8689aa3) Importer(815301076,1909f56bfc062723c751e8b465ee728b)  -> (artifact id: '42cf5b6673bb96cb88650a29e209c0e2') in 0.012773 seconds 
========================================================================
Received Import Request.
  Time since last request: 0.000027 seconds.
  path: Assets/TıleMaps/Pink2_40.asset
  artifactKey: Guid(f4af49028f8712e42b46a7af2e835c57) Importer(815301076,1909f56bfc062723c751e8b465ee728b)
Start importing Assets/TıleMaps/Pink2_40.asset using Guid(f4af49028f8712e42b46a7af2e835c57) Importer(815301076,1909f56bfc062723c751e8b465ee728b)  -> (artifact id: 'ea9885126e4022189e3a1798e514e282') in 0.011079 seconds 
========================================================================
Received Import Request.
  Time since last request: 0.000027 seconds.
  path: Assets/TıleMaps/Pink2_6.asset
  artifactKey: Guid(d59df737c09b9f543b79cd10dbc53c15) Importer(815301076,1909f56bfc062723c751e8b465ee728b)
Start importing Assets/TıleMaps/Pink2_6.asset using Guid(d59df737c09b9f543b79cd10dbc53c15) Importer(815301076,1909f56bfc062723c751e8b465ee728b)  -> (artifact id: 'f179c85654da3b6ee271072fa765ed7d') in 0.013552 seconds 
========================================================================
Received Import Request.
  Time since last request: 0.000033 seconds.
  path: Assets/TıleMaps/Pink2_32.asset
  artifactKey: Guid(4d434772435bc2e4499a5d550fdf2760) Importer(815301076,1909f56bfc062723c751e8b465ee728b)
Start importing Assets/TıleMaps/Pink2_32.asset using Guid(4d434772435bc2e4499a5d550fdf2760) Importer(815301076,1909f56bfc062723c751e8b465ee728b)  -> (artifact id: '7e5027b96999fc686610f007d992194f') in 0.012231 seconds 
========================================================================
Received Import Request.
  Time since last request: 0.000063 seconds.
  path: Assets/TıleMaps/Pink2_27.asset
  artifactKey: Guid(307564e4b7f5cfa4a92845b9fea0de25) Importer(815301076,1909f56bfc062723c751e8b465ee728b)
Start importing Assets/TıleMaps/Pink2_27.asset using Guid(307564e4b7f5cfa4a92845b9fea0de25) Importer(815301076,1909f56bfc062723c751e8b465ee728b)  -> (artifact id: '0ff2ee0d9bde0029cfde4d4f64d0c896') in 0.013983 seconds 
========================================================================
Received Import Request.
  Time since last request: 0.000029 seconds.
  path: Assets/TıleMaps/Pink2_7.asset
  artifactKey: Guid(f7ca333f65ba61e42ac0da5a482ec3a6) Importer(815301076,1909f56bfc062723c751e8b465ee728b)
Start importing Assets/TıleMaps/Pink2_7.asset using Guid(f7ca333f65ba61e42ac0da5a482ec3a6) Importer(815301076,1909f56bfc062723c751e8b465ee728b)  -> (artifact id: '8f053ad0764eb876a14c6bc018d07e0a') in 0.011281 seconds 
========================================================================
Received Import Request.
  Time since last request: 0.000025 seconds.
  path: Assets/TıleMaps/Pink2_16.asset
  artifactKey: Guid(ec7039b856b4c5545b622c1bf3b72da5) Importer(815301076,1909f56bfc062723c751e8b465ee728b)
Start importing Assets/TıleMaps/Pink2_16.asset using Guid(ec7039b856b4c5545b622c1bf3b72da5) Importer(815301076,1909f56bfc062723c751e8b465ee728b)  -> (artifact id: '954a15ffb281b8272f5f62290821f14a') in 0.011267 seconds 
========================================================================
Received Import Request.
  Time since last request: 263.726964 seconds.
  path: Assets/TıleMaps/Pink2_41.asset
  artifactKey: Guid(d756a533102508d4598c4150fd73c9e0) Importer(815301076,1909f56bfc062723c751e8b465ee728b)
Start importing Assets/TıleMaps/Pink2_41.asset using Guid(d756a533102508d4598c4150fd73c9e0) Importer(815301076,1909f56bfc062723c751e8b465ee728b)  -> (artifact id: '0a2e86ea431c3ba8b40c8608848d43ec') in 0.048645 seconds 
========================================================================
Received Import Request.
  Time since last request: 0.000028 seconds.
  path: Assets/TıleMaps/Pink2_58.asset
  artifactKey: Guid(7f9071d56d19ac642a009d73687f609f) Importer(815301076,1909f56bfc062723c751e8b465ee728b)
Start importing Assets/TıleMaps/Pink2_58.asset using Guid(7f9071d56d19ac642a009d73687f609f) Importer(815301076,1909f56bfc062723c751e8b465ee728b)  -> (artifact id: '752d2f25f7d79f79015fee152f337f3f') in 0.017192 seconds 
========================================================================
Received Import Request.
  Time since last request: 0.000030 seconds.
  path: Assets/TıleMaps/Pink2_48.asset
  artifactKey: Guid(76eb971ca1cd7d34ba34061d7b548723) Importer(815301076,1909f56bfc062723c751e8b465ee728b)
Start importing Assets/TıleMaps/Pink2_48.asset using Guid(76eb971ca1cd7d34ba34061d7b548723) Importer(815301076,1909f56bfc062723c751e8b465ee728b)  -> (artifact id: 'f998c04b6d67e2ce8530a227864d6798') in 0.014372 seconds 
========================================================================
Received Import Request.
  Time since last request: 0.000036 seconds.
  path: Assets/TıleMaps/Pink2_54.asset
  artifactKey: Guid(b1cb7504434d9a44e90580b7ae918551) Importer(815301076,1909f56bfc062723c751e8b465ee728b)
Start importing Assets/TıleMaps/Pink2_54.asset using Guid(b1cb7504434d9a44e90580b7ae918551) Importer(815301076,1909f56bfc062723c751e8b465ee728b)  -> (artifact id: '1c2b2a7d1b862cbfce8d2903e6ee993a') in 0.018071 seconds 
========================================================================
Received Import Request.
  Time since last request: 0.000036 seconds.
  path: Assets/TıleMaps/Pink2_51.asset
  artifactKey: Guid(f9b257ecb617276488517f6dc4ff420e) Importer(815301076,1909f56bfc062723c751e8b465ee728b)
Start importing Assets/TıleMaps/Pink2_51.asset using Guid(f9b257ecb617276488517f6dc4ff420e) Importer(815301076,1909f56bfc062723c751e8b465ee728b)  -> (artifact id: '523bbad2a8455cce266bc0816e9167b9') in 0.207831 seconds 
========================================================================
Received Import Request.
  Time since last request: 0.000038 seconds.
  path: Assets/TıleMaps/Pink2_62.asset
  artifactKey: Guid(3d9a69b7296a63d4291ca0126592d38f) Importer(815301076,1909f56bfc062723c751e8b465ee728b)
Start importing Assets/TıleMaps/Pink2_62.asset using Guid(3d9a69b7296a63d4291ca0126592d38f) Importer(815301076,1909f56bfc062723c751e8b465ee728b)  -> (artifact id: 'c5e6d2cb6fe5e9461650efda1491430d') in 0.091899 seconds 
========================================================================
Received Import Request.
  Time since last request: 0.000034 seconds.
  path: Assets/TıleMaps/PixelManPink_19.asset
  artifactKey: Guid(4c5c20f71b01e1242bd9912c404e79a6) Importer(815301076,1909f56bfc062723c751e8b465ee728b)
Start importing Assets/TıleMaps/PixelManPink_19.asset using Guid(4c5c20f71b01e1242bd9912c404e79a6) Importer(815301076,1909f56bfc062723c751e8b465ee728b)  -> (artifact id: '12a8e525d5a650385a71a8d47076ec4e') in 0.013558 seconds 
========================================================================
Received Import Request.
  Time since last request: 0.000033 seconds.
  path: Assets/TıleMaps/PixelManPink_25.asset
  artifactKey: Guid(18b64d038a51c0c40a8a1e7ec89cf442) Importer(815301076,1909f56bfc062723c751e8b465ee728b)
Start importing Assets/TıleMaps/PixelManPink_25.asset using Guid(18b64d038a51c0c40a8a1e7ec89cf442) Importer(815301076,1909f56bfc062723c751e8b465ee728b)  -> (artifact id: '41470955b1f85b79f28c835a277ed580') in 0.012853 seconds 
========================================================================
Received Import Request.
  Time since last request: 0.000031 seconds.
  path: Assets/TıleMaps/PixelManPink_22.asset
  artifactKey: Guid(ba3a39370cba24042bf7381c8f03cb9c) Importer(815301076,1909f56bfc062723c751e8b465ee728b)
Start importing Assets/TıleMaps/PixelManPink_22.asset using Guid(ba3a39370cba24042bf7381c8f03cb9c) Importer(815301076,1909f56bfc062723c751e8b465ee728b)  -> (artifact id: 'b51f88bcf94bf725aab7eb4e66c360cf') in 0.011850 seconds 
========================================================================
Received Import Request.
  Time since last request: 0.000036 seconds.
  path: Assets/TıleMaps/Pink2_61.asset
  artifactKey: Guid(58011ceb574769640ba1dcc94dd0ad8f) Importer(815301076,1909f56bfc062723c751e8b465ee728b)
Start importing Assets/TıleMaps/Pink2_61.asset using Guid(58011ceb574769640ba1dcc94dd0ad8f) Importer(815301076,1909f56bfc062723c751e8b465ee728b)  -> (artifact id: '69f62bc2b6b4ccdb89eba4769805587a') in 0.017837 seconds 
========================================================================
Received Import Request.
  Time since last request: 0.000030 seconds.
  path: Assets/TıleMaps/PixelManPink_5.asset
  artifactKey: Guid(06ad7c72c37e9c240908739b2d4c5fb7) Importer(815301076,1909f56bfc062723c751e8b465ee728b)
Start importing Assets/TıleMaps/PixelManPink_5.asset using Guid(06ad7c72c37e9c240908739b2d4c5fb7) Importer(815301076,1909f56bfc062723c751e8b465ee728b)  -> (artifact id: 'eaae7aa17afe92c5223d2e877f6d1480') in 0.014178 seconds 
========================================================================
Received Import Request.
  Time since last request: 0.000036 seconds.
  path: Assets/TıleMaps/Pink2_43.asset
  artifactKey: Guid(0eaf2815e8e9b1340bd37b396e5de424) Importer(815301076,1909f56bfc062723c751e8b465ee728b)
Start importing Assets/TıleMaps/Pink2_43.asset using Guid(0eaf2815e8e9b1340bd37b396e5de424) Importer(815301076,1909f56bfc062723c751e8b465ee728b)  -> (artifact id: '5815af4efa7af92d824030b4cfe3457a') in 0.125323 seconds 
========================================================================
Received Import Request.
  Time since last request: 0.000039 seconds.
  path: Assets/TıleMaps/PixelManPink_11.asset
  artifactKey: Guid(6c11637f8a05acb4a9cea663225a6568) Importer(815301076,1909f56bfc062723c751e8b465ee728b)
Start importing Assets/TıleMaps/PixelManPink_11.asset using Guid(6c11637f8a05acb4a9cea663225a6568) Importer(815301076,1909f56bfc062723c751e8b465ee728b)  -> (artifact id: '91d24d62023058ae3765ae605dcf0414') in 0.013111 seconds 
========================================================================
Received Import Request.
  Time since last request: 0.000066 seconds.
  path: Assets/TıleMaps/PixelManPink_24.asset
  artifactKey: Guid(e4d82b8a747ef0b43b6ab779d03ccae8) Importer(815301076,1909f56bfc062723c751e8b465ee728b)
Start importing Assets/TıleMaps/PixelManPink_24.asset using Guid(e4d82b8a747ef0b43b6ab779d03ccae8) Importer(815301076,1909f56bfc062723c751e8b465ee728b)  -> (artifact id: 'bb86cc32ce1676a3044e83c615fcc2e8') in 0.013297 seconds 
========================================================================
Received Import Request.
  Time since last request: 0.000031 seconds.
  path: Assets/TıleMaps/PixelManPink_10.asset
  artifactKey: Guid(c622fe4ddd7e91a4193ca179e54370a1) Importer(815301076,1909f56bfc062723c751e8b465ee728b)
Start importing Assets/TıleMaps/PixelManPink_10.asset using Guid(c622fe4ddd7e91a4193ca179e54370a1) Importer(815301076,1909f56bfc062723c751e8b465ee728b)  -> (artifact id: '00ba5b12d37a52fda4514974375e8b7e') in 0.012160 seconds 
========================================================================
Received Import Request.
  Time since last request: 0.000160 seconds.
  path: Assets/TıleMaps/PixelManPink_18.asset
  artifactKey: Guid(ac518f87d91ae564ebbaed670dfc60b5) Importer(815301076,1909f56bfc062723c751e8b465ee728b)
Start importing Assets/TıleMaps/PixelManPink_18.asset using Guid(ac518f87d91ae564ebbaed670dfc60b5) Importer(815301076,1909f56bfc062723c751e8b465ee728b)  -> (artifact id: '76d35712ad5343f2965cf2fa06ffa07f') in 0.011517 seconds 
========================================================================
Received Import Request.
  Time since last request: 0.000037 seconds.
  path: Assets/TıleMaps/Pink2_45.asset
  artifactKey: Guid(ea25e4ff17167fa48a5906cf5cafa632) Importer(815301076,1909f56bfc062723c751e8b465ee728b)
Start importing Assets/TıleMaps/Pink2_45.asset using Guid(ea25e4ff17167fa48a5906cf5cafa632) Importer(815301076,1909f56bfc062723c751e8b465ee728b)  -> (artifact id: 'ee9783cdbd9339fa73164575019af24a') in 0.014845 seconds 
========================================================================
Received Import Request.
  Time since last request: 0.000026 seconds.
  path: Assets/TıleMaps/PixelManPink_0.asset
  artifactKey: Guid(2782ace137e8ae6459aa1030477c7dcf) Importer(815301076,1909f56bfc062723c751e8b465ee728b)
Start importing Assets/TıleMaps/PixelManPink_0.asset using Guid(2782ace137e8ae6459aa1030477c7dcf) Importer(815301076,1909f56bfc062723c751e8b465ee728b)  -> (artifact id: 'a41f27f5edcb103c3673b16cd01df83d') in 0.014651 seconds 
========================================================================
Received Import Request.
  Time since last request: 0.000034 seconds.
  path: Assets/TıleMaps/Pink2_50.asset
  artifactKey: Guid(2b5df3d3d2e10f64c88d5aa77b1e1451) Importer(815301076,1909f56bfc062723c751e8b465ee728b)
Start importing Assets/TıleMaps/Pink2_50.asset using Guid(2b5df3d3d2e10f64c88d5aa77b1e1451) Importer(815301076,1909f56bfc062723c751e8b465ee728b)  -> (artifact id: '2d8f4dbc21a62ee0782157aa9b01ff90') in 0.018727 seconds 
========================================================================
Received Import Request.
  Time since last request: 0.000033 seconds.
  path: Assets/TıleMaps/Pink2_47.asset
  artifactKey: Guid(5fa15fe7defb0384cbe24f2426849176) Importer(815301076,1909f56bfc062723c751e8b465ee728b)
Start importing Assets/TıleMaps/Pink2_47.asset using Guid(5fa15fe7defb0384cbe24f2426849176) Importer(815301076,1909f56bfc062723c751e8b465ee728b)  -> (artifact id: '435b0b1fd17903a5d3932fbe4d52cdee') in 0.019561 seconds 
========================================================================
Received Import Request.
  Time since last request: 0.000037 seconds.
  path: Assets/TıleMaps/Pink2_46.asset
  artifactKey: Guid(7d3380085eadf8446a25fa3a3e2bf713) Importer(815301076,1909f56bfc062723c751e8b465ee728b)
Start importing Assets/TıleMaps/Pink2_46.asset using Guid(7d3380085eadf8446a25fa3a3e2bf713) Importer(815301076,1909f56bfc062723c751e8b465ee728b)  -> (artifact id: '93c0badcec38f0b2620ab85efd4e8f03') in 0.642815 seconds 
========================================================================
Received Import Request.
  Time since last request: 5.898972 seconds.
  path: Assets/Pixelmen/PixelManPlatforms_40.asset
  artifactKey: Guid(789bcbb38602fa14e8ea8718a6214bec) Importer(815301076,1909f56bfc062723c751e8b465ee728b)
Start importing Assets/Pixelmen/PixelManPlatforms_40.asset using Guid(789bcbb38602fa14e8ea8718a6214bec) Importer(815301076,1909f56bfc062723c751e8b465ee728b)  -> (artifact id: 'f4ef7500c5699d454e66ef4a19ac2ba1') in 0.017121 seconds 
========================================================================
Received Import Request.
  Time since last request: 0.000028 seconds.
  path: Assets/Pixelmen/Sky.png
  artifactKey: Guid(bc6707abef5f5a04c9e4ad3f898e25bd) Importer(815301076,1909f56bfc062723c751e8b465ee728b)
Start importing Assets/Pixelmen/Sky.png using Guid(bc6707abef5f5a04c9e4ad3f898e25bd) Importer(815301076,1909f56bfc062723c751e8b465ee728b)  -> (artifact id: '541569f5f1063773f52cc6825c04d146') in 0.065163 seconds 
========================================================================
Received Import Request.
  Time since last request: 0.000038 seconds.
  path: Assets/Pixelmen/PixelManPlatforms_57.asset
  artifactKey: Guid(90cf3fea219be454aa045c37b3486a59) Importer(815301076,1909f56bfc062723c751e8b465ee728b)
Start importing Assets/Pixelmen/PixelManPlatforms_57.asset using Guid(90cf3fea219be454aa045c37b3486a59) Importer(815301076,1909f56bfc062723c751e8b465ee728b)  -> (artifact id: 'bcb69016bc22a2466e6420ad3f7819f1') in 0.019441 seconds 
========================================================================
Received Import Request.
  Time since last request: 0.000034 seconds.
  path: Assets/Pixelmen/PixelManPlatforms_44.asset
  artifactKey: Guid(faf27e9bc9c4d7241a826c453ad63633) Importer(815301076,1909f56bfc062723c751e8b465ee728b)
Start importing Assets/Pixelmen/PixelManPlatforms_44.asset using Guid(faf27e9bc9c4d7241a826c453ad63633) Importer(815301076,1909f56bfc062723c751e8b465ee728b)  -> (artifact id: 'fcfd7942680317d12c9b9165da5b393b') in 0.016195 seconds 
========================================================================
Received Import Request.
  Time since last request: 0.000035 seconds.
  path: Assets/Pixelmen/PixelManPlatforms_58.asset
  artifactKey: Guid(e2e04de241f43e7448456bfb5d899f0a) Importer(815301076,1909f56bfc062723c751e8b465ee728b)
Start importing Assets/Pixelmen/PixelManPlatforms_58.asset using Guid(e2e04de241f43e7448456bfb5d899f0a) Importer(815301076,1909f56bfc062723c751e8b465ee728b)  -> (artifact id: 'f5aaa9275a7678e6d0ce44390c22ed4a') in 0.023015 seconds 
========================================================================
Received Import Request.
  Time since last request: 0.000039 seconds.
  path: Assets/Pixelmen/PixelManPlatforms_53.asset
  artifactKey: Guid(fbf9c1b28b1ad28479d84decbdb1f7ce) Importer(815301076,1909f56bfc062723c751e8b465ee728b)
Start importing Assets/Pixelmen/PixelManPlatforms_53.asset using Guid(fbf9c1b28b1ad28479d84decbdb1f7ce) Importer(815301076,1909f56bfc062723c751e8b465ee728b)  -> (artifact id: 'a8d0b0902a657dc59bfba4a86cbac57f') in 0.015375 seconds 
========================================================================
Received Import Request.
  Time since last request: 0.000033 seconds.
  path: Assets/Pixelmen/PixelManPlatforms_46.asset
  artifactKey: Guid(895ca8d4ec3b5d14f8991bb3fd2dbbf2) Importer(815301076,1909f56bfc062723c751e8b465ee728b)
Start importing Assets/Pixelmen/PixelManPlatforms_46.asset using Guid(895ca8d4ec3b5d14f8991bb3fd2dbbf2) Importer(815301076,1909f56bfc062723c751e8b465ee728b)  -> (artifact id: 'de0818b4a9c6a1be080c32aa6f893e43') in 0.015565 seconds 
========================================================================
Received Import Request.
  Time since last request: 0.000031 seconds.
  path: Assets/Pixelmen/PixelManPlatforms_56.asset
  artifactKey: Guid(d9c07aa17bfae6147be9db5b81a9ccf2) Importer(815301076,1909f56bfc062723c751e8b465ee728b)
Start importing Assets/Pixelmen/PixelManPlatforms_56.asset using Guid(d9c07aa17bfae6147be9db5b81a9ccf2) Importer(815301076,1909f56bfc062723c751e8b465ee728b)  -> (artifact id: 'ebb91e2dc4d27f199d29c787968612a1') in 0.018099 seconds 
========================================================================
Received Import Request.
  Time since last request: 0.000030 seconds.
  path: Assets/Pixelmen/PixelManPlatforms_50.asset
  artifactKey: Guid(d4d8be908881f5549a0d3bcec9f86875) Importer(815301076,1909f56bfc062723c751e8b465ee728b)
Start importing Assets/Pixelmen/PixelManPlatforms_50.asset using Guid(d4d8be908881f5549a0d3bcec9f86875) Importer(815301076,1909f56bfc062723c751e8b465ee728b)  -> (artifact id: 'eedbdef6f829da46c44662e561434b28') in 0.017364 seconds 
========================================================================
Received Import Request.
  Time since last request: 0.000030 seconds.
  path: Assets/Pixelmen/PixelManPlatforms_60.asset
  artifactKey: Guid(2183c753e0727ed429749f8f087b0778) Importer(815301076,1909f56bfc062723c751e8b465ee728b)
Start importing Assets/Pixelmen/PixelManPlatforms_60.asset using Guid(2183c753e0727ed429749f8f087b0778) Importer(815301076,1909f56bfc062723c751e8b465ee728b)  -> (artifact id: '44b99d48e9a039c456ac1c44a7c92547') in 0.014098 seconds 
========================================================================
Received Import Request.
  Time since last request: 0.000052 seconds.
  path: Assets/Pixelmen/PixelManPlatforms_51.asset
  artifactKey: Guid(8e3e7ee4d00db1048a3e6942a6f19010) Importer(815301076,1909f56bfc062723c751e8b465ee728b)
Start importing Assets/Pixelmen/PixelManPlatforms_51.asset using Guid(8e3e7ee4d00db1048a3e6942a6f19010) Importer(815301076,1909f56bfc062723c751e8b465ee728b)  -> (artifact id: '2f10764513febd69c7ad8de7b61c3137') in 0.014856 seconds 
========================================================================
Received Import Request.
  Time since last request: 1.532337 seconds.
  path: Assets/Pixelmen/PixelManPlatforms_30.asset
  artifactKey: Guid(26a9afd6f80fc2640a750bc0d70fefa7) Importer(815301076,1909f56bfc062723c751e8b465ee728b)
Start importing Assets/Pixelmen/PixelManPlatforms_30.asset using Guid(26a9afd6f80fc2640a750bc0d70fefa7) Importer(815301076,1909f56bfc062723c751e8b465ee728b)  -> (artifact id: 'fcf6efde6680d42d2efaba53b00c74f1') in 0.335878 seconds 
========================================================================
Received Import Request.
  Time since last request: 0.000029 seconds.
  path: Assets/Pixelmen/PixelManPlatforms_19.asset
  artifactKey: Guid(c7dd5be53e0eb704aa60b0b0f13f3fed) Importer(815301076,1909f56bfc062723c751e8b465ee728b)
Start importing Assets/Pixelmen/PixelManPlatforms_19.asset using Guid(c7dd5be53e0eb704aa60b0b0f13f3fed) Importer(815301076,1909f56bfc062723c751e8b465ee728b)  -> (artifact id: '9252ed7dce209a50bd2ebcaf243497b8') in 0.016051 seconds 
========================================================================
Received Import Request.
  Time since last request: 0.000032 seconds.
  path: Assets/Pixelmen/PixelManPlatforms_15.asset
  artifactKey: Guid(6935dfc58735c8b4cac81ea6ef2991fa) Importer(815301076,1909f56bfc062723c751e8b465ee728b)
Start importing Assets/Pixelmen/PixelManPlatforms_15.asset using Guid(6935dfc58735c8b4cac81ea6ef2991fa) Importer(815301076,1909f56bfc062723c751e8b465ee728b)  -> (artifact id: '9a7f577054ee152ed221262ba82730dc') in 0.013855 seconds 
========================================================================
Received Import Request.
  Time since last request: 0.000033 seconds.
  path: Assets/Pixelmen/PixelManPlatforms_20.asset
  artifactKey: Guid(a1b0b22332c04b24cae2a03c89dc2da4) Importer(815301076,1909f56bfc062723c751e8b465ee728b)
Start importing Assets/Pixelmen/PixelManPlatforms_20.asset using Guid(a1b0b22332c04b24cae2a03c89dc2da4) Importer(815301076,1909f56bfc062723c751e8b465ee728b)  -> (artifact id: '668f0c428c954ddca95c455056ad2486') in 0.014359 seconds 
========================================================================
Received Import Request.
  Time since last request: 0.000032 seconds.
  path: Assets/Pixelmen/PixelManPlatforms_17.asset
  artifactKey: Guid(5c52577bbdb14ed4bb71c33bbcdf2518) Importer(815301076,1909f56bfc062723c751e8b465ee728b)
Start importing Assets/Pixelmen/PixelManPlatforms_17.asset using Guid(5c52577bbdb14ed4bb71c33bbcdf2518) Importer(815301076,1909f56bfc062723c751e8b465ee728b)  -> (artifact id: 'a726e87469c5c497dcd95064da8683c9') in 0.013302 seconds 
========================================================================
Received Import Request.
  Time since last request: 0.000028 seconds.
  path: Assets/Pixelmen/PixelManPlatforms_18.asset
  artifactKey: Guid(193fb6b44eb176b45a9248285f166649) Importer(815301076,1909f56bfc062723c751e8b465ee728b)
Start importing Assets/Pixelmen/PixelManPlatforms_18.asset using Guid(193fb6b44eb176b45a9248285f166649) Importer(815301076,1909f56bfc062723c751e8b465ee728b)  -> (artifact id: 'c678b381d6585ec03b22a6d4bb03d257') in 0.012016 seconds 
========================================================================
Received Import Request.
  Time since last request: 0.000031 seconds.
  path: Assets/Pixelmen/PixelManPlatforms_37.asset
  artifactKey: Guid(b2192d3a2489b574cb7e58a18b9ca6d5) Importer(815301076,1909f56bfc062723c751e8b465ee728b)
Start importing Assets/Pixelmen/PixelManPlatforms_37.asset using Guid(b2192d3a2489b574cb7e58a18b9ca6d5) Importer(815301076,1909f56bfc062723c751e8b465ee728b)  -> (artifact id: '0f09dfe8d0287c6064dfb1491ec374bb') in 0.011486 seconds 
========================================================================
Received Import Request.
  Time since last request: 0.000037 seconds.
  path: Assets/Pixelmen/PixelManPlatforms_21.asset
  artifactKey: Guid(fc3a2e0394fb478419f74865d0aef0da) Importer(815301076,1909f56bfc062723c751e8b465ee728b)
Start importing Assets/Pixelmen/PixelManPlatforms_21.asset using Guid(fc3a2e0394fb478419f74865d0aef0da) Importer(815301076,1909f56bfc062723c751e8b465ee728b)  -> (artifact id: 'f0cdbfc9078a964f1b26eb51f03ed716') in 0.011500 seconds 
========================================================================
Received Import Request.
  Time since last request: 0.000038 seconds.
  path: Assets/Pixelmen/PixelManPlatforms_22.asset
  artifactKey: Guid(ca5967682ee7b5c4182751713e9dde1f) Importer(815301076,1909f56bfc062723c751e8b465ee728b)
Start importing Assets/Pixelmen/PixelManPlatforms_22.asset using Guid(ca5967682ee7b5c4182751713e9dde1f) Importer(815301076,1909f56bfc062723c751e8b465ee728b)  -> (artifact id: '617c6010c2213ce7bcbc3325b1abb20f') in 0.014101 seconds 
========================================================================
Received Import Request.
  Time since last request: 0.000030 seconds.
  path: Assets/Pixelmen/PixelManPlatforms_32.asset
  artifactKey: Guid(2cba8e1fb7023464c90ed6f1b864e0e8) Importer(815301076,1909f56bfc062723c751e8b465ee728b)
Start importing Assets/Pixelmen/PixelManPlatforms_32.asset using Guid(2cba8e1fb7023464c90ed6f1b864e0e8) Importer(815301076,1909f56bfc062723c751e8b465ee728b)  -> (artifact id: 'e54b50b8fc03ee418a4edfb07d6d3774') in 0.014722 seconds 
========================================================================
Received Import Request.
  Time since last request: 0.000029 seconds.
  path: Assets/Pixelmen/PixelManPlatforms_14.asset
  artifactKey: Guid(28ef3997e9885234dac28c6a470ea606) Importer(815301076,1909f56bfc062723c751e8b465ee728b)
Start importing Assets/Pixelmen/PixelManPlatforms_14.asset using Guid(28ef3997e9885234dac28c6a470ea606) Importer(815301076,1909f56bfc062723c751e8b465ee728b)  -> (artifact id: '4e4cee1145427d0c73d26a9726328586') in 0.013501 seconds 
========================================================================
Received Import Request.
  Time since last request: 0.000031 seconds.
  path: Assets/Pixelmen/PixelManPlatforms_26.asset
  artifactKey: Guid(f3db5a8124213194b92132a0ea66e17a) Importer(815301076,1909f56bfc062723c751e8b465ee728b)
Start importing Assets/Pixelmen/PixelManPlatforms_26.asset using Guid(f3db5a8124213194b92132a0ea66e17a) Importer(815301076,1909f56bfc062723c751e8b465ee728b)  -> (artifact id: 'ced8a8e7f4298d0b99f47e2c5259c2cf') in 0.016347 seconds 
========================================================================
Received Import Request.
  Time since last request: 0.000040 seconds.
  path: Assets/Pixelmen/PixelManPlatforms_38.asset
  artifactKey: Guid(0a3bc5e31e423cc45a3f5ccc88d1b3ef) Importer(815301076,1909f56bfc062723c751e8b465ee728b)
Start importing Assets/Pixelmen/PixelManPlatforms_38.asset using Guid(0a3bc5e31e423cc45a3f5ccc88d1b3ef) Importer(815301076,1909f56bfc062723c751e8b465ee728b)  -> (artifact id: '4a8ee79f743057a2376ae3daa93607c5') in 0.013522 seconds 
========================================================================
Received Import Request.
  Time since last request: 0.000041 seconds.
  path: Assets/Pixelmen/PixelManPlatforms_12.asset
  artifactKey: Guid(4d1b96f984b152a4684dbc2a87c7c3a1) Importer(815301076,1909f56bfc062723c751e8b465ee728b)
Start importing Assets/Pixelmen/PixelManPlatforms_12.asset using Guid(4d1b96f984b152a4684dbc2a87c7c3a1) Importer(815301076,1909f56bfc062723c751e8b465ee728b)  -> (artifact id: '6af86ea03df5ff271d7dcdd95586ced5') in 0.013706 seconds 
========================================================================
Received Import Request.
  Time since last request: 0.000046 seconds.
  path: Assets/Pixelmen/PixelManPlatforms_35.asset
  artifactKey: Guid(32b4f7790613ce145b0b0653ae1b7654) Importer(815301076,1909f56bfc062723c751e8b465ee728b)
Start importing Assets/Pixelmen/PixelManPlatforms_35.asset using Guid(32b4f7790613ce145b0b0653ae1b7654) Importer(815301076,1909f56bfc062723c751e8b465ee728b)  -> (artifact id: '80f360bfb387d46e15f03a8243b67f25') in 0.013688 seconds 
========================================================================
Received Import Request.
  Time since last request: 0.390294 seconds.
  path: Assets/Pixelmen/PixelManPlatforms_0.asset
  artifactKey: Guid(cb71392668177254b9938a0b6e92bd5c) Importer(815301076,1909f56bfc062723c751e8b465ee728b)
Start importing Assets/Pixelmen/PixelManPlatforms_0.asset using Guid(cb71392668177254b9938a0b6e92bd5c) Importer(815301076,1909f56bfc062723c751e8b465ee728b)  -> (artifact id: 'c33364dbf80a8e7b49ea024776748c45') in 0.015865 seconds 
========================================================================
Received Import Request.
  Time since last request: 0.000025 seconds.
  path: Assets/Pixelmen/PixelManPlatforms_7.asset
  artifactKey: Guid(4f13805907c9a394681c454bd17dce84) Importer(815301076,1909f56bfc062723c751e8b465ee728b)
Start importing Assets/Pixelmen/PixelManPlatforms_7.asset using Guid(4f13805907c9a394681c454bd17dce84) Importer(815301076,1909f56bfc062723c751e8b465ee728b)  -> (artifact id: '74a1731c9b72c202ef11e10f2f704079') in 0.016498 seconds 
========================================================================
Received Import Request.
  Time since last request: 0.000030 seconds.
  path: Assets/Pixelmen/PixelManPlatforms_6.asset
  artifactKey: Guid(e5a475dbfc6435549be9dec83f577279) Importer(815301076,1909f56bfc062723c751e8b465ee728b)
Start importing Assets/Pixelmen/PixelManPlatforms_6.asset using Guid(e5a475dbfc6435549be9dec83f577279) Importer(815301076,1909f56bfc062723c751e8b465ee728b)  -> (artifact id: 'af3e9cf4e81a971ccfea6b1f9dc9ae16') in 0.016407 seconds 
========================================================================
Received Import Request.
  Time since last request: 0.000028 seconds.
  path: Assets/Pixelmen/PixelManPlatforms_5.asset
  artifactKey: Guid(4a25778177227c24db45b1cca1a3a144) Importer(815301076,1909f56bfc062723c751e8b465ee728b)
Start importing Assets/Pixelmen/PixelManPlatforms_5.asset using Guid(4a25778177227c24db45b1cca1a3a144) Importer(815301076,1909f56bfc062723c751e8b465ee728b)  -> (artifact id: '5e314d478e0ebcf960b5e71eb2c2c66a') in 0.015301 seconds 
========================================================================
Received Import Request.
  Time since last request: 0.000026 seconds.
  path: Assets/Pixelmen/PixelManObj.png
  artifactKey: Guid(cc51341741d55b04aa845bb36ebf34b7) Importer(815301076,1909f56bfc062723c751e8b465ee728b)
Start importing Assets/Pixelmen/PixelManObj.png using Guid(cc51341741d55b04aa845bb36ebf34b7) Importer(815301076,1909f56bfc062723c751e8b465ee728b)  -> (artifact id: '0f285419619a1a6060f8d901fbd1a3a6') in 0.212707 seconds 
========================================================================
Received Import Request.
  Time since last request: 0.000024 seconds.
  path: Assets/Pixelmen/Pink2.png
  artifactKey: Guid(d19b084bf492f964296259c029db6990) Importer(815301076,1909f56bfc062723c751e8b465ee728b)
Start importing Assets/Pixelmen/Pink2.png using Guid(d19b084bf492f964296259c029db6990) Importer(815301076,1909f56bfc062723c751e8b465ee728b)  -> (artifact id: 'ac1e49ea0dc8b01fe792b3d3a5403aba') in 0.182807 seconds 
========================================================================
Received Import Request.
  Time since last request: 0.000041 seconds.
  path: Assets/Pixelmen/PixelManPlatforms_4.asset
  artifactKey: Guid(7595ac5a3303db743b8b47a4024da8cc) Importer(815301076,1909f56bfc062723c751e8b465ee728b)
Start importing Assets/Pixelmen/PixelManPlatforms_4.asset using Guid(7595ac5a3303db743b8b47a4024da8cc) Importer(815301076,1909f56bfc062723c751e8b465ee728b)  -> (artifact id: '98b26c8e64ec531a0ba0321a82800f9f') in 0.018758 seconds 
Editor requested this worker to shutdown with reason: Scaling down because of idle timeout
AssetImportWorker is now disconnected from the server
Process exiting
Exiting without the bug reporter. Application will terminate with return code 0